aaaaa.com: yes
aaaab.com: yes
aaaac.com: yes
aaaad.com: yes
aaaae.com: yes
aaaaf.com: yes
aaaag.com: yes
aaaah.com: yes
aaaai.com: yes
aaaaj.com: yes
aaaak.com: yes
aaaal.com: yes
aaaam.com: yes
aaaan.com: yes
aaaao.com: yes
aaaap.com: yes
aaaaq.com: yes
aaaar.com: yes
aaaas.com: yes
aaaat.com: yes
aaaau.com: yes
aaaav.com: yes
aaaaw.com: yes
aaaax.com: yes
aaaay.com: yes
aaaaz.com: yes
aaaba.com: yes
aaabb.com: yes
aaabc.com: yes
aaabd.com: yes
aaabe.com: yes
aaabf.com: yes
aaabg.com: yes
aaabh.com: yes
aaabi.com: yes
aaabj.com: yes
aaabk.com: yes
aaabl.com: yes
aaabm.com: yes
aaabn.com: yes
aaabo.com: yes
aaabp.com: yes
aaabq.com: yes
aaabr.com: yes
aaabs.com: yes
aaabt.com: yes
aaabu.com: yes
aaabv.com: yes
aaabw.com: yes
aaabx.com: yes
aaaby.com: yes
aaabz.com: yes
aaaca.com: yes
aaacb.com: yes
aaacc.com: yes
aaacd.com: yes
aaace.com: yes
aaacf.com: yes
aaacg.com: yes
aaach.com: yes
aaaci.com: yes
aaacj.com: yes
aaack.com: yes
aaacl.com: yes
aaacm.com: yes
aaacn.com: yes
aaaco.com: yes
aaacp.com: yes
aaacq.com: yes
aaacr.com: yes
aaacs.com: yes
aaact.com: yes
aaacu.com: yes
aaacv.com: yes
aaacw.com: yes
aaacx.com: yes
aaacy.com: yes
aaacz.com: yes
aaada.com: yes
aaadb.com: yes
aaadc.com: yes
aaadd.com: yes
aaade.com: yes
aaadf.com: yes
aaadg.com: yes
aaadh.com: yes
aaadi.com: yes
aaadj.com: yes
aaadk.com: yes
aaadl.com: yes
aaadm.com: yes
aaadn.com: yes
aaado.com: yes
aaadp.com: yes
aaadq.com: yes
aaadr.com: yes
aaads.com: yes
aaadt.com: yes
aaadu.com: yes
aaadv.com: yes
aaadw.com: yes
aaadx.com: yes
aaady.com: yes
aaadz.com: yes
aaaea.com: yes
aaaeb.com: yes
aaaec.com: yes
aaaed.com: yes
aaaee.com: yes
aaaef.com: yes
aaaeg.com: yes
aaaeh.com: yes
aaaei.com: yes
aaaej.com: yes
aaaek.com: yes
aaael.com: yes
aaaem.com: yes
aaaen.com: yes
aaaeo.com: yes
aaaep.com: yes
aaaeq.com: yes
aaaer.com: yes
aaaes.com: yes
aaaet.com: yes
aaaeu.com: yes
aaaev.com: yes
aaaew.com: yes
aaaex.com: yes
aaaey.com: yes
aaaez.com: yes
aaafa.com: yes
aaafb.com: yes
aaafc.com: yes
aaafd.com: yes
aaafe.com: yes
aaaff.com: yes
aaafg.com: yes
aaafh.com: yes
aaafi.com: yes
aaafj.com: yes
aaafk.com: yes
aaafl.com: yes
aaafm.com: yes
aaafn.com: yes
aaafo.com: yes
aaafp.com: yes
aaafq.com: yes
aaafr.com: yes
aaafs.com: yes
aaaft.com: yes
aaafu.com: yes
aaafv.com: yes
aaafw.com: yes
aaafx.com: yes
aaafy.com: yes
aaafz.com: yes
aaaga.com: yes
aaagb.com: yes
aaagc.com: yes
aaagd.com: yes
aaage.com: yes
aaagf.com: yes
aaagg.com: yes
aaagh.com: yes
aaagi.com: yes
aaagj.com: yes
aaagk.com: yes
aaagl.com: yes
aaagm.com: yes
aaagn.com: yes
aaago.com: yes
aaagp.com: yes
aaagq.com: yes
aaagr.com: yes
aaags.com: yes
aaagt.com: yes
aaagu.com: yes
aaagv.com: yes
aaagw.com: yes
aaagx.com: yes
aaagy.com: yes
aaagz.com: yes
aaaha.com: yes
aaahb.com: 
aaahc.com: 
aaahd.com: 
aaahe.com: 
aaahf.com: 
aaahg.com: yes
aaahh.com: yes
aaahi.com: yes
aaahj.com: yes
aaahk.com: yes
aaahl.com: yes
aaahm.com: yes
aaahn.com: yes
aaaho.com: yes
aaahp.com: yes
aaahq.com: yes
aaahr.com: yes
aaahs.com: yes
aaaht.com: yes
aaahu.com: yes
aaahv.com: yes
aaahw.com: yes
aaahx.com: yes
aaahy.com: yes
aaahz.com: yes
aaaia.com: yes
aaaib.com: yes
aaaic.com: yes
aaaid.com: yes
aaaie.com: yes
aaaif.com: yes
aaaig.com: yes
aaaih.com: yes
aaaii.com: yes
aaaij.com: yes
aaaik.com: yes
aaail.com: yes
aaaim.com: yes
aaain.com: yes
aaaio.com: yes
aaaip.com: yes
aaaiq.com: yes
aaair.com: yes
aaais.com: yes
aaait.com: yes
aaaiu.com: yes
aaaiv.com: yes
aaaiw.com: yes
aaaix.com: yes
aaaiy.com: yes
aaaiz.com: yes
aaaja.com: yes
aaajb.com: yes
aaajc.com: yes
aaajd.com: yes
aaaje.com: yes
aaajf.com: yes
aaajg.com: yes
aaajh.com: yes
aaaji.com: yes
aaajj.com: yes
aaajk.com: yes
aaajl.com: yes
aaajm.com: yes
aaajn.com: yes
aaajo.com: yes
aaajp.com: yes
aaajq.com: yes
aaajr.com: yes
aaajs.com: yes
aaajt.com: yes
aaaju.com: yes
aaajv.com: yes
aaajw.com: yes
aaajx.com: yes
aaajy.com: yes
aaajz.com: yes
aaaka.com: yes
aaakb.com: yes
aaakc.com: yes
aaakd.com: yes
aaake.com: yes
aaakf.com: yes
aaakg.com: yes
aaakh.com: yes
aaaki.com: yes
aaakj.com: yes
aaakk.com: yes
aaakl.com: yes
aaakm.com: yes
aaakn.com: yes
aaako.com: yes
aaakp.com: yes
aaakq.com: yes
aaakr.com: yes
aaaks.com: yes
aaakt.com: yes
aaaku.com: yes
aaakv.com: yes
aaakw.com: yes
aaakx.com: yes
aaaky.com: yes
aaakz.com: yes
aaala.com: yes
aaalb.com: yes
aaalc.com: yes
aaald.com: yes
aaale.com: yes
aaalf.com: yes
aaalg.com: yes
aaalh.com: yes
aaali.com: yes
aaalj.com: yes
aaalk.com: yes
aaall.com: yes
aaalm.com: yes
aaaln.com: yes
aaalo.com: yes
aaalp.com: yes
aaalq.com: yes
aaalr.com: yes
aaals.com: yes
aaalt.com: yes
aaalu.com: yes
aaalv.com: yes
aaalw.com: yes
aaalx.com: yes
aaaly.com: yes
aaalz.com: yes
aaama.com: yes
aaamb.com: yes
aaamc.com: yes
aaamd.com: yes
aaame.com: yes
aaamf.com: yes
aaamg.com: yes
aaamh.com: yes
aaami.com: yes
aaamj.com: yes
aaamk.com: yes
aaaml.com: yes
aaamm.com: yes
aaamn.com: yes
aaamo.com: yes
aaamp.com: yes
aaamq.com: yes
aaamr.com: yes
aaams.com: yes
aaamt.com: yes
aaamu.com: yes
aaamv.com: yes
aaamw.com: yes
aaamx.com: yes
aaamy.com: yes
aaamz.com: yes
aaana.com: yes
aaanb.com: yes
aaanc.com: yes
aaand.com: yes
aaane.com: yes
aaanf.com: yes
aaang.com: yes
aaanh.com: yes
aaani.com: yes
aaanj.com: yes
aaank.com: yes
aaanl.com: yes
aaanm.com: yes
aaann.com: yes
aaano.com: yes
aaanp.com: yes
aaanq.com: yes
aaanr.com: yes
aaans.com: yes
aaant.com: yes
aaanu.com: yes
aaanv.com: yes
aaanw.com: yes
aaanx.com: yes
aaany.com: yes
aaanz.com: yes
aaaoa.com: yes
aaaob.com: yes
aaaoc.com: yes
aaaod.com: yes
aaaoe.com: yes
aaaof.com: yes
aaaog.com: yes
aaaoh.com: yes
aaaoi.com: yes
aaaoj.com: yes
aaaok.com: yes
aaaol.com: yes
aaaom.com: yes
aaaon.com: yes
aaaoo.com: yes
aaaop.com: yes
aaaoq.com: no ====== use register	price : 
aaaor.com: yes
aaaos.com: yes
aaaot.com: yes
aaaou.com: yes
aaaov.com: yes
aaaow.com: yes
aaaox.com: yes
aaaoy.com: yes
aaaoz.com: yes
aaapa.com: yes
aaapb.com: yes
aaapc.com: yes
aaapd.com: yes
aaape.com: yes
aaapf.com: yes
aaapg.com: yes
aaaph.com: yes
aaapi.com: yes
aaapj.com: yes
aaapk.com: yes
aaapl.com: yes
aaapm.com: yes
aaapn.com: yes
aaapo.com: yes
aaapp.com: yes
aaapq.com: yes
aaapr.com: yes
aaaps.com: yes
aaapt.com: yes
aaapu.com: yes
aaapv.com: yes
aaapw.com: yes
aaapx.com: yes
aaapy.com: yes
aaapz.com: yes
aaaqa.com: yes
aaaqb.com: yes
aaaqc.com: yes
aaaqd.com: yes
aaaqe.com: yes
aaaqf.com: yes
aaaqg.com: yes
aaaqh.com: yes
aaaqi.com: yes
aaaqj.com: yes
aaaqk.com: yes
aaaql.com: yes
aaaqm.com: yes
aaaqn.com: yes
aaaqo.com: yes
aaaqp.com: yes
aaaqq.com: yes
aaaqr.com: yes
aaaqs.com: yes
aaaqt.com: yes
aaaqu.com: yes
aaaqv.com: no ====== use register	price : 
aaaqw.com: yes
aaaqx.com: yes
aaaqy.com: yes
aaaqz.com: yes
aaara.com: yes
aaarb.com: yes
aaarc.com: yes
aaard.com: yes
aaare.com: yes
aaarf.com: yes
aaarg.com: yes
aaarh.com: no ====== use register	price : 
aaari.com: yes
aaarj.com: yes
aaark.com: yes
aaarl.com: yes
aaarm.com: yes
aaarn.com: yes
aaaro.com: yes
aaarp.com: yes
aaarq.com: yes
aaarr.com: yes
aaars.com: yes
aaart.com: yes
aaaru.com: yes
aaarv.com: yes
aaarw.com: yes
aaarx.com: yes
aaary.com: yes
aaarz.com: yes
aaasa.com: yes
aaasb.com: yes
aaasc.com: yes
aaasd.com: yes
aaase.com: yes
aaasf.com: yes
aaasg.com: yes
aaash.com: yes
aaasi.com: yes
aaasj.com: yes
aaask.com: yes
aaasl.com: yes
aaasm.com: yes
aaasn.com: yes
aaaso.com: yes
aaasp.com: yes
aaasq.com: yes
aaasr.com: yes
aaass.com: yes
aaast.com: yes
aaasu.com: yes
aaasv.com: yes
aaasw.com: yes
aaasx.com: yes
aaasy.com: yes
aaasz.com: yes
aaata.com: yes
aaatb.com: yes
aaatc.com: yes
aaatd.com: yes
aaate.com: yes
aaatf.com: yes
aaatg.com: yes
aaath.com: yes
aaati.com: yes
aaatj.com: yes
aaatk.com: yes
aaatl.com: yes
aaatm.com: yes
aaatn.com: yes
aaato.com: yes
aaatp.com: yes
aaatq.com: yes
aaatr.com: yes
aaats.com: yes
aaatt.com: yes
aaatu.com: yes
aaatv.com: yes
aaatw.com: yes
aaatx.com: yes
aaaty.com: yes
aaatz.com: yes
aaaua.com: yes
aaaub.com: yes
aaauc.com: yes
aaaud.com: yes
aaaue.com: yes
aaauf.com: yes
aaaug.com: yes
aaauh.com: yes
aaaui.com: yes
aaauj.com: yes
aaauk.com: yes
aaaul.com: yes
aaaum.com: yes
aaaun.com: yes
aaauo.com: yes
aaaup.com: yes
aaauq.com: no ====== use register	price : 
aaaur.com: yes
aaaus.com: yes
aaaut.com: yes
aaauu.com: yes
aaauv.com: yes
aaauw.com: yes
aaaux.com: yes
aaauy.com: yes
aaauz.com: yes
aaava.com: yes
aaavb.com: yes
aaavc.com: yes
aaavd.com: yes
aaave.com: yes
aaavf.com: yes
aaavg.com: yes
aaavh.com: yes
aaavi.com: yes
aaavj.com: yes
aaavk.com: yes
aaavl.com: yes
aaavm.com: yes
aaavn.com: yes
aaavo.com: yes
aaavp.com: yes
aaavq.com: yes
aaavr.com: yes
aaavs.com: yes
aaavt.com: yes
