wenaa.com: yes
wenab.com: yes
wenac.com: yes
wenad.com: yes
wenae.com: no ====== use register
wenaf.com: yes
wenag.com: yes
wenah.com: yes
wenai.com: yes
wenaj.com: yes
wenak.com: yes
wenal.com: yes
wenam.com: yes
wenan.com: yes
wenao.com: yes
wenap.com: yes
wenaq.com: no ====== use register
wenar.com: yes
wenas.com: yes
wenat.com: yes
wenau.com: yes
wenav.com: yes
wenaw.com: no ====== use register
wenax.com: yes
wenay.com: yes
wenaz.com: yes
wenba.com: yes
wenbb.com: yes
wenbc.com: yes
wenbd.com: yes
wenbe.com: yes
wenbf.com: yes
wenbg.com: yes
wenbh.com: yes
wenbi.com: yes
wenbj.com: yes
wenbk.com: yes
wenbl.com: yes
wenbm.com: no ====== use register
wenbn.com: yes
wenbo.com: yes
wenbp.com: no ====== use register
wenbq.com: yes
wenbr.com: no ====== use register
wenbs.com: yes
wenbt.com: yes
wenbu.com: yes
wenbv.com: yes
wenbw.com: yes
wenbx.com: yes
wenby.com: yes
wenbz.com: yes
wenca.com: yes
wencb.com: yes
wencc.com: yes
wencd.com: yes
wence.com: yes
wencf.com: yes
wencg.com: yes
wench.com: yes
wenci.com: yes
wencj.com: no ====== use register
wenck.com: yes
wencl.com: yes
wencm.com: yes
wencn.com: yes
wenco.com: yes
wencp.com: no ====== use register
wencq.com: no ====== use register
wencr.com: yes
wencs.com: yes
wenct.com: yes
wencu.com: yes
wencv.com: yes
wencw.com: yes
wencx.com: yes
wency.com: yes
wencz.com: yes
wenda.com: yes
wendb.com: yes
wendc.com: yes
wendd.com: yes
wende.com: yes
wendf.com: yes
wendg.com: yes
wendh.com: yes
wendi.com: yes
wendj.com: yes
wendk.com: yes
wendl.com: yes
wendm.com: yes
wendn.com: yes
wendo.com: yes
wendp.com: yes
wendq.com: yes
wendr.com: yes
wends.com: yes
wendt.com: yes
wendu.com: yes
wendv.com: yes
wendw.com: yes
wendx.com: yes
wendy.com: yes
wendz.com: yes
wenea.com: yes
weneb.com: yes
wenec.com: yes
wened.com: yes
wenee.com: yes
wenef.com: no ====== use register
weneg.com: yes
weneh.com: no ====== use register
wenei.com: yes
wenej.com: no ====== use register
wenek.com: yes
wenel.com: yes
wenem.com: yes
wenen.com: yes
weneo.com: yes
wenep.com: yes
weneq.com: yes
wener.com: yes
wenes.com: yes
wenet.com: yes
weneu.com: yes
wenev.com: yes
wenew.com: yes
wenex.com: yes
weney.com: yes
wenez.com: yes
wenfa.com: yes
wenfb.com: no ====== use register
wenfc.com: yes
wenfd.com: no ====== use register
wenfe.com: yes
wenff.com: yes
wenfg.com: yes
wenfh.com: yes
wenfi.com: yes
wenfj.com: no ====== use register
wenfk.com: yes
wenfl.com: yes
wenfm.com: no ====== use register
wenfn.com: no ====== use register
wenfo.com: yes
wenfp.com: no ====== use register
wenfq.com: yes
wenfr.com: no ====== use register
wenfs.com: no ====== use register
wenft.com: yes
wenfu.com: yes
wenfv.com: no ====== use register
wenfw.com: yes
wenfx.com: yes
wenfy.com: yes
wenfz.com: yes
wenga.com: yes
wengb.com: yes
wengc.com: yes
wengd.com: yes
wenge.com: yes
wengf.com: yes
wengg.com: yes
wengh.com: yes
wengi.com: yes
wengj.com: yes
wengk.com: yes
wengl.com: yes
wengm.com: yes
wengn.com: yes
wengo.com: yes
wengp.com: yes
wengq.com: yes
wengr.com: yes
wengs.com: yes
wengt.com: yes
wengu.com: yes
wengv.com: yes
wengw.com: yes
wengx.com: yes
wengy.com: yes
wengz.com: yes
wenha.com: yes
wenhb.com: no ====== use register
wenhc.com: no ====== use register
wenhd.com: yes
wenhe.com: yes
wenhf.com: yes
wenhg.com: no ====== use register
wenhh.com: yes
wenhi.com: yes
wenhj.com: yes
wenhk.com: yes
wenhl.com: yes
wenhm.com: no ====== use register
wenhn.com: yes
wenho.com: yes
wenhp.com: yes
wenhq.com: yes
wenhr.com: yes
wenhs.com: yes
wenht.com: yes
wenhu.com: yes
wenhv.com: no ====== use register
wenhw.com: yes
wenhx.com: no ====== use register
wenhy.com: yes
wenhz.com: no ====== use register
wenia.com: yes
wenib.com: yes
wenic.com: yes
wenid.com: yes
wenie.com: yes
wenif.com: yes
wenig.com: yes
wenih.com: yes
wenii.com: yes
wenij.com: no ====== use register
wenik.com: yes
wenil.com: yes
wenim.com: yes
wenin.com: yes
wenio.com: yes
wenip.com: yes
weniq.com: no ====== use register
wenir.com: yes
wenis.com: yes
wenit.com: yes
weniu.com: yes
weniv.com: yes
weniw.com: no ====== use register
wenix.com: yes
weniy.com: yes
weniz.com: yes
wenja.com: yes
wenjb.com: no ====== use register
wenjc.com: yes
wenjd.com: yes
wenje.com: yes
wenjf.com: yes
wenjg.com: no ====== use register
wenjh.com: yes
wenji.com: yes
wenjj.com: yes
wenjk.com: yes
wenjl.com: yes
wenjm.com: yes
wenjn.com: yes
wenjo.com: yes
wenjp.com: yes
wenjq.com: yes
wenjr.com: yes
wenjs.com: yes
wenjt.com: yes
wenju.com: yes
wenjv.com: yes
wenjw.com: yes
wenjx.com: yes
wenjy.com: yes
wenjz.com: yes
wenka.com: yes
wenkb.com: yes
wenkc.com: no ====== use register
wenkd.com: no ====== use register
wenke.com: yes
wenkf.com: yes
wenkg.com: no ====== use register
wenkh.com: no ====== use register
wenki.com: yes
wenkj.com: yes
wenkk.com: yes
wenkl.com: yes
wenkm.com: yes
wenkn.com: yes
wenko.com: yes
wenkp.com: yes
wenkq.com: no ====== use register
wenkr.com: yes
wenks.com: yes
wenkt.com: yes
wenku.com: yes
wenkv.com: no ====== use register
wenkw.com: yes
wenkx.com: no ====== use register
wenky.com: yes
wenkz.com: yes
wenla.com: yes
wenlb.com: yes
wenlc.com: yes
wenld.com: no ====== use register
wenle.com: yes
wenlf.com: yes
wenlg.com: no ====== use register
wenlh.com: no ====== use register
wenli.com: yes
wenlj.com: yes
wenlk.com: no ====== use register
wenll.com: yes
wenlm.com: yes
wenln.com: yes
wenlo.com: yes
wenlp.com: yes
wenlq.com: no ====== use register
wenlr.com: yes
wenls.com: yes
wenlt.com: no ====== use register
wenlu.com: yes
wenlv.com: yes
wenlw.com: yes
wenlx.com: yes
wenly.com: yes
wenlz.com: yes
wenma.com: yes
wenmb.com: no ====== use register
wenmc.com: yes
wenmd.com: yes
wenme.com: yes
wenmf.com: no ====== use register
wenmg.com: no ====== use register
wenmh.com: no ====== use register
wenmi.com: yes
wenmj.com: no ====== use register
wenmk.com: yes
wenml.com: no ====== use register
wenmm.com: yes
wenmn.com: yes
wenmo.com: yes
wenmp.com: no ====== use register
wenmq.com: yes
wenmr.com: yes
wenms.com: yes
wenmt.com: no ====== use register
wenmu.com: yes
wenmv.com: no ====== use register
wenmw.com: yes
wenmx.com: yes
wenmy.com: yes
wenmz.com: yes
wenna.com: yes
wennb.com: no ====== use register
wennc.com: no ====== use register
wennd.com: yes
wenne.com: yes
wennf.com: no ====== use register
wenng.com: yes
wennh.com: no ====== use register
wenni.com: yes
wennj.com: no ====== use register
wennk.com: no ====== use register
wennl.com: yes
wennm.com: no ====== use register
wennn.com: yes
wenno.com: yes
wennp.com: no ====== use register
wennq.com: no ====== use register
wennr.com: yes
wenns.com: yes
wennt.com: no ====== use register
wennu.com: yes
wennv.com: yes
wennw.com: yes
wennx.com: yes
wenny.com: yes
wennz.com: yes
wenoa.com: yes
wenob.com: no ====== use register
wenoc.com: yes
wenod.com: yes
wenoe.com: yes
wenof.com: yes
wenog.com: yes
wenoh.com: yes
wenoi.com: yes
wenoj.com: no ====== use register
wenok.com: yes
wenol.com: yes
wenom.com: yes
wenon.com: yes
wenoo.com: yes
wenop.com: yes
wenoq.com: no ====== use register
wenor.com: yes
wenos.com: yes
wenot.com: yes
wenou.com: yes
wenov.com: yes
wenow.com: yes
wenox.com: yes
wenoy.com: yes
wenoz.com: yes
wenpa.com: yes
wenpb.com: no ====== use register
wenpc.com: yes
wenpd.com: no ====== use register
wenpe.com: yes
wenpf.com: yes
wenpg.com: no ====== use register
wenph.com: yes
wenpi.com: yes
wenpj.com: no ====== use register
wenpk.com: yes
wenpl.com: yes
wenpm.com: yes
wenpn.com: yes
wenpo.com: yes
wenpp.com: yes
wenpq.com: no ====== use register
wenpr.com: no ====== use register
wenps.com: yes
wenpt.com: yes
wenpu.com: yes
wenpv.com: no ====== use register
wenpw.com: yes
wenpx.com: yes
wenpy.com: yes
wenpz.com: no ====== use register
wenqa.com: yes
wenqb.com: no ====== use register
wenqc.com: yes
wenqd.com: no ====== use register
wenqe.com: yes
wenqf.com: no ====== use register
wenqg.com: yes
wenqh.com: no ====== use register
wenqi.com: yes
wenqj.com: no ====== use register
wenqk.com: no ====== use register
wenql.com: yes
wenqm.com: no ====== use register
wenqn.com: no ====== use register
wenqo.com: no ====== use register
wenqp.com: yes
wenqq.com: yes
wenqr.com: no ====== use register
wenqs.com: no ====== use register
wenqt.com: no ====== use register
wenqu.com: yes
wenqv.com: yes
wenqw.com: yes
wenqx.com: yes
wenqy.com: yes
wenqz.com: no ====== use register
wenra.com: yes
wenrb.com: no ====== use register
wenrc.com: no ====== use register
wenrd.com: no ====== use register
wenre.com: yes
wenrf.com: yes
wenrg.com: yes
wenrh.com: yes
wenri.com: yes
wenrj.com: yes
wenrk.com: no ====== use register
wenrl.com: yes
wenrm.com: yes
wenrn.com: yes
wenro.com: yes
wenrp.com: no ====== use register
wenrq.com: no ====== use register
wenrr.com: yes
wenrs.com: yes
wenrt.com: no ====== use register
wenru.com: yes
wenrv.com: no ====== use register
wenrw.com: no ====== use register
wenrx.com: yes
wenry.com: yes
wenrz.com: no ====== use register
wensa.com: yes
wensb.com: yes
wensc.com: yes
wensd.com: yes
wense.com: yes
wensf.com: yes
wensg.com: yes
wensh.com: yes
wensi.com: yes
wensj.com: yes
wensk.com: yes
wensl.com: yes
wensm.com: yes
wensn.com: yes
wenso.com: yes
wensp.com: yes
wensq.com: no ====== use register
wensr.com: yes
wenss.com: yes
wenst.com: yes
wensu.com: yes
wensv.com: yes
wensw.com: yes
wensx.com: yes
wensy.com: yes
wensz.com: yes
wenta.com: yes
wentb.com: yes
wentc.com: yes
wentd.com: yes
wente.com: yes
wentf.com: no ====== use register
wentg.com: yes
wenth.com: yes
wenti.com: yes
wentj.com: yes
wentk.com: yes
wentl.com: yes
wentm.com: yes
wentn.com: yes
wento.com: yes
wentp.com: yes
wentq.com: no ====== use register
wentr.com: yes
wents.com: yes
wentt.com: yes
wentu.com: yes
wentv.com: yes
wentw.com: yes
wentx.com: yes
wenty.com: yes
wentz.com: yes
wenua.com: yes
wenub.com: yes
wenuc.com: yes
wenud.com: no ====== use register
wenue.com: yes
wenuf.com: no ====== use register
wenug.com: yes
wenuh.com: no ====== use register
wenui.com: yes
wenuj.com: no ====== use register
wenuk.com: yes
wenul.com: yes
wenum.com: yes
wenun.com: yes
wenuo.com: yes
wenup.com: yes
wenuq.com: no ====== use register
wenur.com: yes
wenus.com: yes
wenut.com: yes
wenuu.com: yes
wenuv.com: no ====== use register
wenuw.com: no ====== use register
wenux.com: yes
wenuy.com: yes
wenuz.com: yes
wenva.com: yes
wenvb.com: yes
wenvc.com: yes
wenvd.com: no ====== use register
wenve.com: yes
wenvf.com: yes
wenvg.com: yes
wenvh.com: no ====== use register
wenvi.com: yes
wenvj.com: no ====== use register
wenvk.com: no ====== use register
wenvl.com: no ====== use register
wenvm.com: no ====== use register
wenvn.com: yes
wenvo.com: yes
wenvp.com: yes
wenvq.com: no ====== use register
wenvr.com: yes
wenvs.com: yes
wenvt.com: no ====== use register
wenvu.com: no ====== use register
wenvv.com: yes
wenvw.com: no ====== use register
wenvx.com: no ====== use register
wenvy.com: yes
wenvz.com: no ====== use register
wenwa.com: yes
wenwb.com: yes
wenwc.com: no ====== use register
wenwd.com: no ====== use register
wenwe.com: yes
wenwf.com: no ====== use register
wenwg.com: no ====== use register
wenwh.com: yes
wenwi.com: yes
wenwj.com: yes
wenwk.com: no ====== use register
wenwl.com: yes
wenwm.com: no ====== use register
wenwn.com: yes
wenwo.com: yes
wenwp.com: yes
wenwq.com: yes
wenwr.com: no ====== use register
wenws.com: yes
wenwt.com: no ====== use register
wenwu.com: yes
wenwv.com: no ====== use register
wenww.com: yes
wenwx.com: yes
wenwy.com: yes
wenwz.com: no ====== use register
wenxa.com: yes
wenxb.com: yes
wenxc.com: yes
wenxd.com: yes
wenxe.com: yes
wenxf.com: yes
wenxg.com: yes
wenxh.com: no ====== use register
wenxi.com: yes
wenxj.com: yes
wenxk.com: yes
wenxl.com: yes
wenxm.com: yes
wenxn.com: yes
wenxo.com: yes
wenxp.com: yes
wenxq.com: yes
wenxr.com: yes
wenxs.com: yes
wenxt.com: yes
wenxu.com: yes
wenxv.com: yes
wenxw.com: yes
wenxx.com: yes
wenxy.com: yes
wenxz.com: yes
wenya.com: yes
wenyb.com: yes
wenyc.com: yes
wenyd.com: no ====== use register
wenye.com: yes
wenyf.com: yes
wenyg.com: yes
wenyh.com: yes
wenyi.com: yes
wenyj.com: yes
wenyk.com: yes
wenyl.com: yes
wenym.com: yes
wenyn.com: no ====== use register
wenyo.com: yes
wenyp.com: no ====== use register
wenyq.com: yes
wenyr.com: yes
wenys.com: yes
wenyt.com: yes
wenyu.com: yes
wenyv.com: yes
wenyw.com: yes
wenyx.com: yes
wenyy.com: yes
wenyz.com: no ====== use register
wenza.com: yes
wenzb.com: yes
wenzc.com: no ====== use register
wenzd.com: yes
wenze.com: yes
wenzf.com: no ====== use register
wenzg.com: yes
wenzh.com: yes
wenzi.com: yes
wenzj.com: yes
wenzk.com: yes
wenzl.com: yes
wenzm.com: no ====== use register
wenzn.com: yes
wenzo.com: yes
wenzp.com: yes
wenzq.com: no ====== use register
wenzr.com: yes
wenzs.com: yes
wenzt.com: yes
wenzu.com: yes
wenzv.com: no ====== use register
wenzw.com: yes
wenzx.com: yes
wenzy.com: yes
wenzz.com: yes
