tooaa.com: yes
tooab.com: yes
tooac.com: no ====== use register
tooad.com: yes
tooae.com: no ====== use register
tooaf.com: no ====== use register
tooag.com: yes
tooah.com: yes
tooai.com: yes
tooaj.com: no ====== use register
tooak.com: yes
tooal.com: yes
tooam.com: yes
tooan.com: yes
tooao.com: yes
tooap.com: yes
tooaq.com: no ====== use register
tooar.com: yes
tooas.com: yes
tooat.com: yes
tooau.com: yes
tooav.com: no ====== use register
tooaw.com: yes
tooax.com: yes
tooay.com: yes
tooaz.com: no ====== use register
tooba.com: yes
toobb.com: yes
toobc.com: yes
toobd.com: yes
toobe.com: yes
toobf.com: no ====== use register
toobg.com: yes
toobh.com: no ====== use register
toobi.com: yes
toobj.com: yes
toobk.com: yes
toobl.com: yes
toobm.com: yes
toobn.com: yes
toobo.com: yes
toobp.com: no ====== use register
toobq.com: no ====== use register
toobr.com: yes
toobs.com: yes
toobt.com: yes
toobu.com: yes
toobv.com: yes
toobw.com: no ====== use register
toobx.com: yes
tooby.com: yes
toobz.com: yes
tooca.com: yes
toocb.com: yes
toocc.com: yes
toocd.com: yes
tooce.com: yes
toocf.com: yes
toocg.com: yes
tooch.com: yes
tooci.com: yes
toocj.com: yes
toock.com: yes
toocl.com: yes
toocm.com: yes
toocn.com: yes
tooco.com: yes
toocp.com: yes
toocq.com: no ====== use register
toocr.com: yes
toocs.com: yes
tooct.com: yes
toocu.com: yes
toocv.com: no ====== use register
toocw.com: yes
toocx.com: no ====== use register
toocy.com: yes
toocz.com: no ====== use register
tooda.com: yes
toodb.com: yes
toodc.com: yes
toodd.com: yes
toode.com: yes
toodf.com: no ====== use register
toodg.com: no ====== use register
toodh.com: no ====== use register
toodi.com: yes
toodj.com: yes
toodk.com: yes
toodl.com: yes
toodm.com: yes
toodn.com: no ====== use register
toodo.com: yes
toodp.com: no ====== use register
toodq.com: no ====== use register
toodr.com: yes
toods.com: yes
toodt.com: no ====== use register
toodu.com: yes
toodv.com: yes
toodw.com: no ====== use register
toodx.com: yes
toody.com: yes
toodz.com: yes
tooea.com: yes
tooeb.com: no ====== use register
tooec.com: yes
tooed.com: yes
tooee.com: yes
tooef.com: no ====== use register
tooeg.com: yes
tooeh.com: yes
tooei.com: yes
tooej.com: no ====== use register
tooek.com: no ====== use register
tooel.com: yes
tooem.com: yes
tooen.com: yes
tooeo.com: yes
tooep.com: yes
tooeq.com: no ====== use register
tooer.com: yes
tooes.com: yes
tooet.com: yes
tooeu.com: no ====== use register
tooev.com: yes
tooew.com: no ====== use register
tooex.com: yes
tooey.com: yes
tooez.com: yes
toofa.com: yes
toofb.com: no ====== use register
toofc.com: no ====== use register
toofd.com: no ====== use register
toofe.com: yes
tooff.com: yes
toofg.com: no ====== use register
toofh.com: no ====== use register
toofi.com: yes
toofj.com: no ====== use register
toofk.com: no ====== use register
toofl.com: yes
toofm.com: yes
toofn.com: yes
toofo.com: yes
toofp.com: no ====== use register
toofq.com: no ====== use register
toofr.com: yes
toofs.com: yes
tooft.com: yes
toofu.com: yes
toofv.com: no ====== use register
toofw.com: no ====== use register
toofx.com: yes
toofy.com: yes
toofz.com: yes
tooga.com: yes
toogb.com: no ====== use register
toogc.com: no ====== use register
toogd.com: no ====== use register
tooge.com: yes
toogf.com: no ====== use register
toogg.com: yes
toogh.com: yes
toogi.com: yes
toogj.com: yes
toogk.com: yes
toogl.com: yes
toogm.com: yes
toogn.com: no ====== use register
toogo.com: yes
toogp.com: no ====== use register
toogq.com: yes
toogr.com: yes
toogs.com: yes
toogt.com: yes
toogu.com: yes
toogv.com: no ====== use register
toogw.com: yes
toogx.com: no ====== use register
toogy.com: yes
toogz.com: yes
tooha.com: yes
toohb.com: no ====== use register
toohc.com: yes
toohd.com: yes
toohe.com: yes
toohf.com: no ====== use register
toohg.com: yes
toohh.com: yes
toohi.com: yes
toohj.com: no ====== use register
toohk.com: yes
toohl.com: yes
toohm.com: yes
toohn.com: yes
tooho.com: yes
toohp.com: no ====== use register
toohq.com: no ====== use register
toohr.com: yes
toohs.com: yes
tooht.com: yes
toohu.com: yes
toohv.com: no ====== use register
toohw.com: yes
toohx.com: yes
toohy.com: yes
toohz.com: no ====== use register
tooia.com: yes
tooib.com: no ====== use register
tooic.com: yes
tooid.com: yes
tooie.com: yes
tooif.com: yes
tooig.com: no ====== use register
tooih.com: no ====== use register
tooii.com: yes
tooij.com: no ====== use register
tooik.com: yes
tooil.com: yes
tooim.com: yes
tooin.com: yes
tooio.com: yes
tooip.com: yes
tooiq.com: no ====== use register
tooir.com: no ====== use register
toois.com: yes
tooit.com: yes
tooiu.com: yes
tooiv.com: no ====== use register
tooiw.com: no ====== use register
tooix.com: yes
tooiy.com: yes
tooiz.com: no ====== use register
tooja.com: yes
toojb.com: no ====== use register
toojc.com: no ====== use register
toojd.com: no ====== use register
tooje.com: yes
toojf.com: no ====== use register
toojg.com: no ====== use register
toojh.com: yes
tooji.com: yes
toojj.com: yes
toojk.com: yes
toojl.com: yes
toojm.com: no ====== use register
toojn.com: no ====== use register
toojo.com: yes
toojp.com: yes
toojq.com: no ====== use register
toojr.com: no ====== use register
toojs.com: yes
toojt.com: yes
tooju.com: yes
toojv.com: no ====== use register
toojw.com: no ====== use register
toojx.com: yes
toojy.com: yes
toojz.com: yes
tooka.com: yes
tookb.com: yes
tookc.com: yes
tookd.com: yes
tooke.com: yes
tookf.com: no ====== use register
tookg.com: no ====== use register
tookh.com: yes
tooki.com: yes
tookj.com: yes
tookk.com: yes
tookl.com: yes
tookm.com: yes
tookn.com: yes
tooko.com: yes
tookp.com: no ====== use register
tookq.com: no ====== use register
tookr.com: yes
tooks.com: yes
tookt.com: yes
tooku.com: yes
tookv.com: no ====== use register
tookw.com: no ====== use register
tookx.com: yes
tooky.com: yes
tookz.com: yes
toola.com: yes
toolb.com: yes
toolc.com: yes
toold.com: yes
toole.com: yes
toolf.com: yes
toolg.com: yes
toolh.com: yes
tooli.com: yes
toolj.com: yes
toolk.com: yes
tooll.com: yes
toolm.com: yes
tooln.com: yes
toolo.com: yes
toolp.com: yes
toolq.com: yes
toolr.com: yes
tools.com: yes
toolt.com: yes
toolu.com: yes
toolv.com: yes
toolw.com: yes
toolx.com: yes
tooly.com: yes
toolz.com: yes
tooma.com: yes
toomb.com: yes
toomc.com: yes
toomd.com: yes
toome.com: yes
toomf.com: yes
toomg.com: yes
toomh.com: no ====== use register
toomi.com: yes
toomj.com: no ====== use register
toomk.com: yes
tooml.com: yes
toomm.com: yes
toomn.com: no ====== use register
toomo.com: yes
toomp.com: yes
toomq.com: no ====== use register
toomr.com: yes
tooms.com: yes
toomt.com: yes
toomu.com: yes
toomv.com: yes
toomw.com: yes
toomx.com: yes
toomy.com: yes
toomz.com: yes
toona.com: yes
toonb.com: yes
toonc.com: yes
toond.com: yes
toone.com: yes
toonf.com: yes
toong.com: yes
toonh.com: yes
tooni.com: yes
toonj.com: yes
toonk.com: yes
toonl.com: no ====== use register
toonm.com: yes
toonn.com: yes
toono.com: yes
toonp.com: yes
toonq.com: yes
toonr.com: yes
toons.com: yes
toont.com: yes
toonu.com: yes
toonv.com: yes
toonw.com: yes
toonx.com: yes
toony.com: yes
toonz.com: yes
toooa.com: yes
tooob.com: yes
toooc.com: yes
toood.com: yes
toooe.com: yes
tooof.com: yes
tooog.com: yes
toooh.com: yes
toooi.com: yes
toooj.com: yes
toook.com: yes
toool.com: yes
tooom.com: yes
tooon.com: yes
toooo.com: yes
tooop.com: yes
toooq.com: yes
tooor.com: yes
tooos.com: yes
tooot.com: yes
tooou.com: yes
tooov.com: yes
tooow.com: yes
tooox.com: yes
toooy.com: yes
toooz.com: yes
toopa.com: yes
toopb.com: no ====== use register
toopc.com: yes
toopd.com: yes
toope.com: yes
toopf.com: no ====== use register
toopg.com: no ====== use register
tooph.com: yes
toopi.com: yes
toopj.com: yes
toopk.com: yes
toopl.com: yes
toopm.com: yes
toopn.com: no ====== use register
toopo.com: yes
toopp.com: yes
toopq.com: no ====== use register
toopr.com: yes
toops.com: yes
toopt.com: yes
toopu.com: yes
toopv.com: yes
toopw.com: yes
toopx.com: yes
toopy.com: yes
toopz.com: yes
tooqa.com: yes
tooqb.com: no ====== use register
tooqc.com: yes
tooqd.com: yes
tooqe.com: yes
tooqf.com: no ====== use register
tooqg.com: no ====== use register
tooqh.com: no ====== use register
tooqi.com: yes
tooqj.com: no ====== use register
tooqk.com: yes
tooql.com: no ====== use register
tooqm.com: no ====== use register
tooqn.com: no ====== use register
tooqo.com: yes
tooqp.com: no ====== use register
tooqq.com: yes
tooqr.com: no ====== use register
tooqs.com: yes
tooqt.com: yes
tooqu.com: yes
tooqv.com: no ====== use register
tooqw.com: no ====== use register
tooqx.com: no ====== use register
tooqy.com: yes
tooqz.com: no ====== use register
toora.com: yes
toorb.com: yes
toorc.com: yes
toord.com: yes
toore.com: yes
toorf.com: yes
toorg.com: yes
toorh.com: no ====== use register
toori.com: yes
toorj.com: no ====== use register
toork.com: yes
toorl.com: yes
toorm.com: yes
toorn.com: yes
tooro.com: yes
toorp.com: yes
toorq.com: yes
toorr.com: yes
toors.com: yes
toort.com: yes
tooru.com: yes
toorv.com: yes
toorw.com: no ====== use register
toorx.com: yes
toory.com: yes
toorz.com: yes
toosa.com: yes
toosb.com: yes
toosc.com: yes
toosd.com: yes
toose.com: yes
toosf.com: yes
toosg.com: yes
toosh.com: yes
toosi.com: yes
toosj.com: no ====== use register
toosk.com: yes
toosl.com: yes
toosm.com: yes
toosn.com: yes
tooso.com: yes
toosp.com: yes
toosq.com: yes
toosr.com: no ====== use register
tooss.com: yes
toost.com: yes
toosu.com: yes
toosv.com: no ====== use register
toosw.com: yes
toosx.com: yes
toosy.com: yes
toosz.com: yes
toota.com: yes
tootb.com: yes
tootc.com: yes
tootd.com: yes
toote.com: yes
tootf.com: yes
tootg.com: no ====== use register
tooth.com: yes
tooti.com: yes
tootj.com: yes
tootk.com: yes
tootl.com: yes
tootm.com: yes
tootn.com: yes
tooto.com: yes
tootp.com: yes
tootq.com: yes
tootr.com: yes
toots.com: yes
toott.com: yes
tootu.com: yes
tootv.com: yes
tootw.com: yes
tootx.com: yes
tooty.com: yes
tootz.com: yes
tooua.com: yes
tooub.com: no ====== use register
toouc.com: yes
tooud.com: no ====== use register
tooue.com: yes
toouf.com: no ====== use register
tooug.com: yes
toouh.com: no ====== use register
tooui.com: yes
toouj.com: no ====== use register
toouk.com: no ====== use register
tooul.com: no ====== use register
tooum.com: yes
tooun.com: yes
toouo.com: yes
tooup.com: yes
toouq.com: yes
toour.com: yes
toous.com: yes
toout.com: yes
toouu.com: yes
toouv.com: no ====== use register
toouw.com: no ====== use register
tooux.com: no ====== use register
toouy.com: no ====== use register
toouz.com: yes
toova.com: yes
toovb.com: no ====== use register
toovc.com: yes
toovd.com: no ====== use register
toove.com: yes
toovf.com: no ====== use register
toovg.com: no ====== use register
toovh.com: no ====== use register
toovi.com: yes
toovj.com: no ====== use register
toovk.com: no ====== use register
toovl.com: no ====== use register
toovm.com: no ====== use register
toovn.com: yes
toovo.com: yes
toovp.com: yes
toovq.com: no ====== use register
toovr.com: yes
toovs.com: yes
toovt.com: yes
toovu.com: yes
toovv.com: yes
toovw.com: no ====== use register
toovx.com: no ====== use register
toovy.com: yes
toovz.com: no ====== use register
toowa.com: yes
toowb.com: yes
toowc.com: no ====== use register
toowd.com: no ====== use register
toowe.com: yes
toowf.com: no ====== use register
toowg.com: no ====== use register
toowh.com: no ====== use register
toowi.com: yes
toowj.com: no ====== use register
toowk.com: yes
toowl.com: yes
toowm.com: yes
toown.com: yes
toowo.com: yes
toowp.com: yes
toowq.com: no ====== use register
toowr.com: yes
toows.com: yes
toowt.com: yes
toowu.com: yes
toowv.com: no ====== use register
tooww.com: yes
toowx.com: yes
toowy.com: yes
toowz.com: yes
tooxa.com: yes
tooxb.com: no ====== use register
tooxc.com: no ====== use register
tooxd.com: no ====== use register
tooxe.com: yes
tooxf.com: no ====== use register
tooxg.com: no ====== use register
tooxh.com: yes
tooxi.com: yes
tooxj.com: no ====== use register
tooxk.com: no ====== use register
tooxl.com: yes
tooxm.com: yes
tooxn.com: yes
tooxo.com: yes
tooxp.com: yes
tooxq.com: no ====== use register
tooxr.com: no ====== use register
tooxs.com: yes
tooxt.com: yes
tooxu.com: yes
tooxv.com: no ====== use register
tooxw.com: no ====== use register
tooxx.com: yes
tooxy.com: yes
tooxz.com: no ====== use register
tooya.com: yes
tooyb.com: no ====== use register
tooyc.com: no ====== use register
tooyd.com: no ====== use register
tooye.com: yes
tooyf.com: no ====== use register
tooyg.com: yes
tooyh.com: yes
tooyi.com: yes
tooyj.com: no ====== use register
tooyk.com: yes
tooyl.com: yes
tooym.com: no ====== use register
tooyn.com: yes
tooyo.com: yes
tooyp.com: no ====== use register
tooyq.com: no ====== use register
tooyr.com: yes
tooys.com: yes
tooyt.com: yes
tooyu.com: yes
tooyv.com: no ====== use register
tooyw.com: yes
tooyx.com: no ====== use register
tooyy.com: yes
tooyz.com: yes
tooza.com: yes
toozb.com: no ====== use register
toozc.com: no ====== use register
toozd.com: no ====== use register
tooze.com: yes
toozf.com: no ====== use register
toozg.com: yes
toozh.com: yes
toozi.com: yes
toozj.com: yes
toozk.com: no ====== use register
toozl.com: yes
toozm.com: no ====== use register
toozn.com: no ====== use register
toozo.com: yes
toozp.com: no ====== use register
toozq.com: yes
toozr.com: yes
toozs.com: yes
toozt.com: no ====== use register
toozu.com: yes
toozv.com: no ====== use register
toozw.com: yes
toozx.com: no ====== use register
toozy.com: yes
toozz.com: yes
