kanaa.com: yes
kanab.com: yes
kanac.com: yes
kanad.com: yes
kanae.com: yes
kanaf.com: yes
kanag.com: yes
kanah.com: yes
kanai.com: yes
kanaj.com: yes
kanak.com: yes
kanal.com: yes
kanam.com: yes
kanan.com: yes
kanao.com: yes
kanap.com: yes
kanaq.com: yes
kanar.com: yes
kanas.com: yes
kanat.com: yes
kanau.com: yes
kanav.com: yes
kanaw.com: yes
kanax.com: yes
kanay.com: yes
kanaz.com: yes
kanba.com: yes
kanbb.com: yes
kanbc.com: yes
kanbd.com: yes
kanbe.com: yes
kanbf.com: yes
kanbg.com: no ====== use register
kanbh.com: yes
kanbi.com: yes
kanbj.com: yes
kanbk.com: yes
kanbl.com: yes
kanbm.com: yes
kanbn.com: no ====== use register
kanbo.com: yes
kanbp.com: yes
kanbq.com: no ====== use register
kanbr.com: no ====== use register
kanbs.com: yes
kanbt.com: yes
kanbu.com: yes
kanbv.com: yes
kanbw.com: yes
kanbx.com: yes
kanby.com: yes
kanbz.com: yes
kanca.com: yes
kancb.com: yes
kancc.com: yes
kancd.com: yes
kance.com: yes
kancf.com: yes
kancg.com: yes
kanch.com: yes
kanci.com: yes
kancj.com: yes
kanck.com: yes
kancl.com: yes
kancm.com: yes
kancn.com: yes
kanco.com: yes
kancp.com: yes
kancq.com: yes
kancr.com: yes
kancs.com: yes
kanct.com: yes
kancu.com: yes
kancv.com: no ====== use register
kancw.com: yes
kancx.com: yes
kancy.com: yes
kancz.com: yes
kanda.com: yes
kandb.com: yes
kandc.com: yes
kandd.com: yes
kande.com: yes
kandf.com: yes
kandg.com: yes
kandh.com: yes
kandi.com: yes
kandj.com: yes
kandk.com: yes
kandl.com: yes
kandm.com: yes
kandn.com: yes
kando.com: yes
kandp.com: yes
kandq.com: yes
kandr.com: yes
kands.com: yes
kandt.com: yes
kandu.com: yes
kandv.com: yes
kandw.com: yes
kandx.com: yes
kandy.com: yes
kandz.com: yes
kanea.com: yes
kaneb.com: yes
kanec.com: yes
kaned.com: yes
kanee.com: yes
kanef.com: yes
kaneg.com: yes
kaneh.com: yes
kanei.com: yes
kanej.com: yes
kanek.com: yes
kanel.com: yes
kanem.com: yes
kanen.com: yes
kaneo.com: yes
kanep.com: yes
kaneq.com: yes
kaner.com: yes
kanes.com: yes
kanet.com: yes
kaneu.com: yes
kanev.com: yes
kanew.com: yes
kanex.com: yes
kaney.com: yes
kanez.com: yes
kanfa.com: yes
kanfb.com: yes
kanfc.com: yes
kanfd.com: no ====== use register
kanfe.com: yes
kanff.com: yes
kanfg.com: no ====== use register
kanfh.com: no ====== use register
kanfi.com: yes
kanfj.com: yes
kanfk.com: yes
kanfl.com: yes
kanfm.com: no ====== use register
kanfn.com: yes
kanfo.com: yes
kanfp.com: no ====== use register
kanfq.com: yes
kanfr.com: yes
kanfs.com: yes
kanft.com: no ====== use register
kanfu.com: yes
kanfv.com: yes
kanfw.com: yes
kanfx.com: yes
kanfy.com: yes
kanfz.com: yes
kanga.com: yes
kangb.com: yes
kangc.com: yes
kangd.com: yes
kange.com: yes
kangf.com: yes
kangg.com: yes
kangh.com: yes
kangi.com: yes
kangj.com: yes
kangk.com: yes
kangl.com: yes
kangm.com: yes
kangn.com: yes
kango.com: yes
kangp.com: yes
kangq.com: yes
kangr.com: yes
kangs.com: yes
kangt.com: yes
kangu.com: yes
kangv.com: yes
kangw.com: yes
kangx.com: yes
kangy.com: yes
kangz.com: yes
kanha.com: yes
kanhb.com: yes
kanhc.com: yes
kanhd.com: yes
kanhe.com: yes
kanhf.com: yes
kanhg.com: yes
kanhh.com: yes
kanhi.com: yes
kanhj.com: yes
kanhk.com: yes
kanhl.com: no ====== use register
kanhm.com: yes
kanhn.com: yes
kanho.com: yes
kanhp.com: yes
kanhq.com: yes
kanhr.com: yes
kanhs.com: yes
kanht.com: no ====== use register
kanhu.com: yes
kanhv.com: no ====== use register
kanhw.com: no ====== use register
kanhx.com: yes
kanhy.com: yes
kanhz.com: yes
kania.com: yes
kanib.com: yes
kanic.com: yes
kanid.com: yes
kanie.com: yes
kanif.com: yes
kanig.com: yes
kanih.com: yes
kanii.com: yes
kanij.com: yes
kanik.com: yes
kanil.com: yes
kanim.com: yes
kanin.com: yes
kanio.com: yes
kanip.com: yes
kaniq.com: yes
kanir.com: yes
kanis.com: yes
kanit.com: yes
kaniu.com: yes
kaniv.com: yes
kaniw.com: yes
kanix.com: yes
kaniy.com: yes
kaniz.com: yes
kanja.com: yes
kanjb.com: yes
kanjc.com: yes
kanjd.com: yes
kanje.com: yes
kanjf.com: no ====== use register
kanjg.com: no ====== use register
kanjh.com: yes
kanji.com: yes
kanjj.com: yes
kanjk.com: yes
kanjl.com: yes
kanjm.com: yes
kanjn.com: yes
kanjo.com: yes
kanjp.com: yes
kanjq.com: yes
kanjr.com: yes
kanjs.com: yes
kanjt.com: yes
kanju.com: yes
kanjv.com: yes
kanjw.com: yes
kanjx.com: yes
kanjy.com: yes
kanjz.com: yes
kanka.com: yes
kankb.com: yes
kankc.com: yes
kankd.com: yes
kanke.com: yes
kankf.com: yes
kankg.com: yes
kankh.com: yes
kanki.com: yes
kankj.com: yes
kankk.com: yes
kankl.com: yes
kankm.com: yes
kankn.com: yes
kanko.com: yes
kankp.com: yes
kankq.com: yes
kankr.com: yes
kanks.com: yes
kankt.com: yes
kanku.com: yes
kankv.com: yes
kankw.com: no ====== use register
kankx.com: yes
kanky.com: yes
kankz.com: yes
kanla.com: yes
kanlb.com: yes
kanlc.com: yes
kanld.com: yes
kanle.com: yes
kanlf.com: yes
kanlg.com: yes
kanlh.com: yes
kanli.com: yes
kanlj.com: yes
kanlk.com: yes
kanll.com: yes
kanlm.com: yes
kanln.com: no ====== use register
kanlo.com: yes
kanlp.com: yes
kanlq.com: yes
kanlr.com: no ====== use register
kanls.com: yes
kanlt.com: yes
kanlu.com: yes
kanlv.com: yes
kanlw.com: no ====== use register
kanlx.com: no ====== use register
kanly.com: yes
kanlz.com: yes
kanma.com: yes
kanmb.com: yes
kanmc.com: yes
kanmd.com: yes
kanme.com: yes
kanmf.com: no ====== use register
kanmg.com: yes
kanmh.com: yes
kanmi.com: yes
kanmj.com: yes
kanmk.com: no ====== use register
kanml.com: yes
kanmm.com: yes
kanmn.com: yes
kanmo.com: yes
kanmp.com: yes
kanmq.com: no ====== use register
kanmr.com: yes
kanms.com: yes
kanmt.com: yes
kanmu.com: yes
kanmv.com: yes
kanmw.com: yes
kanmx.com: yes
kanmy.com: yes
kanmz.com: yes
kanna.com: yes
kannb.com: yes
kannc.com: yes
kannd.com: yes
kanne.com: yes
kannf.com: yes
kanng.com: yes
kannh.com: yes
kanni.com: yes
kannj.com: yes
kannk.com: yes
kannl.com: yes
kannm.com: yes
kannn.com: yes
kanno.com: yes
kannp.com: yes
kannq.com: no ====== use register
kannr.com: yes
kanns.com: yes
kannt.com: yes
kannu.com: yes
kannv.com: yes
kannw.com: yes
kannx.com: yes
kanny.com: yes
kannz.com: yes
kanoa.com: yes
kanob.com: yes
kanoc.com: yes
kanod.com: yes
kanoe.com: yes
kanof.com: yes
kanog.com: yes
kanoh.com: yes
kanoi.com: yes
kanoj.com: yes
kanok.com: yes
kanol.com: yes
kanom.com: yes
kanon.com: yes
kanoo.com: yes
kanop.com: yes
kanoq.com: yes
kanor.com: yes
kanos.com: yes
kanot.com: yes
kanou.com: yes
kanov.com: yes
kanow.com: yes
kanox.com: yes
kanoy.com: yes
kanoz.com: yes
kanpa.com: yes
kanpb.com: yes
kanpc.com: yes
kanpd.com: no ====== use register
kanpe.com: yes
kanpf.com: no ====== use register
kanpg.com: yes
kanph.com: yes
kanpi.com: yes
kanpj.com: no ====== use register
kanpk.com: yes
kanpl.com: yes
kanpm.com: no ====== use register
kanpn.com: yes
kanpo.com: yes
kanpp.com: yes
kanpq.com: no ====== use register
kanpr.com: yes
kanps.com: yes
kanpt.com: yes
kanpu.com: yes
kanpv.com: yes
kanpw.com: yes
kanpx.com: yes
kanpy.com: yes
kanpz.com: yes
kanqa.com: yes
kanqb.com: yes
kanqc.com: yes
kanqd.com: yes
kanqe.com: yes
kanqf.com: no ====== use register
kanqg.com: yes
kanqh.com: yes
kanqi.com: yes
kanqj.com: no ====== use register
kanqk.com: yes
kanql.com: yes
kanqm.com: no ====== use register
kanqn.com: yes
kanqo.com: yes
kanqp.com: yes
kanqq.com: yes
kanqr.com: yes
kanqs.com: yes
kanqt.com: yes
kanqu.com: yes
kanqv.com: no ====== use register
kanqw.com: yes
kanqx.com: no ====== use register
kanqy.com: yes
kanqz.com: yes
kanra.com: yes
kanrb.com: yes
kanrc.com: yes
kanrd.com: yes
kanre.com: yes
kanrf.com: yes
kanrg.com: no ====== use register
kanrh.com: no ====== use register
kanri.com: yes
kanrj.com: yes
kanrk.com: no ====== use register
kanrl.com: no ====== use register
kanrm.com: yes
kanrn.com: yes
kanro.com: yes
kanrp.com: yes
kanrq.com: yes
kanrr.com: yes
kanrs.com: yes
kanrt.com: yes
kanru.com: yes
kanrv.com: yes
kanrw.com: no ====== use register
kanrx.com: yes
kanry.com: yes
kanrz.com: no ====== use register
kansa.com: yes
kansb.com: yes
kansc.com: yes
kansd.com: yes
kanse.com: yes
kansf.com: yes
kansg.com: yes
kansh.com: yes
kansi.com: yes
kansj.com: yes
kansk.com: yes
kansl.com: yes
kansm.com: yes
kansn.com: yes
kanso.com: yes
kansp.com: yes
kansq.com: yes
kansr.com: yes
kanss.com: yes
kanst.com: yes
kansu.com: yes
kansv.com: yes
kansw.com: yes
kansx.com: yes
kansy.com: yes
kansz.com: yes
kanta.com: yes
kantb.com: yes
kantc.com: yes
kantd.com: yes
kante.com: yes
kantf.com: yes
kantg.com: no ====== use register
kanth.com: yes
kanti.com: yes
kantj.com: yes
kantk.com: yes
kantl.com: no ====== use register
kantm.com: yes
kantn.com: no ====== use register
kanto.com: yes
kantp.com: yes
kantq.com: yes
kantr.com: yes
kants.com: yes
kantt.com: yes
kantu.com: yes
kantv.com: yes
kantw.com: yes
kantx.com: yes
kanty.com: yes
kantz.com: yes
kanua.com: yes
kanub.com: no ====== use register
kanuc.com: yes
kanud.com: yes
kanue.com: yes
kanuf.com: yes
kanug.com: no ====== use register
kanuh.com: yes
kanui.com: yes
kanuj.com: yes
kanuk.com: yes
kanul.com: yes
kanum.com: yes
kanun.com: yes
kanuo.com: yes
kanup.com: yes
kanuq.com: yes
kanur.com: yes
kanus.com: yes
kanut.com: yes
kanuu.com: yes
kanuv.com: yes
kanuw.com: yes
kanux.com: yes
kanuy.com: yes
kanuz.com: yes
kanva.com: yes
kanvb.com: no ====== use register
kanvc.com: yes
kanvd.com: no ====== use register
kanve.com: yes
kanvf.com: no ====== use register
kanvg.com: no ====== use register
kanvh.com: no ====== use register
kanvi.com: yes
kanvj.com: no ====== use register
kanvk.com: yes
kanvl.com: no ====== use register
kanvm.com: yes
kanvn.com: yes
kanvo.com: yes
kanvp.com: no ====== use register
kanvq.com: no ====== use register
kanvr.com: yes
kanvs.com: yes
kanvt.com: yes
kanvu.com: yes
kanvv.com: yes
kanvw.com: no ====== use register
kanvx.com: yes
kanvy.com: yes
kanvz.com: yes
kanwa.com: yes
kanwb.com: yes
kanwc.com: no ====== use register
kanwd.com: yes
kanwe.com: yes
kanwf.com: yes
kanwg.com: yes
kanwh.com: yes
kanwi.com: yes
kanwj.com: yes
kanwk.com: yes
kanwl.com: yes
kanwm.com: yes
kanwn.com: yes
kanwo.com: yes
kanwp.com: no ====== use register
kanwq.com: no ====== use register
kanwr.com: no ====== use register
kanws.com: yes
kanwt.com: yes
kanwu.com: yes
kanwv.com: no ====== use register
kanww.com: yes
kanwx.com: yes
kanwy.com: yes
kanwz.com: yes
kanxa.com: yes
kanxb.com: yes
kanxc.com: yes
kanxd.com: yes
kanxe.com: yes
kanxf.com: yes
kanxg.com: no ====== use register
kanxh.com: yes
kanxi.com: yes
kanxj.com: yes
kanxk.com: yes
kanxl.com: yes
kanxm.com: yes
kanxn.com: yes
kanxo.com: yes
kanxp.com: yes
kanxq.com: yes
kanxr.com: yes
kanxs.com: yes
kanxt.com: yes
kanxu.com: yes
kanxv.com: no ====== use register
kanxw.com: yes
kanxx.com: yes
kanxy.com: yes
kanxz.com: yes
kanya.com: yes
kanyb.com: yes
kanyc.com: yes
kanyd.com: yes
kanye.com: yes
kanyf.com: no ====== use register
kanyg.com: yes
kanyh.com: yes
kanyi.com: yes
kanyj.com: yes
kanyk.com: yes
kanyl.com: yes
kanym.com: yes
kanyn.com: yes
kanyo.com: yes
kanyp.com: yes
kanyq.com: yes
kanyr.com: yes
kanys.com: yes
kanyt.com: yes
kanyu.com: yes
kanyv.com: yes
kanyw.com: yes
kanyx.com: yes
kanyy.com: yes
kanyz.com: yes
kanza.com: yes
kanzb.com: yes
kanzc.com: yes
kanzd.com: yes
kanze.com: yes
kanzf.com: yes
kanzg.com: yes
kanzh.com: yes
kanzi.com: yes
kanzj.com: yes
kanzk.com: yes
kanzl.com: yes
kanzm.com: yes
kanzn.com: yes
kanzo.com: yes
kanzp.com: yes
kanzq.com: yes
kanzr.com: yes
kanzs.com: yes
kanzt.com: yes
kanzu.com: yes
kanzv.com: no ====== use register
kanzw.com: yes
kanzx.com: yes
kanzy.com: yes
kanzz.com: yes
