aaaaa.com: yes
aaaab.com: yes
aaaac.com: yes
aaaad.com: yes
aaaae.com: yes
aaaaf.com: yes
aaaag.com: yes
aaaah.com: yes
aaaai.com: yes
aaaaj.com: yes
aaaak.com: yes
aaaal.com: yes
aaaam.com: yes
aaaan.com: yes
aaaao.com: yes
aaaap.com: yes
aaaaq.com: yes
aaaar.com: yes
aaaas.com: yes
aaaat.com: yes
aaaau.com: yes
aaaav.com: yes
aaaaw.com: yes
aaaax.com: yes
aaaay.com: yes
aaaaz.com: yes
bbbba.com: yes
bbbbb.com: yes
bbbbc.com: yes
bbbbd.com: yes
bbbbe.com: yes
bbbbf.com: yes
bbbbg.com: yes
bbbbh.com: yes
bbbbi.com: yes
bbbbj.com: yes
bbbbk.com: yes
bbbbl.com: yes
bbbbm.com: yes
bbbbn.com: yes
bbbbo.com: yes
bbbbp.com: yes
bbbbq.com: yes
bbbbr.com: yes
bbbbs.com: yes
bbbbt.com: yes
bbbbu.com: yes
bbbbv.com: yes
bbbbw.com: yes
bbbbx.com: yes
bbbby.com: yes
bbbbz.com: yes
cccca.com: yes
ccccb.com: yes
ccccc.com: yes
ccccd.com: yes
cccce.com: yes
ccccf.com: yes
ccccg.com: yes
cccch.com: yes
cccci.com: yes
ccccj.com: yes
cccck.com: yes
ccccl.com: yes
ccccm.com: yes
ccccn.com: yes
cccco.com: yes
ccccp.com: yes
ccccq.com: yes
ccccr.com: yes
ccccs.com: yes
cccct.com: yes
ccccu.com: yes
ccccv.com: yes
ccccw.com: yes
ccccx.com: yes
ccccy.com: yes
ccccz.com: yes
dddda.com: yes
ddddb.com: yes
ddddc.com: yes
ddddd.com: yes
dddde.com: yes
ddddf.com: yes
ddddg.com: yes
ddddh.com: yes
ddddi.com: yes
ddddj.com: yes
ddddk.com: yes
ddddl.com: yes
ddddm.com: yes
ddddn.com: yes
ddddo.com: yes
ddddp.com: yes
ddddq.com: yes
ddddr.com: yes
dddds.com: yes
ddddt.com: yes
ddddu.com: yes
ddddv.com: yes
ddddw.com: yes
ddddx.com: yes
ddddy.com: yes
ddddz.com: yes
eeeea.com: yes
eeeeb.com: yes
eeeec.com: yes
eeeed.com: yes
eeeee.com: yes
eeeef.com: yes
eeeeg.com: yes
eeeeh.com: yes
eeeei.com: yes
eeeej.com: yes
eeeek.com: yes
eeeel.com: yes
eeeem.com: yes
eeeen.com: yes
eeeeo.com: yes
eeeep.com: yes
eeeeq.com: yes
eeeer.com: yes
eeees.com: yes
eeeet.com: yes
eeeeu.com: yes
eeeev.com: yes
eeeew.com: yes
eeeex.com: yes
eeeey.com: yes
eeeez.com: yes
ffffa.com: yes
ffffb.com: yes
ffffc.com: yes
ffffd.com: yes
ffffe.com: yes
fffff.com: yes
ffffg.com: yes
ffffh.com: yes
ffffi.com: yes
ffffj.com: yes
ffffk.com: yes
ffffl.com: yes
ffffm.com: yes
ffffn.com: yes
ffffo.com: yes
ffffp.com: yes
ffffq.com: yes
ffffr.com: yes
ffffs.com: yes
fffft.com: yes
ffffu.com: yes
ffffv.com: yes
ffffw.com: yes
ffffx.com: yes
ffffy.com: yes
ffffz.com: yes
gggga.com: yes
ggggb.com: yes
ggggc.com: yes
ggggd.com: yes
gggge.com: yes
ggggf.com: yes
ggggg.com: yes
ggggh.com: yes
ggggi.com: yes
ggggj.com: yes
ggggk.com: yes
ggggl.com: yes
ggggm.com: yes
ggggn.com: yes
ggggo.com: yes
ggggp.com: yes
ggggq.com: yes
ggggr.com: yes
ggggs.com: yes
ggggt.com: yes
ggggu.com: yes
ggggv.com: yes
ggggw.com: yes
ggggx.com: yes
ggggy.com: yes
ggggz.com: yes
hhhha.com: yes
hhhhb.com: yes
hhhhc.com: yes
hhhhd.com: yes
hhhhe.com: yes
hhhhf.com: yes
hhhhg.com: yes
hhhhh.com: yes
hhhhi.com: yes
hhhhj.com: yes
hhhhk.com: yes
hhhhl.com: yes
hhhhm.com: yes
hhhhn.com: yes
hhhho.com: yes
hhhhp.com: yes
hhhhq.com: yes
hhhhr.com: yes
hhhhs.com: yes
hhhht.com: yes
hhhhu.com: yes
hhhhv.com: yes
hhhhw.com: yes
hhhhx.com: yes
hhhhy.com: yes
hhhhz.com: yes
iiiia.com: yes
iiiib.com: yes
iiiic.com: yes
iiiid.com: yes
iiiie.com: yes
iiiif.com: yes
iiiig.com: yes
iiiih.com: yes
iiiii.com: yes
iiiij.com: yes
iiiik.com: yes
iiiil.com: yes
iiiim.com: yes
iiiin.com: yes
iiiio.com: yes
iiiip.com: yes
iiiiq.com: yes
iiiir.com: yes
iiiis.com: yes
iiiit.com: yes
iiiiu.com: yes
iiiiv.com: yes
iiiiw.com: yes
iiiix.com: yes
iiiiy.com: yes
iiiiz.com: yes
jjjja.com: yes
jjjjb.com: yes
jjjjc.com: yes
jjjjd.com: yes
jjjje.com: yes
jjjjf.com: yes
jjjjg.com: yes
jjjjh.com: yes
jjjji.com: yes
jjjjj.com: yes
jjjjk.com: yes
jjjjl.com: yes
jjjjm.com: yes
jjjjn.com: yes
jjjjo.com: yes
jjjjp.com: yes
jjjjq.com: yes
jjjjr.com: yes
jjjjs.com: yes
jjjjt.com: yes
jjjju.com: yes
jjjjv.com: yes
jjjjw.com: yes
jjjjx.com: yes
jjjjy.com: yes
jjjjz.com: yes
kkkka.com: yes
kkkkb.com: yes
kkkkc.com: yes
kkkkd.com: yes
kkkke.com: yes
kkkkf.com: yes
kkkkg.com: yes
kkkkh.com: yes
kkkki.com: yes
kkkkj.com: yes
kkkkk.com: yes
kkkkl.com: yes
kkkkm.com: yes
kkkkn.com: yes
kkkko.com: yes
kkkkp.com: yes
kkkkq.com: yes
kkkkr.com: yes
kkkks.com: yes
kkkkt.com: yes
kkkku.com: yes
kkkkv.com: yes
kkkkw.com: yes
kkkkx.com: yes
kkkky.com: yes
kkkkz.com: yes
lllla.com: yes
llllb.com: yes
llllc.com: yes
lllld.com: yes
lllle.com: yes
llllf.com: yes
llllg.com: yes
llllh.com: yes
lllli.com: yes
llllj.com: yes
llllk.com: yes
lllll.com: yes
llllm.com: yes
lllln.com: yes
llllo.com: yes
llllp.com: yes
llllq.com: yes
llllr.com: yes
lllls.com: yes
llllt.com: yes
llllu.com: yes
llllv.com: yes
llllw.com: yes
llllx.com: yes
lllly.com: yes
llllz.com: yes
mmmma.com: yes
mmmmb.com: yes
mmmmc.com: yes
mmmmd.com: yes
mmmme.com: yes
mmmmf.com: yes
mmmmg.com: yes
mmmmh.com: yes
mmmmi.com: yes
mmmmj.com: yes
mmmmk.com: yes
mmmml.com: yes
mmmmm.com: yes
mmmmn.com: yes
mmmmo.com: yes
mmmmp.com: yes
mmmmq.com: yes
mmmmr.com: yes
mmmms.com: yes
mmmmt.com: yes
mmmmu.com: yes
mmmmv.com: yes
mmmmw.com: yes
mmmmx.com: yes
mmmmy.com: yes
mmmmz.com: yes
nnnna.com: yes
nnnnb.com: yes
nnnnc.com: yes
nnnnd.com: yes
nnnne.com: yes
nnnnf.com: yes
nnnng.com: yes
nnnnh.com: yes
nnnni.com: yes
nnnnj.com: yes
nnnnk.com: yes
nnnnl.com: yes
nnnnm.com: yes
nnnnn.com: yes
nnnno.com: yes
nnnnp.com: yes
nnnnq.com: yes
nnnnr.com: yes
nnnns.com: yes
nnnnt.com: yes
nnnnu.com: yes
nnnnv.com: yes
nnnnw.com: yes
nnnnx.com: yes
nnnny.com: yes
nnnnz.com: yes
ooooa.com: yes
oooob.com: yes
ooooc.com: yes
ooood.com: yes
ooooe.com: yes
oooof.com: yes
oooog.com: yes
ooooh.com: yes
ooooi.com: yes
ooooj.com: yes
ooook.com: yes
ooool.com: yes
oooom.com: yes
oooon.com: yes
ooooo.com: yes
oooop.com: yes
ooooq.com: yes
oooor.com: yes
oooos.com: yes
oooot.com: yes
oooou.com: yes
oooov.com: yes
oooow.com: yes
oooox.com: yes
ooooy.com: yes
ooooz.com: yes
ppppa.com: yes
ppppb.com: yes
ppppc.com: yes
ppppd.com: yes
ppppe.com: yes
ppppf.com: yes
ppppg.com: yes
pppph.com: yes
ppppi.com: yes
ppppj.com: yes
ppppk.com: yes
ppppl.com: yes
ppppm.com: yes
ppppn.com: yes
ppppo.com: yes
ppppp.com: yes
ppppq.com: yes
ppppr.com: yes
pppps.com: yes
ppppt.com: yes
ppppu.com: yes
ppppv.com: yes
ppppw.com: yes
ppppx.com: yes
ppppy.com: yes
ppppz.com: yes
qqqqa.com: yes
qqqqb.com: yes
qqqqc.com: yes
qqqqd.com: yes
qqqqe.com: yes
qqqqf.com: yes
qqqqg.com: yes
qqqqh.com: yes
qqqqi.com: yes
qqqqj.com: yes
qqqqk.com: yes
qqqql.com: yes
qqqqm.com: yes
qqqqn.com: yes
qqqqo.com: yes
qqqqp.com: yes
qqqqq.com: yes
qqqqr.com: yes
qqqqs.com: yes
qqqqt.com: yes
qqqqu.com: yes
qqqqv.com: yes
qqqqw.com: yes
qqqqx.com: yes
qqqqy.com: yes
qqqqz.com: yes
rrrra.com: yes
rrrrb.com: yes
rrrrc.com: yes
rrrrd.com: yes
rrrre.com: yes
rrrrf.com: yes
rrrrg.com: yes
rrrrh.com: yes
rrrri.com: yes
rrrrj.com: yes
rrrrk.com: yes
rrrrl.com: yes
rrrrm.com: yes
rrrrn.com: yes
rrrro.com: yes
rrrrp.com: yes
rrrrq.com: yes
rrrrr.com: yes
rrrrs.com: yes
rrrrt.com: yes
rrrru.com: yes
rrrrv.com: yes
rrrrw.com: yes
rrrrx.com: yes
rrrry.com: yes
rrrrz.com: yes
ssssa.com: yes
ssssb.com: yes
ssssc.com: yes
ssssd.com: yes
sssse.com: yes
ssssf.com: yes
ssssg.com: yes
ssssh.com: yes
ssssi.com: yes
ssssj.com: yes
ssssk.com: yes
ssssl.com: yes
ssssm.com: yes
ssssn.com: yes
sssso.com: yes
ssssp.com: yes
ssssq.com: yes
ssssr.com: yes
sssss.com: yes
sssst.com: yes
ssssu.com: yes
ssssv.com: yes
ssssw.com: yes
ssssx.com: yes
ssssy.com: yes
ssssz.com: yes
tttta.com: yes
ttttb.com: yes
ttttc.com: yes
ttttd.com: yes
tttte.com: yes
ttttf.com: yes
ttttg.com: yes
tttth.com: yes
tttti.com: yes
ttttj.com: yes
ttttk.com: yes
ttttl.com: yes
ttttm.com: yes
ttttn.com: yes
tttto.com: yes
ttttp.com: yes
ttttq.com: yes
ttttr.com: yes
tttts.com: yes
ttttt.com: yes
ttttu.com: yes
ttttv.com: yes
ttttw.com: yes
ttttx.com: yes
tttty.com: yes
ttttz.com: yes
uuuua.com: yes
uuuub.com: yes
uuuuc.com: yes
uuuud.com: yes
uuuue.com: yes
uuuuf.com: yes
uuuug.com: yes
uuuuh.com: yes
uuuui.com: yes
uuuuj.com: yes
uuuuk.com: yes
uuuul.com: yes
uuuum.com: yes
uuuun.com: yes
uuuuo.com: yes
uuuup.com: yes
uuuuq.com: yes
uuuur.com: yes
uuuus.com: yes
uuuut.com: yes
uuuuu.com: yes
uuuuv.com: yes
uuuuw.com: yes
uuuux.com: yes
uuuuy.com: yes
uuuuz.com: yes
vvvva.com: yes
vvvvb.com: yes
vvvvc.com: yes
vvvvd.com: yes
vvvve.com: yes
vvvvf.com: yes
vvvvg.com: yes
vvvvh.com: yes
vvvvi.com: yes
vvvvj.com: yes
vvvvk.com: yes
vvvvl.com: yes
vvvvm.com: yes
vvvvn.com: yes
vvvvo.com: yes
vvvvp.com: yes
vvvvq.com: yes
vvvvr.com: yes
vvvvs.com: yes
vvvvt.com: yes
vvvvu.com: yes
vvvvv.com: yes
vvvvw.com: yes
vvvvx.com: yes
vvvvy.com: yes
vvvvz.com: yes
wwwwa.com: yes
wwwwb.com: yes
wwwwc.com: yes
wwwwd.com: yes
wwwwe.com: yes
wwwwf.com: yes
wwwwg.com: yes
wwwwh.com: yes
wwwwi.com: yes
wwwwj.com: yes
wwwwk.com: yes
wwwwl.com: yes
wwwwm.com: yes
wwwwn.com: yes
wwwwo.com: yes
wwwwp.com: yes
wwwwq.com: yes
wwwwr.com: yes
wwwws.com: yes
wwwwt.com: yes
wwwwu.com: yes
wwwwv.com: yes
wwwww.com: yes
wwwwx.com: yes
wwwwy.com: yes
wwwwz.com: yes
xxxxa.com: yes
xxxxb.com: yes
xxxxc.com: yes
xxxxd.com: yes
xxxxe.com: yes
xxxxf.com: yes
xxxxg.com: yes
xxxxh.com: yes
xxxxi.com: yes
xxxxj.com: yes
xxxxk.com: yes
xxxxl.com: yes
xxxxm.com: yes
xxxxn.com: yes
xxxxo.com: yes
xxxxp.com: yes
xxxxq.com: yes
xxxxr.com: yes
xxxxs.com: yes
xxxxt.com: yes
xxxxu.com: yes
xxxxv.com: yes
xxxxw.com: yes
xxxxx.com: yes
xxxxy.com: yes
xxxxz.com: yes
yyyya.com: yes
yyyyb.com: yes
yyyyc.com: yes
yyyyd.com: yes
yyyye.com: yes
yyyyf.com: yes
yyyyg.com: yes
yyyyh.com: yes
yyyyi.com: yes
yyyyj.com: yes
yyyyk.com: yes
yyyyl.com: yes
yyyym.com: yes
yyyyn.com: yes
yyyyo.com: yes
yyyyp.com: yes
yyyyq.com: yes
yyyyr.com: yes
yyyys.com: yes
yyyyt.com: yes
yyyyu.com: yes
yyyyv.com: yes
yyyyw.com: yes
yyyyx.com: yes
yyyyy.com: yes
yyyyz.com: yes
zzzza.com: yes
zzzzb.com: yes
zzzzc.com: yes
zzzzd.com: yes
zzzze.com: yes
zzzzf.com: yes
zzzzg.com: yes
zzzzh.com: yes
zzzzi.com: yes
zzzzj.com: yes
zzzzk.com: yes
zzzzl.com: yes
zzzzm.com: yes
zzzzn.com: yes
zzzzo.com: yes
zzzzp.com: yes
zzzzq.com: yes
zzzzr.com: yes
zzzzs.com: yes
zzzzt.com: yes
zzzzu.com: yes
zzzzv.com: yes
zzzzw.com: yes
zzzzx.com: yes
zzzzy.com: yes
zzzzz.com: yes
aaaaa.com: yes
baaaa.com: yes
caaaa.com: yes
daaaa.com: yes
eaaaa.com: yes
faaaa.com: yes
gaaaa.com: yes
haaaa.com: yes
iaaaa.com: yes
jaaaa.com: yes
kaaaa.com: yes
laaaa.com: yes
maaaa.com: yes
naaaa.com: yes
oaaaa.com: yes
paaaa.com: yes
qaaaa.com: yes
raaaa.com: yes
saaaa.com: yes
taaaa.com: yes
uaaaa.com: yes
vaaaa.com: yes
waaaa.com: yes
xaaaa.com: yes
yaaaa.com: yes
zaaaa.com: yes
abbbb.com: yes
bbbbb.com: yes
cbbbb.com: yes
dbbbb.com: yes
ebbbb.com: yes
fbbbb.com: yes
gbbbb.com: yes
hbbbb.com: yes
ibbbb.com: yes
jbbbb.com: yes
kbbbb.com: yes
lbbbb.com: yes
mbbbb.com: yes
nbbbb.com: yes
obbbb.com: yes
pbbbb.com: yes
qbbbb.com: yes
rbbbb.com: yes
sbbbb.com: yes
tbbbb.com: yes
ubbbb.com: yes
vbbbb.com: yes
wbbbb.com: yes
xbbbb.com: yes
ybbbb.com: yes
zbbbb.com: yes
acccc.com: yes
bcccc.com: yes
ccccc.com: yes
dcccc.com: yes
ecccc.com: yes
fcccc.com: yes
gcccc.com: yes
hcccc.com: yes
icccc.com: yes
jcccc.com: yes
kcccc.com: yes
lcccc.com: yes
mcccc.com: yes
ncccc.com: yes
occcc.com: yes
pcccc.com: yes
qcccc.com: yes
rcccc.com: yes
scccc.com: yes
tcccc.com: yes
ucccc.com: yes
vcccc.com: yes
wcccc.com: yes
xcccc.com: yes
ycccc.com: yes
zcccc.com: yes
adddd.com: yes
bdddd.com: yes
cdddd.com: yes
ddddd.com: yes
edddd.com: yes
fdddd.com: yes
gdddd.com: yes
hdddd.com: yes
idddd.com: yes
jdddd.com: yes
kdddd.com: yes
ldddd.com: yes
mdddd.com: yes
ndddd.com: yes
odddd.com: yes
pdddd.com: yes
qdddd.com: yes
rdddd.com: yes
sdddd.com: yes
tdddd.com: yes
udddd.com: yes
vdddd.com: yes
wdddd.com: yes
xdddd.com: yes
ydddd.com: yes
zdddd.com: yes
aeeee.com: yes
beeee.com: yes
ceeee.com: yes
deeee.com: yes
eeeee.com: yes
feeee.com: yes
geeee.com: yes
heeee.com: yes
ieeee.com: yes
jeeee.com: yes
keeee.com: yes
leeee.com: yes
meeee.com: yes
neeee.com: yes
oeeee.com: yes
peeee.com: yes
qeeee.com: yes
reeee.com: yes
seeee.com: yes
teeee.com: yes
ueeee.com: yes
veeee.com: yes
weeee.com: yes
xeeee.com: yes
yeeee.com: yes
zeeee.com: yes
affff.com: yes
bffff.com: yes
cffff.com: yes
dffff.com: yes
effff.com: yes
fffff.com: yes
gffff.com: yes
hffff.com: yes
iffff.com: yes
jffff.com: yes
kffff.com: yes
lffff.com: yes
mffff.com: yes
nffff.com: yes
offff.com: yes
pffff.com: yes
qffff.com: yes
rffff.com: yes
sffff.com: yes
tffff.com: yes
uffff.com: yes
vffff.com: yes
wffff.com: yes
xffff.com: yes
yffff.com: yes
zffff.com: yes
agggg.com: yes
bgggg.com: yes
cgggg.com: yes
dgggg.com: yes
egggg.com: yes
fgggg.com: yes
ggggg.com: yes
hgggg.com: yes
igggg.com: yes
jgggg.com: yes
kgggg.com: yes
lgggg.com: yes
mgggg.com: yes
ngggg.com: yes
ogggg.com: yes
pgggg.com: yes
qgggg.com: yes
rgggg.com: yes
sgggg.com: yes
tgggg.com: yes
ugggg.com: yes
vgggg.com: yes
wgggg.com: yes
xgggg.com: yes
ygggg.com: yes
zgggg.com: yes
ahhhh.com: yes
bhhhh.com: yes
chhhh.com: yes
dhhhh.com: yes
ehhhh.com: yes
fhhhh.com: yes
ghhhh.com: yes
hhhhh.com: yes
ihhhh.com: yes
jhhhh.com: yes
khhhh.com: yes
lhhhh.com: yes
mhhhh.com: yes
nhhhh.com: yes
ohhhh.com: yes
phhhh.com: yes
qhhhh.com: yes
rhhhh.com: yes
shhhh.com: yes
thhhh.com: yes
uhhhh.com: yes
vhhhh.com: yes
whhhh.com: yes
xhhhh.com: yes
yhhhh.com: yes
zhhhh.com: yes
aiiii.com: yes
biiii.com: yes
ciiii.com: yes
diiii.com: yes
eiiii.com: yes
fiiii.com: yes
giiii.com: yes
hiiii.com: yes
iiiii.com: yes
jiiii.com: yes
kiiii.com: yes
liiii.com: yes
miiii.com: yes
niiii.com: yes
oiiii.com: yes
piiii.com: yes
qiiii.com: yes
riiii.com: yes
siiii.com: yes
tiiii.com: yes
uiiii.com: yes
viiii.com: yes
wiiii.com: yes
xiiii.com: yes
yiiii.com: yes
ziiii.com: yes
ajjjj.com: yes
bjjjj.com: yes
cjjjj.com: yes
djjjj.com: yes
ejjjj.com: yes
fjjjj.com: yes
gjjjj.com: yes
hjjjj.com: yes
ijjjj.com: yes
jjjjj.com: yes
kjjjj.com: yes
ljjjj.com: yes
mjjjj.com: yes
njjjj.com: yes
ojjjj.com: yes
pjjjj.com: yes
qjjjj.com: yes
rjjjj.com: yes
sjjjj.com: yes
tjjjj.com: yes
ujjjj.com: yes
vjjjj.com: yes
wjjjj.com: yes
xjjjj.com: yes
yjjjj.com: yes
zjjjj.com: yes
akkkk.com: yes
bkkkk.com: yes
ckkkk.com: yes
dkkkk.com: yes
ekkkk.com: yes
fkkkk.com: yes
gkkkk.com: yes
hkkkk.com: yes
ikkkk.com: yes
jkkkk.com: yes
kkkkk.com: yes
lkkkk.com: yes
mkkkk.com: yes
nkkkk.com: yes
okkkk.com: yes
pkkkk.com: yes
qkkkk.com: yes
rkkkk.com: yes
skkkk.com: yes
tkkkk.com: yes
ukkkk.com: yes
vkkkk.com: yes
wkkkk.com: yes
xkkkk.com: yes
ykkkk.com: yes
zkkkk.com: yes
allll.com: yes
bllll.com: yes
cllll.com: yes
dllll.com: yes
ellll.com: yes
fllll.com: yes
gllll.com: yes
hllll.com: yes
illll.com: yes
jllll.com: yes
kllll.com: yes
lllll.com: yes
mllll.com: yes
nllll.com: yes
ollll.com: yes
pllll.com: yes
qllll.com: yes
rllll.com: yes
sllll.com: yes
tllll.com: yes
ullll.com: yes
vllll.com: yes
wllll.com: yes
xllll.com: yes
yllll.com: yes
zllll.com: yes
ammmm.com: yes
bmmmm.com: yes
cmmmm.com: yes
dmmmm.com: yes
emmmm.com: yes
fmmmm.com: yes
gmmmm.com: yes
hmmmm.com: yes
immmm.com: yes
jmmmm.com: yes
kmmmm.com: yes
lmmmm.com: yes
mmmmm.com: yes
nmmmm.com: yes
ommmm.com: yes
pmmmm.com: yes
qmmmm.com: yes
rmmmm.com: yes
smmmm.com: yes
tmmmm.com: yes
ummmm.com: yes
vmmmm.com: yes
wmmmm.com: yes
xmmmm.com: yes
ymmmm.com: yes
zmmmm.com: yes
annnn.com: yes
bnnnn.com: yes
cnnnn.com: yes
dnnnn.com: yes
ennnn.com: yes
fnnnn.com: yes
gnnnn.com: yes
hnnnn.com: yes
innnn.com: yes
jnnnn.com: yes
knnnn.com: yes
lnnnn.com: yes
mnnnn.com: yes
nnnnn.com: yes
onnnn.com: yes
pnnnn.com: yes
qnnnn.com: yes
rnnnn.com: yes
snnnn.com: yes
tnnnn.com: yes
unnnn.com: yes
vnnnn.com: yes
wnnnn.com: yes
xnnnn.com: yes
ynnnn.com: yes
znnnn.com: yes
aoooo.com: yes
boooo.com: yes
coooo.com: yes
doooo.com: yes
eoooo.com: yes
foooo.com: yes
goooo.com: yes
hoooo.com: yes
ioooo.com: yes
joooo.com: yes
koooo.com: yes
loooo.com: yes
moooo.com: yes
noooo.com: yes
ooooo.com: yes
poooo.com: yes
qoooo.com: yes
roooo.com: yes
soooo.com: yes
toooo.com: yes
uoooo.com: yes
voooo.com: yes
woooo.com: yes
xoooo.com: yes
yoooo.com: yes
zoooo.com: yes
apppp.com: yes
bpppp.com: yes
cpppp.com: yes
dpppp.com: yes
epppp.com: yes
fpppp.com: yes
gpppp.com: yes
hpppp.com: yes
ipppp.com: yes
jpppp.com: yes
kpppp.com: yes
lpppp.com: yes
mpppp.com: yes
npppp.com: yes
opppp.com: yes
ppppp.com: yes
qpppp.com: yes
rpppp.com: yes
spppp.com: yes
tpppp.com: yes
upppp.com: yes
vpppp.com: yes
wpppp.com: yes
xpppp.com: yes
ypppp.com: yes
zpppp.com: yes
aqqqq.com: yes
bqqqq.com: yes
cqqqq.com: yes
dqqqq.com: yes
eqqqq.com: yes
fqqqq.com: yes
gqqqq.com: yes
hqqqq.com: yes
iqqqq.com: yes
jqqqq.com: yes
kqqqq.com: yes
lqqqq.com: yes
mqqqq.com: yes
nqqqq.com: yes
oqqqq.com: yes
pqqqq.com: yes
qqqqq.com: yes
rqqqq.com: yes
sqqqq.com: yes
tqqqq.com: yes
uqqqq.com: yes
vqqqq.com: yes
wqqqq.com: yes
xqqqq.com: yes
yqqqq.com: yes
zqqqq.com: yes
arrrr.com: yes
brrrr.com: yes
crrrr.com: yes
drrrr.com: yes
errrr.com: yes
frrrr.com: yes
grrrr.com: yes
hrrrr.com: yes
irrrr.com: yes
jrrrr.com: yes
krrrr.com: yes
lrrrr.com: yes
mrrrr.com: yes
nrrrr.com: yes
orrrr.com: yes
prrrr.com: yes
qrrrr.com: yes
rrrrr.com: yes
srrrr.com: yes
trrrr.com: yes
urrrr.com: yes
vrrrr.com: yes
wrrrr.com: yes
xrrrr.com: yes
yrrrr.com: yes
zrrrr.com: yes
assss.com: yes
bssss.com: yes
cssss.com: yes
dssss.com: yes
essss.com: yes
fssss.com: yes
gssss.com: yes
hssss.com: yes
issss.com: yes
jssss.com: yes
kssss.com: yes
lssss.com: yes
mssss.com: yes
nssss.com: yes
ossss.com: yes
pssss.com: yes
qssss.com: yes
rssss.com: yes
sssss.com: yes
tssss.com: yes
ussss.com: yes
vssss.com: yes
wssss.com: yes
xssss.com: yes
yssss.com: yes
zssss.com: yes
atttt.com: yes
btttt.com: yes
ctttt.com: yes
dtttt.com: yes
etttt.com: yes
ftttt.com: yes
gtttt.com: yes
htttt.com: yes
itttt.com: yes
jtttt.com: yes
ktttt.com: yes
ltttt.com: yes
mtttt.com: yes
ntttt.com: yes
otttt.com: yes
ptttt.com: yes
qtttt.com: yes
rtttt.com: yes
stttt.com: yes
ttttt.com: yes
utttt.com: yes
vtttt.com: yes
wtttt.com: yes
xtttt.com: yes
ytttt.com: yes
ztttt.com: yes
auuuu.com: yes
buuuu.com: yes
cuuuu.com: yes
duuuu.com: yes
euuuu.com: yes
fuuuu.com: yes
guuuu.com: yes
huuuu.com: yes
iuuuu.com: yes
juuuu.com: yes
kuuuu.com: yes
luuuu.com: yes
muuuu.com: yes
nuuuu.com: yes
ouuuu.com: yes
puuuu.com: yes
quuuu.com: yes
ruuuu.com: yes
suuuu.com: yes
tuuuu.com: yes
uuuuu.com: yes
vuuuu.com: yes
wuuuu.com: yes
xuuuu.com: yes
yuuuu.com: yes
zuuuu.com: yes
avvvv.com: yes
bvvvv.com: yes
cvvvv.com: yes
dvvvv.com: yes
evvvv.com: yes
fvvvv.com: yes
gvvvv.com: yes
hvvvv.com: yes
ivvvv.com: yes
jvvvv.com: yes
kvvvv.com: yes
lvvvv.com: yes
mvvvv.com: yes
nvvvv.com: yes
ovvvv.com: yes
pvvvv.com: yes
qvvvv.com: yes
rvvvv.com: yes
svvvv.com: yes
tvvvv.com: yes
uvvvv.com: yes
vvvvv.com: yes
wvvvv.com: yes
xvvvv.com: yes
yvvvv.com: yes
zvvvv.com: yes
awwww.com: yes
bwwww.com: yes
cwwww.com: yes
dwwww.com: yes
ewwww.com: yes
fwwww.com: yes
gwwww.com: yes
hwwww.com: yes
iwwww.com: yes
jwwww.com: yes
kwwww.com: yes
lwwww.com: yes
mwwww.com: yes
nwwww.com: yes
owwww.com: yes
pwwww.com: yes
qwwww.com: yes
rwwww.com: yes
swwww.com: yes
twwww.com: yes
uwwww.com: yes
vwwww.com: yes
wwwww.com: yes
xwwww.com: yes
ywwww.com: yes
zwwww.com: yes
axxxx.com: yes
bxxxx.com: yes
cxxxx.com: yes
dxxxx.com: yes
exxxx.com: yes
fxxxx.com: yes
gxxxx.com: yes
hxxxx.com: yes
ixxxx.com: yes
jxxxx.com: yes
kxxxx.com: yes
lxxxx.com: yes
mxxxx.com: yes
nxxxx.com: yes
oxxxx.com: yes
pxxxx.com: yes
qxxxx.com: yes
rxxxx.com: yes
sxxxx.com: yes
txxxx.com: yes
uxxxx.com: yes
vxxxx.com: yes
wxxxx.com: yes
xxxxx.com: yes
yxxxx.com: yes
zxxxx.com: yes
ayyyy.com: yes
byyyy.com: yes
cyyyy.com: yes
dyyyy.com: yes
eyyyy.com: yes
fyyyy.com: yes
gyyyy.com: yes
hyyyy.com: yes
iyyyy.com: yes
jyyyy.com: yes
kyyyy.com: yes
lyyyy.com: yes
myyyy.com: yes
nyyyy.com: yes
oyyyy.com: yes
pyyyy.com: yes
qyyyy.com: yes
ryyyy.com: yes
syyyy.com: yes
tyyyy.com: yes
uyyyy.com: yes
vyyyy.com: yes
wyyyy.com: yes
xyyyy.com: yes
yyyyy.com: yes
zyyyy.com: yes
azzzz.com: yes
bzzzz.com: yes
czzzz.com: yes
dzzzz.com: yes
ezzzz.com: yes
fzzzz.com: yes
gzzzz.com: yes
hzzzz.com: yes
izzzz.com: yes
jzzzz.com: yes
kzzzz.com: yes
lzzzz.com: yes
mzzzz.com: yes
nzzzz.com: yes
ozzzz.com: yes
pzzzz.com: yes
qzzzz.com: yes
rzzzz.com: yes
szzzz.com: yes
tzzzz.com: yes
uzzzz.com: yes
vzzzz.com: yes
wzzzz.com: yes
xzzzz.com: yes
yzzzz.com: yes
zzzzz.com: yes
