aaaaa.com: yes
aabbb.com: yes
aaccc.com: yes
aaddd.com: yes
aaeee.com: yes
aafff.com: yes
aaggg.com: yes
aahhh.com: yes
aaiii.com: yes
aajjj.com: yes
aakkk.com: yes
aalll.com: yes
aammm.com: yes
aannn.com: yes
aaooo.com: yes
aappp.com: yes
aaqqq.com: yes
aarrr.com: yes
aasss.com: yes
aattt.com: yes
aauuu.com: yes
aavvv.com: yes
aawww.com: yes
aaxxx.com: yes
aayyy.com: yes
aazzz.com: yes
bbaaa.com: yes
bbbbb.com: yes
bbccc.com: yes
bbddd.com: yes
bbeee.com: yes
bbfff.com: yes
bbggg.com: yes
bbhhh.com: yes
bbiii.com: yes
bbjjj.com: yes
bbkkk.com: yes
bblll.com: yes
bbmmm.com: yes
bbnnn.com: yes
bbooo.com: yes
bbppp.com: yes
bbqqq.com: yes
bbrrr.com: yes
bbsss.com: yes
bbttt.com: yes
bbuuu.com: yes
bbvvv.com: yes
bbwww.com: yes
bbxxx.com: yes
bbyyy.com: yes
bbzzz.com: yes
ccaaa.com: yes
ccbbb.com: yes
ccccc.com: yes
ccddd.com: yes
cceee.com: yes
ccfff.com: yes
ccggg.com: yes
cchhh.com: yes
cciii.com: yes
ccjjj.com: yes
cckkk.com: yes
cclll.com: yes
ccmmm.com: yes
ccnnn.com: yes
ccooo.com: yes
ccppp.com: yes
ccqqq.com: yes
ccrrr.com: yes
ccsss.com: yes
ccttt.com: yes
ccuuu.com: yes
ccvvv.com: yes
ccwww.com: yes
ccxxx.com: yes
ccyyy.com: yes
cczzz.com: yes
ddaaa.com: yes
ddbbb.com: yes
ddccc.com: yes
ddddd.com: yes
ddeee.com: yes
ddfff.com: yes
ddggg.com: yes
ddhhh.com: yes
ddiii.com: yes
ddjjj.com: yes
ddkkk.com: yes
ddlll.com: yes
ddmmm.com: yes
ddnnn.com: yes
ddooo.com: yes
ddppp.com: yes
ddqqq.com: yes
ddrrr.com: yes
ddsss.com: yes
ddttt.com: yes
dduuu.com: yes
ddvvv.com: yes
ddwww.com: yes
ddxxx.com: yes
ddyyy.com: yes
ddzzz.com: yes
eeaaa.com: yes
eebbb.com: yes
eeccc.com: yes
eeddd.com: yes
eeeee.com: yes
eefff.com: yes
eeggg.com: yes
eehhh.com: yes
eeiii.com: yes
eejjj.com: yes
eekkk.com: yes
eelll.com: yes
eemmm.com: yes
eennn.com: yes
eeooo.com: yes
eeppp.com: yes
eeqqq.com: yes
eerrr.com: yes
eesss.com: yes
eettt.com: yes
eeuuu.com: yes
eevvv.com: yes
eewww.com: yes
eexxx.com: yes
eeyyy.com: yes
eezzz.com: yes
ffaaa.com: yes
ffbbb.com: yes
ffccc.com: yes
ffddd.com: yes
ffeee.com: yes
fffff.com: yes
ffggg.com: yes
ffhhh.com: yes
ffiii.com: yes
ffjjj.com: yes
ffkkk.com: yes
fflll.com: yes
ffmmm.com: yes
ffnnn.com: yes
ffooo.com: yes
ffppp.com: yes
ffqqq.com: yes
ffrrr.com: yes
ffsss.com: yes
ffttt.com: yes
ffuuu.com: yes
ffvvv.com: yes
ffwww.com: yes
ffxxx.com: yes
ffyyy.com: yes
ffzzz.com: yes
ggaaa.com: yes
ggbbb.com: yes
ggccc.com: yes
ggddd.com: yes
ggeee.com: yes
ggfff.com: yes
ggggg.com: yes
gghhh.com: yes
ggiii.com: yes
ggjjj.com: yes
ggkkk.com: yes
gglll.com: yes
ggmmm.com: yes
ggnnn.com: yes
ggooo.com: yes
ggppp.com: yes
ggqqq.com: yes
ggrrr.com: yes
ggsss.com: yes
ggttt.com: yes
gguuu.com: yes
ggvvv.com: yes
ggwww.com: yes
ggxxx.com: yes
ggyyy.com: yes
ggzzz.com: yes
hhaaa.com: yes
hhbbb.com: yes
hhccc.com: yes
hhddd.com: yes
hheee.com: yes
hhfff.com: yes
hhggg.com: yes
hhhhh.com: yes
hhiii.com: yes
hhjjj.com: yes
hhkkk.com: yes
hhlll.com: yes
hhmmm.com: yes
hhnnn.com: yes
hhooo.com: yes
hhppp.com: yes
hhqqq.com: yes
hhrrr.com: yes
hhsss.com: yes
hhttt.com: yes
hhuuu.com: yes
hhvvv.com: yes
hhwww.com: yes
hhxxx.com: yes
hhyyy.com: yes
hhzzz.com: yes
iiaaa.com: yes
iibbb.com: yes
iiccc.com: yes
iiddd.com: yes
iieee.com: yes
iifff.com: yes
iiggg.com: yes
iihhh.com: yes
iiiii.com: yes
iijjj.com: yes
iikkk.com: yes
iilll.com: yes
iimmm.com: yes
iinnn.com: yes
iiooo.com: yes
iippp.com: yes
iiqqq.com: yes
iirrr.com: yes
iisss.com: yes
iittt.com: yes
iiuuu.com: yes
iivvv.com: yes
iiwww.com: yes
iixxx.com: yes
iiyyy.com: yes
iizzz.com: yes
jjaaa.com: yes
jjbbb.com: yes
jjccc.com: yes
jjddd.com: yes
jjeee.com: yes
jjfff.com: yes
jjggg.com: yes
jjhhh.com: yes
jjiii.com: yes
jjjjj.com: yes
jjkkk.com: yes
jjlll.com: yes
jjmmm.com: yes
jjnnn.com: yes
jjooo.com: yes
jjppp.com: yes
jjqqq.com: yes
jjrrr.com: yes
jjsss.com: yes
jjttt.com: yes
jjuuu.com: yes
jjvvv.com: yes
jjwww.com: yes
jjxxx.com: yes
jjyyy.com: yes
jjzzz.com: yes
kkaaa.com: yes
kkbbb.com: yes
kkccc.com: yes
kkddd.com: yes
kkeee.com: yes
kkfff.com: yes
kkggg.com: yes
kkhhh.com: yes
kkiii.com: yes
kkjjj.com: yes
kkkkk.com: yes
kklll.com: yes
kkmmm.com: yes
kknnn.com: yes
kkooo.com: yes
kkppp.com: yes
kkqqq.com: yes
kkrrr.com: yes
kksss.com: yes
kkttt.com: yes
kkuuu.com: yes
kkvvv.com: yes
kkwww.com: yes
kkxxx.com: yes
kkyyy.com: yes
kkzzz.com: yes
llaaa.com: yes
llbbb.com: yes
llccc.com: yes
llddd.com: yes
lleee.com: yes
llfff.com: yes
llggg.com: yes
llhhh.com: yes
lliii.com: yes
lljjj.com: yes
llkkk.com: yes
lllll.com: yes
llmmm.com: yes
llnnn.com: yes
llooo.com: yes
llppp.com: yes
llqqq.com: yes
llrrr.com: yes
llsss.com: yes
llttt.com: yes
lluuu.com: yes
llvvv.com: yes
llwww.com: yes
llxxx.com: yes
llyyy.com: yes
llzzz.com: yes
mmaaa.com: yes
mmbbb.com: yes
mmccc.com: yes
mmddd.com: yes
mmeee.com: yes
mmfff.com: yes
mmggg.com: yes
mmhhh.com: yes
mmiii.com: yes
mmjjj.com: yes
mmkkk.com: yes
mmlll.com: yes
mmmmm.com: yes
mmnnn.com: yes
mmooo.com: yes
mmppp.com: yes
mmqqq.com: yes
mmrrr.com: yes
mmsss.com: yes
mmttt.com: yes
mmuuu.com: yes
mmvvv.com: yes
mmwww.com: yes
mmxxx.com: yes
mmyyy.com: yes
mmzzz.com: yes
nnaaa.com: yes
nnbbb.com: yes
nnccc.com: yes
nnddd.com: yes
nneee.com: yes
nnfff.com: yes
nnggg.com: yes
nnhhh.com: yes
nniii.com: yes
nnjjj.com: yes
nnkkk.com: yes
nnlll.com: yes
nnmmm.com: yes
nnnnn.com: yes
nnooo.com: yes
nnppp.com: yes
nnqqq.com: yes
nnrrr.com: yes
nnsss.com: yes
nnttt.com: yes
nnuuu.com: yes
nnvvv.com: yes
nnwww.com: yes
nnxxx.com: yes
nnyyy.com: yes
nnzzz.com: yes
ooaaa.com: yes
oobbb.com: yes
ooccc.com: yes
ooddd.com: yes
ooeee.com: yes
oofff.com: yes
ooggg.com: yes
oohhh.com: yes
ooiii.com: yes
oojjj.com: yes
ookkk.com: yes
oolll.com: yes
oommm.com: yes
oonnn.com: yes
ooooo.com: yes
ooppp.com: yes
ooqqq.com: yes
oorrr.com: yes
oosss.com: yes
oottt.com: yes
oouuu.com: yes
oovvv.com: yes
oowww.com: yes
ooxxx.com: yes
ooyyy.com: yes
oozzz.com: yes
ppaaa.com: yes
ppbbb.com: yes
ppccc.com: yes
ppddd.com: yes
ppeee.com: yes
ppfff.com: yes
ppggg.com: yes
pphhh.com: yes
ppiii.com: yes
ppjjj.com: yes
ppkkk.com: yes
pplll.com: yes
ppmmm.com: yes
ppnnn.com: yes
ppooo.com: yes
ppppp.com: yes
ppqqq.com: yes
pprrr.com: yes
ppsss.com: yes
ppttt.com: yes
ppuuu.com: yes
ppvvv.com: yes
ppwww.com: yes
ppxxx.com: yes
ppyyy.com: yes
ppzzz.com: yes
qqaaa.com: yes
qqbbb.com: yes
qqccc.com: yes
qqddd.com: yes
qqeee.com: yes
qqfff.com: yes
qqggg.com: yes
qqhhh.com: yes
qqiii.com: yes
qqjjj.com: yes
qqkkk.com: yes
qqlll.com: yes
qqmmm.com: yes
qqnnn.com: yes
qqooo.com: yes
qqppp.com: yes
qqqqq.com: yes
qqrrr.com: yes
qqsss.com: yes
qqttt.com: yes
qquuu.com: yes
qqvvv.com: yes
qqwww.com: yes
qqxxx.com: yes
qqyyy.com: yes
qqzzz.com: yes
rraaa.com: yes
rrbbb.com: yes
rrccc.com: yes
rrddd.com: yes
rreee.com: yes
rrfff.com: yes
rrggg.com: yes
rrhhh.com: yes
rriii.com: yes
rrjjj.com: yes
rrkkk.com: yes
rrlll.com: yes
rrmmm.com: yes
rrnnn.com: yes
rrooo.com: yes
rrppp.com: yes
rrqqq.com: yes
rrrrr.com: yes
rrsss.com: yes
rrttt.com: yes
rruuu.com: yes
rrvvv.com: yes
rrwww.com: yes
rrxxx.com: yes
rryyy.com: yes
rrzzz.com: yes
ssaaa.com: yes
ssbbb.com: yes
ssccc.com: yes
ssddd.com: yes
sseee.com: yes
ssfff.com: yes
ssggg.com: yes
sshhh.com: yes
ssiii.com: yes
ssjjj.com: yes
sskkk.com: yes
sslll.com: yes
ssmmm.com: yes
ssnnn.com: yes
ssooo.com: yes
ssppp.com: yes
ssqqq.com: yes
ssrrr.com: yes
sssss.com: yes
ssttt.com: yes
ssuuu.com: yes
ssvvv.com: yes
sswww.com: yes
ssxxx.com: yes
ssyyy.com: yes
sszzz.com: yes
ttaaa.com: yes
ttbbb.com: yes
ttccc.com: yes
ttddd.com: yes
tteee.com: yes
ttfff.com: yes
ttggg.com: yes
tthhh.com: yes
ttiii.com: yes
ttjjj.com: yes
ttkkk.com: yes
ttlll.com: yes
ttmmm.com: yes
ttnnn.com: yes
ttooo.com: yes
ttppp.com: yes
ttqqq.com: yes
ttrrr.com: yes
ttsss.com: yes
ttttt.com: yes
ttuuu.com: yes
ttvvv.com: yes
ttwww.com: yes
ttxxx.com: yes
ttyyy.com: yes
ttzzz.com: yes
uuaaa.com: yes
uubbb.com: yes
uuccc.com: yes
uuddd.com: yes
uueee.com: yes
uufff.com: yes
uuggg.com: yes
uuhhh.com: yes
uuiii.com: yes
uujjj.com: yes
uukkk.com: yes
uulll.com: yes
uummm.com: yes
uunnn.com: yes
uuooo.com: yes
uuppp.com: yes
uuqqq.com: yes
uurrr.com: yes
uusss.com: yes
uuttt.com: yes
uuuuu.com: yes
uuvvv.com: yes
uuwww.com: yes
uuxxx.com: yes
uuyyy.com: yes
uuzzz.com: yes
vvaaa.com: yes
vvbbb.com: yes
vvccc.com: yes
vvddd.com: yes
vveee.com: yes
vvfff.com: yes
vvggg.com: yes
vvhhh.com: yes
vviii.com: yes
vvjjj.com: yes
vvkkk.com: yes
vvlll.com: yes
vvmmm.com: yes
vvnnn.com: yes
vvooo.com: yes
vvppp.com: yes
vvqqq.com: yes
vvrrr.com: yes
vvsss.com: yes
vvttt.com: yes
vvuuu.com: yes
vvvvv.com: yes
vvwww.com: yes
vvxxx.com: yes
vvyyy.com: yes
vvzzz.com: yes
wwaaa.com: yes
wwbbb.com: yes
wwccc.com: yes
wwddd.com: yes
wweee.com: yes
wwfff.com: yes
wwggg.com: yes
wwhhh.com: yes
wwiii.com: yes
wwjjj.com: yes
wwkkk.com: yes
wwlll.com: yes
wwmmm.com: yes
wwnnn.com: yes
wwooo.com: yes
wwppp.com: yes
wwqqq.com: yes
wwrrr.com: yes
wwsss.com: yes
wwttt.com: yes
wwuuu.com: yes
wwvvv.com: yes
wwwww.com: yes
wwxxx.com: yes
wwyyy.com: yes
wwzzz.com: yes
xxaaa.com: yes
xxbbb.com: yes
xxccc.com: yes
xxddd.com: yes
xxeee.com: yes
xxfff.com: yes
xxggg.com: yes
xxhhh.com: yes
xxiii.com: yes
xxjjj.com: yes
xxkkk.com: yes
xxlll.com: yes
xxmmm.com: yes
xxnnn.com: yes
xxooo.com: yes
xxppp.com: yes
xxqqq.com: yes
xxrrr.com: yes
xxsss.com: yes
xxttt.com: yes
xxuuu.com: yes
xxvvv.com: yes
xxwww.com: yes
xxxxx.com: yes
xxyyy.com: yes
xxzzz.com: yes
yyaaa.com: yes
yybbb.com: yes
yyccc.com: yes
yyddd.com: yes
yyeee.com: yes
yyfff.com: yes
yyggg.com: yes
yyhhh.com: yes
yyiii.com: yes
yyjjj.com: yes
yykkk.com: yes
yylll.com: yes
yymmm.com: yes
yynnn.com: yes
yyooo.com: yes
yyppp.com: yes
yyqqq.com: yes
yyrrr.com: yes
yysss.com: yes
yyttt.com: yes
yyuuu.com: yes
yyvvv.com: yes
yywww.com: yes
yyxxx.com: yes
yyyyy.com: yes
yyzzz.com: yes
zzaaa.com: yes
zzbbb.com: yes
zzccc.com: yes
zzddd.com: yes
zzeee.com: yes
zzfff.com: yes
zzggg.com: yes
zzhhh.com: yes
zziii.com: yes
zzjjj.com: yes
zzkkk.com: yes
zzlll.com: yes
zzmmm.com: yes
zznnn.com: yes
zzooo.com: yes
zzppp.com: yes
zzqqq.com: yes
zzrrr.com: yes
zzsss.com: yes
zzttt.com: yes
zzuuu.com: yes
zzvvv.com: yes
zzwww.com: yes
zzxxx.com: yes
zzyyy.com: yes
zzzzz.com: yes
