buyaa.com: yes
buyab.com: yes
buyac.com: yes
buyad.com: yes
buyae.com: yes
buyaf.com: yes
buyag.com: yes
buyah.com: yes
buyai.com: yes
buyaj.com: yes
buyak.com: yes
buyal.com: yes
buyam.com: yes
buyan.com: yes
buyao.com: yes
buyap.com: yes
buyaq.com: yes
buyar.com: yes
buyas.com: yes
buyat.com: yes
buyau.com: yes
buyav.com: yes
buyaw.com: yes
buyax.com: yes
buyay.com: yes
buyaz.com: yes
buyba.com: yes
buybb.com: yes
buybc.com: yes
buybd.com: yes
buybe.com: yes
buybf.com: yes
buybg.com: yes
buybh.com: yes
buybi.com: yes
buybj.com: yes
buybk.com: yes
buybl.com: yes
buybm.com: yes
buybn.com: yes
buybo.com: yes
buybp.com: yes
buybq.com: yes
buybr.com: yes
buybs.com: yes
buybt.com: yes
buybu.com: yes
buybv.com: yes
buybw.com: yes
buybx.com: yes
buyby.com: yes
buybz.com: yes
buyca.com: yes
buycb.com: yes
buycc.com: yes
buycd.com: yes
buyce.com: yes
buycf.com: yes
buycg.com: yes
buych.com: yes
buyci.com: yes
buycj.com: yes
buyck.com: yes
buycl.com: yes
buycm.com: yes
buycn.com: yes
buyco.com: yes
buycp.com: yes
buycq.com: yes
buycr.com: yes
buycs.com: yes
buyct.com: yes
buycu.com: yes
buycv.com: yes
buycw.com: yes
buycx.com: yes
buycy.com: yes
buycz.com: yes
buyda.com: yes
buydb.com: yes
buydc.com: yes
buydd.com: yes
buyde.com: yes
buydf.com: yes
buydg.com: yes
buydh.com: yes
buydi.com: yes
buydj.com: yes
buydk.com: yes
buydl.com: yes
buydm.com: yes
buydn.com: yes
buydo.com: yes
buydp.com: yes
buydq.com: yes
buydr.com: yes
buyds.com: yes
buydt.com: yes
buydu.com: yes
buydv.com: yes
buydw.com: yes
buydx.com: yes
buydy.com: yes
buydz.com: yes
buyea.com: yes
buyeb.com: yes
buyec.com: yes
buyed.com: yes
buyee.com: yes
buyef.com: yes
buyeg.com: yes
buyeh.com: yes
buyei.com: yes
buyej.com: yes
buyek.com: yes
buyel.com: yes
buyem.com: yes
buyen.com: yes
buyeo.com: yes
buyep.com: yes
buyeq.com: yes
buyer.com: yes
buyes.com: yes
buyet.com: yes
buyeu.com: yes
buyev.com: yes
buyew.com: yes
buyex.com: yes
buyey.com: yes
buyez.com: yes
buyfa.com: yes
buyfb.com: yes
buyfc.com: yes
buyfd.com: yes
buyfe.com: yes
buyff.com: yes
buyfg.com: yes
buyfh.com: yes
buyfi.com: yes
buyfj.com: yes
buyfk.com: yes
buyfl.com: yes
buyfm.com: yes
buyfn.com: yes
buyfo.com: yes
buyfp.com: yes
buyfq.com: yes
buyfr.com: yes
buyfs.com: yes
buyft.com: yes
buyfu.com: yes
buyfv.com: yes
buyfw.com: yes
buyfx.com: yes
buyfy.com: yes
buyfz.com: yes
buyga.com: yes
buygb.com: yes
buygc.com: yes
buygd.com: yes
buyge.com: yes
buygf.com: yes
buygg.com: yes
buygh.com: yes
buygi.com: yes
buygj.com: yes
buygk.com: yes
buygl.com: yes
buygm.com: yes
buygn.com: yes
buygo.com: yes
buygp.com: yes
buygq.com: yes
buygr.com: yes
buygs.com: yes
buygt.com: yes
buygu.com: yes
buygv.com: yes
buygw.com: yes
buygx.com: yes
buygy.com: yes
buygz.com: yes
buyha.com: yes
buyhb.com: yes
buyhc.com: yes
buyhd.com: yes
buyhe.com: yes
buyhf.com: no ====== use register
buyhg.com: yes
buyhh.com: yes
buyhi.com: yes
buyhj.com: yes
buyhk.com: yes
buyhl.com: yes
buyhm.com: yes
buyhn.com: yes
buyho.com: yes
buyhp.com: yes
buyhq.com: yes
buyhr.com: yes
buyhs.com: yes
buyht.com: yes
buyhu.com: yes
buyhv.com: yes
buyhw.com: yes
buyhx.com: yes
buyhy.com: yes
buyhz.com: yes
buyia.com: yes
buyib.com: yes
buyic.com: yes
buyid.com: yes
buyie.com: yes
buyif.com: yes
buyig.com: yes
buyih.com: yes
buyii.com: yes
buyij.com: yes
buyik.com: yes
buyil.com: yes
buyim.com: yes
buyin.com: yes
buyio.com: yes
buyip.com: yes
buyiq.com: yes
buyir.com: yes
buyis.com: yes
buyit.com: yes
buyiu.com: yes
buyiv.com: yes
buyiw.com: yes
buyix.com: yes
buyiy.com: yes
buyiz.com: yes
buyja.com: yes
buyjb.com: yes
buyjc.com: yes
buyjd.com: yes
buyje.com: yes
buyjf.com: yes
buyjg.com: yes
buyjh.com: yes
buyji.com: yes
buyjj.com: yes
buyjk.com: yes
buyjl.com: yes
buyjm.com: yes
buyjn.com: yes
buyjo.com: yes
buyjp.com: yes
buyjq.com: yes
buyjr.com: yes
buyjs.com: yes
buyjt.com: yes
buyju.com: yes
buyjv.com: yes
buyjw.com: yes
buyjx.com: yes
buyjy.com: yes
buyjz.com: yes
buyka.com: yes
buykb.com: yes
buykc.com: yes
buykd.com: yes
buyke.com: yes
buykf.com: yes
buykg.com: yes
buykh.com: yes
buyki.com: yes
buykj.com: yes
buykk.com: yes
buykl.com: yes
buykm.com: yes
buykn.com: yes
buyko.com: yes
buykp.com: yes
buykq.com: yes
buykr.com: yes
buyks.com: yes
buykt.com: yes
buyku.com: yes
buykv.com: yes
buykw.com: yes
buykx.com: yes
buyky.com: yes
buykz.com: yes
buyla.com: yes
buylb.com: yes
buylc.com: yes
buyld.com: yes
buyle.com: yes
buylf.com: yes
buylg.com: yes
buylh.com: yes
buyli.com: yes
buylj.com: yes
buylk.com: yes
buyll.com: yes
buylm.com: yes
buyln.com: yes
buylo.com: yes
buylp.com: yes
buylq.com: yes
buylr.com: yes
buyls.com: yes
buylt.com: yes
buylu.com: yes
buylv.com: yes
buylw.com: yes
buylx.com: yes
buyly.com: yes
buylz.com: yes
buyma.com: yes
buymb.com: yes
buymc.com: yes
buymd.com: yes
buyme.com: yes
buymf.com: yes
buymg.com: yes
buymh.com: yes
buymi.com: yes
buymj.com: yes
buymk.com: yes
buyml.com: yes
buymm.com: yes
buymn.com: yes
buymo.com: yes
buymp.com: yes
buymq.com: yes
buymr.com: yes
buyms.com: yes
buymt.com: yes
buymu.com: yes
buymv.com: yes
buymw.com: yes
buymx.com: yes
buymy.com: yes
buymz.com: yes
buyna.com: yes
buynb.com: yes
buync.com: yes
buynd.com: yes
buyne.com: yes
buynf.com: yes
buyng.com: yes
buynh.com: yes
buyni.com: yes
buynj.com: yes
buynk.com: yes
buynl.com: yes
buynm.com: yes
buynn.com: yes
buyno.com: yes
buynp.com: yes
buynq.com: no ====== use register
buynr.com: yes
buyns.com: yes
buynt.com: yes
buynu.com: yes
buynv.com: yes
buynw.com: yes
buynx.com: yes
buyny.com: yes
buynz.com: yes
buyoa.com: yes
buyob.com: yes
buyoc.com: yes
buyod.com: yes
buyoe.com: yes
buyof.com: yes
buyog.com: yes
buyoh.com: yes
buyoi.com: yes
buyoj.com: yes
buyok.com: yes
buyol.com: yes
buyom.com: yes
buyon.com: yes
buyoo.com: yes
buyop.com: yes
buyoq.com: yes
buyor.com: yes
buyos.com: yes
buyot.com: yes
buyou.com: yes
buyov.com: yes
buyow.com: yes
buyox.com: yes
buyoy.com: yes
buyoz.com: 
buypa.com: yes
buypb.com: 
buypc.com: yes
buypd.com: 
buype.com: yes
buypf.com: yes
buypg.com: yes
buyph.com: 
buypi.com: yes
buypj.com: yes
buypk.com: yes
buypl.com: 
buypm.com: yes
buypn.com: yes
buypo.com: yes
buypp.com: yes
buypq.com: yes
buypr.com: yes
buyps.com: yes
buypt.com: yes
buypu.com: yes
buypv.com: yes
buypw.com: 
buypx.com: yes
buypy.com: yes
buypz.com: yes
buyqa.com: yes
buyqb.com: yes
buyqc.com: yes
buyqd.com: yes
buyqe.com: yes
buyqf.com: yes
buyqg.com: yes
buyqh.com: yes
buyqi.com: yes
buyqj.com: yes
buyqk.com: yes
buyql.com: yes
buyqm.com: yes
buyqn.com: yes
buyqo.com: yes
buyqp.com: yes
buyqq.com: yes
buyqr.com: yes
buyqs.com: yes
buyqt.com: yes
buyqu.com: yes
buyqv.com: yes
buyqw.com: yes
buyqx.com: yes
buyqy.com: yes
buyqz.com: yes
buyra.com: yes
buyrb.com: yes
buyrc.com: yes
buyrd.com: yes
buyre.com: yes
buyrf.com: yes
buyrg.com: yes
buyrh.com: yes
buyri.com: yes
buyrj.com: yes
buyrk.com: yes
buyrl.com: yes
buyrm.com: yes
buyrn.com: yes
buyro.com: yes
buyrp.com: yes
buyrq.com: yes
buyrr.com: yes
buyrs.com: yes
buyrt.com: yes
buyru.com: yes
buyrv.com: yes
buyrw.com: yes
buyrx.com: yes
buyry.com: yes
buyrz.com: yes
buysa.com: yes
buysb.com: yes
buysc.com: yes
buysd.com: yes
buyse.com: yes
buysf.com: yes
buysg.com: yes
buysh.com: yes
buysi.com: yes
buysj.com: yes
buysk.com: yes
buysl.com: yes
buysm.com: yes
buysn.com: yes
buyso.com: yes
buysp.com: yes
buysq.com: yes
buysr.com: yes
buyss.com: yes
buyst.com: yes
buysu.com: yes
buysv.com: yes
buysw.com: yes
buysx.com: yes
buysy.com: yes
buysz.com: yes
buyta.com: yes
buytb.com: yes
buytc.com: yes
buytd.com: yes
buyte.com: yes
buytf.com: yes
buytg.com: yes
buyth.com: yes
buyti.com: yes
buytj.com: yes
buytk.com: yes
buytl.com: yes
buytm.com: yes
buytn.com: yes
buyto.com: yes
buytp.com: yes
buytq.com: yes
buytr.com: yes
buyts.com: yes
buytt.com: yes
buytu.com: yes
buytv.com: yes
buytw.com: yes
buytx.com: yes
buyty.com: yes
buytz.com: yes
buyua.com: yes
buyub.com: yes
buyuc.com: yes
buyud.com: yes
buyue.com: yes
buyuf.com: yes
buyug.com: yes
buyuh.com: yes
buyui.com: yes
buyuj.com: yes
buyuk.com: yes
buyul.com: yes
buyum.com: yes
buyun.com: yes
buyuo.com: yes
buyup.com: yes
buyuq.com: yes
buyur.com: yes
buyus.com: yes
buyut.com: yes
buyuu.com: yes
buyuv.com: yes
buyuw.com: yes
buyux.com: yes
buyuy.com: yes
buyuz.com: yes
buyva.com: yes
buyvb.com: yes
buyvc.com: yes
buyvd.com: yes
buyve.com: yes
buyvf.com: yes
buyvg.com: yes
buyvh.com: yes
buyvi.com: yes
buyvj.com: yes
buyvk.com: yes
buyvl.com: yes
buyvm.com: yes
buyvn.com: yes
buyvo.com: yes
buyvp.com: yes
buyvq.com: yes
buyvr.com: yes
buyvs.com: yes
buyvt.com: yes
buyvu.com: yes
buyvv.com: yes
buyvw.com: yes
buyvx.com: yes
buyvy.com: yes
buyvz.com: yes
buywa.com: yes
buywb.com: yes
buywc.com: yes
buywd.com: yes
buywe.com: yes
buywf.com: yes
buywg.com: yes
buywh.com: yes
buywi.com: yes
buywj.com: yes
buywk.com: yes
buywl.com: yes
buywm.com: yes
buywn.com: yes
buywo.com: yes
buywp.com: yes
buywq.com: no ====== use register
buywr.com: yes
buyws.com: yes
buywt.com: yes
buywu.com: yes
buywv.com: yes
buyww.com: yes
buywx.com: yes
buywy.com: yes
buywz.com: yes
buyxa.com: yes
buyxb.com: yes
buyxc.com: no ====== use register
buyxd.com: yes
buyxe.com: yes
buyxf.com: yes
buyxg.com: yes
buyxh.com: yes
buyxi.com: yes
buyxj.com: yes
buyxk.com: yes
buyxl.com: yes
buyxm.com: yes
buyxn.com: no ====== use register
buyxo.com: yes
buyxp.com: yes
buyxq.com: yes
buyxr.com: yes
buyxs.com: yes
buyxt.com: yes
buyxu.com: yes
buyxv.com: yes
buyxw.com: yes
buyxx.com: yes
buyxy.com: yes
buyxz.com: yes
buyya.com: yes
buyyb.com: yes
buyyc.com: yes
buyyd.com: yes
buyye.com: yes
buyyf.com: yes
buyyg.com: yes
buyyh.com: yes
buyyi.com: yes
buyyj.com: yes
buyyk.com: yes
buyyl.com: yes
buyym.com: yes
buyyn.com: yes
buyyo.com: yes
buyyp.com: yes
buyyq.com: yes
buyyr.com: yes
buyys.com: yes
buyyt.com: yes
buyyu.com: yes
buyyv.com: yes
buyyw.com: yes
buyyx.com: yes
buyyy.com: yes
buyyz.com: yes
buyza.com: yes
buyzb.com: yes
buyzc.com: yes
buyzd.com: yes
buyze.com: yes
buyzf.com: yes
buyzg.com: yes
buyzh.com: yes
buyzi.com: yes
buyzj.com: yes
buyzk.com: yes
buyzl.com: yes
buyzm.com: yes
buyzn.com: yes
buyzo.com: yes
buyzp.com: yes
buyzq.com: yes
buyzr.com: yes
buyzs.com: yes
buyzt.com: yes
buyzu.com: yes
buyzv.com: yes
buyzw.com: yes
buyzx.com: yes
buyzy.com: yes
buyzz.com: yes
