taoaa.com: yes
taoab.com: yes
taoac.com: yes
taoad.com: yes
taoae.com: yes
taoaf.com: yes
taoag.com: yes
taoah.com: yes
taoai.com: yes
taoaj.com: yes
taoak.com: yes
taoal.com: yes
taoam.com: yes
taoan.com: yes
taoao.com: yes
taoap.com: yes
taoaq.com: yes
taoar.com: yes
taoas.com: yes
taoat.com: yes
taoau.com: yes
taoav.com: yes
taoaw.com: yes
taoax.com: yes
taoay.com: yes
taoaz.com: yes
taoba.com: yes
taobb.com: yes
taobc.com: yes
taobd.com: yes
taobe.com: yes
taobf.com: yes
taobg.com: yes
taobh.com: yes
taobi.com: yes
taobj.com: yes
taobk.com: yes
taobl.com: yes
taobm.com: yes
taobn.com: yes
taobo.com: yes
taobp.com: yes
taobq.com: yes
taobr.com: yes
taobs.com: yes
taobt.com: yes
taobu.com: yes
taobv.com: yes
taobw.com: yes
taobx.com: yes
taoby.com: yes
taobz.com: yes
taoca.com: yes
taocb.com: yes
taocc.com: yes
taocd.com: yes
taoce.com: yes
taocf.com: yes
taocg.com: yes
taoch.com: yes
taoci.com: yes
taocj.com: yes
taock.com: yes
taocl.com: yes
taocm.com: yes
taocn.com: yes
taoco.com: yes
taocp.com: yes
taocq.com: yes
taocr.com: yes
taocs.com: yes
taoct.com: yes
taocu.com: yes
taocv.com: yes
taocw.com: yes
taocx.com: yes
taocy.com: yes
taocz.com: yes
taoda.com: yes
taodb.com: yes
taodc.com: yes
taodd.com: yes
taode.com: yes
taodf.com: yes
taodg.com: yes
taodh.com: yes
taodi.com: yes
taodj.com: yes
taodk.com: yes
taodl.com: yes
taodm.com: yes
taodn.com: yes
taodo.com: yes
taodp.com: yes
taodq.com: yes
taodr.com: yes
taods.com: yes
taodt.com: yes
taodu.com: yes
taodv.com: yes
taodw.com: yes
taodx.com: yes
taody.com: yes
taodz.com: yes
taoea.com: yes
taoeb.com: yes
taoec.com: yes
taoed.com: yes
taoee.com: yes
taoef.com: yes
taoeg.com: yes
taoeh.com: yes
taoei.com: yes
taoej.com: yes
taoek.com: yes
taoel.com: yes
taoem.com: yes
taoen.com: yes
taoeo.com: yes
taoep.com: yes
taoeq.com: yes
taoer.com: yes
taoes.com: yes
taoet.com: yes
taoeu.com: yes
taoev.com: yes
taoew.com: yes
taoex.com: yes
taoey.com: yes
taoez.com: yes
taofa.com: yes
taofb.com: yes
taofc.com: yes
taofd.com: yes
taofe.com: yes
taoff.com: yes
taofg.com: yes
taofh.com: yes
taofi.com: yes
taofj.com: yes
taofk.com: yes
taofl.com: yes
taofm.com: yes
taofn.com: yes
taofo.com: yes
taofp.com: yes
taofq.com: yes
taofr.com: yes
taofs.com: yes
taoft.com: yes
taofu.com: yes
taofv.com: yes
taofw.com: yes
taofx.com: yes
taofy.com: yes
taofz.com: yes
taoga.com: yes
taogb.com: yes
taogc.com: yes
taogd.com: yes
taoge.com: yes
taogf.com: yes
taogg.com: yes
taogh.com: yes
taogi.com: yes
taogj.com: yes
taogk.com: yes
taogl.com: yes
taogm.com: yes
taogn.com: yes
taogo.com: yes
taogp.com: yes
taogq.com: yes
taogr.com: yes
taogs.com: yes
taogt.com: yes
taogu.com: yes
taogv.com: yes
taogw.com: yes
taogx.com: yes
taogy.com: yes
taogz.com: yes
taoha.com: yes
taohb.com: yes
taohc.com: yes
taohd.com: yes
taohe.com: yes
taohf.com: yes
taohg.com: yes
taohh.com: yes
taohi.com: yes
taohj.com: yes
taohk.com: yes
taohl.com: yes
taohm.com: yes
taohn.com: yes
taoho.com: yes
taohp.com: yes
taohq.com: yes
taohr.com: yes
taohs.com: yes
taoht.com: yes
taohu.com: yes
taohv.com: yes
taohw.com: yes
taohx.com: yes
taohy.com: yes
taohz.com: yes
taoia.com: yes
taoib.com: yes
taoic.com: yes
taoid.com: yes
taoie.com: yes
taoif.com: yes
taoig.com: yes
taoih.com: yes
taoii.com: yes
taoij.com: yes
taoik.com: yes
taoil.com: yes
taoim.com: yes
taoin.com: yes
taoio.com: yes
taoip.com: yes
taoiq.com: yes
taoir.com: yes
taois.com: yes
taoit.com: yes
taoiu.com: yes
taoiv.com: yes
taoiw.com: yes
taoix.com: yes
taoiy.com: yes
taoiz.com: yes
taoja.com: yes
taojb.com: yes
taojc.com: yes
taojd.com: yes
taoje.com: yes
taojf.com: yes
taojg.com: yes
taojh.com: yes
taoji.com: yes
taojj.com: yes
taojk.com: yes
taojl.com: yes
taojm.com: yes
taojn.com: yes
taojo.com: yes
taojp.com: yes
taojq.com: yes
taojr.com: yes
taojs.com: yes
taojt.com: yes
taoju.com: yes
taojv.com: yes
taojw.com: yes
taojx.com: yes
taojy.com: yes
taojz.com: yes
taoka.com: yes
taokb.com: yes
taokc.com: yes
taokd.com: yes
taoke.com: yes
taokf.com: yes
taokg.com: yes
taokh.com: yes
taoki.com: yes
taokj.com: yes
taokk.com: yes
taokl.com: yes
taokm.com: yes
taokn.com: yes
taoko.com: yes
taokp.com: yes
taokq.com: yes
taokr.com: yes
taoks.com: yes
taokt.com: yes
taoku.com: yes
taokv.com: yes
taokw.com: yes
taokx.com: yes
taoky.com: yes
taokz.com: yes
taola.com: yes
taolb.com: yes
taolc.com: yes
taold.com: yes
taole.com: yes
taolf.com: yes
taolg.com: yes
taolh.com: yes
taoli.com: yes
taolj.com: yes
taolk.com: yes
taoll.com: yes
taolm.com: yes
taoln.com: yes
taolo.com: yes
taolp.com: yes
taolq.com: yes
taolr.com: yes
taols.com: yes
taolt.com: yes
taolu.com: yes
taolv.com: yes
taolw.com: yes
taolx.com: yes
taoly.com: yes
taolz.com: yes
taoma.com: yes
taomb.com: yes
taomc.com: yes
taomd.com: yes
taome.com: yes
taomf.com: yes
taomg.com: yes
taomh.com: yes
taomi.com: yes
taomj.com: yes
taomk.com: yes
taoml.com: yes
taomm.com: yes
taomn.com: yes
taomo.com: yes
taomp.com: yes
taomq.com: yes
taomr.com: yes
taoms.com: yes
taomt.com: yes
taomu.com: yes
taomv.com: yes
taomw.com: yes
taomx.com: yes
taomy.com: yes
taomz.com: yes
taona.com: yes
taonb.com: yes
taonc.com: yes
taond.com: yes
taone.com: yes
taonf.com: yes
taong.com: yes
taonh.com: yes
taoni.com: yes
taonj.com: yes
taonk.com: yes
taonl.com: yes
taonm.com: yes
taonn.com: yes
taono.com: yes
taonp.com: yes
taonq.com: yes
taonr.com: yes
taons.com: yes
taont.com: yes
taonu.com: yes
taonv.com: yes
taonw.com: yes
taonx.com: yes
taony.com: yes
taonz.com: yes
taooa.com: yes
taoob.com: yes
taooc.com: yes
taood.com: yes
taooe.com: yes
taoof.com: yes
taoog.com: yes
taooh.com: yes
taooi.com: yes
taooj.com: yes
taook.com: yes
taool.com: yes
taoom.com: yes
taoon.com: yes
taooo.com: yes
taoop.com: yes
taooq.com: yes
taoor.com: yes
taoos.com: yes
taoot.com: yes
taoou.com: yes
taoov.com: yes
taoow.com: yes
taoox.com: yes
taooy.com: yes
taooz.com: yes
taopa.com: yes
taopb.com: yes
taopc.com: yes
taopd.com: yes
taope.com: yes
taopf.com: yes
taopg.com: yes
taoph.com: yes
taopi.com: yes
taopj.com: yes
taopk.com: yes
taopl.com: yes
taopm.com: yes
taopn.com: yes
taopo.com: yes
taopp.com: yes
taopq.com: yes
taopr.com: yes
taops.com: yes
taopt.com: yes
taopu.com: yes
taopv.com: yes
taopw.com: yes
taopx.com: yes
taopy.com: yes
taopz.com: yes
taoqa.com: yes
taoqb.com: yes
taoqc.com: yes
taoqd.com: yes
taoqe.com: yes
taoqf.com: yes
taoqg.com: yes
taoqh.com: yes
taoqi.com: yes
taoqj.com: yes
taoqk.com: yes
taoql.com: yes
taoqm.com: yes
taoqn.com: yes
taoqo.com: yes
taoqp.com: yes
taoqq.com: yes
taoqr.com: yes
taoqs.com: yes
taoqt.com: yes
taoqu.com: yes
taoqv.com: yes
taoqw.com: yes
taoqx.com: yes
taoqy.com: yes
taoqz.com: yes
taora.com: yes
taorb.com: yes
taorc.com: yes
taord.com: yes
taore.com: yes
taorf.com: yes
taorg.com: yes
taorh.com: yes
taori.com: yes
taorj.com: yes
taork.com: yes
taorl.com: yes
taorm.com: yes
taorn.com: yes
taoro.com: yes
taorp.com: yes
taorq.com: yes
taorr.com: yes
taors.com: yes
taort.com: yes
taoru.com: yes
taorv.com: yes
taorw.com: yes
taorx.com: yes
taory.com: yes
taorz.com: yes
taosa.com: yes
taosb.com: yes
taosc.com: yes
taosd.com: yes
taose.com: yes
taosf.com: yes
taosg.com: yes
taosh.com: yes
taosi.com: yes
taosj.com: yes
taosk.com: yes
taosl.com: yes
taosm.com: yes
taosn.com: yes
taoso.com: yes
taosp.com: yes
taosq.com: yes
taosr.com: yes
taoss.com: yes
taost.com: yes
taosu.com: yes
taosv.com: yes
taosw.com: yes
taosx.com: yes
taosy.com: yes
taosz.com: yes
taota.com: yes
taotb.com: yes
taotc.com: yes
taotd.com: yes
taote.com: yes
taotf.com: yes
taotg.com: yes
taoth.com: yes
taoti.com: yes
taotj.com: yes
taotk.com: yes
taotl.com: yes
taotm.com: yes
taotn.com: yes
taoto.com: yes
taotp.com: yes
taotq.com: yes
taotr.com: yes
taots.com: yes
taott.com: yes
taotu.com: yes
taotv.com: yes
taotw.com: yes
taotx.com: yes
taoty.com: yes
taotz.com: yes
taoua.com: yes
taoub.com: yes
taouc.com: yes
taoud.com: yes
taoue.com: yes
taouf.com: yes
taoug.com: yes
taouh.com: yes
taoui.com: yes
taouj.com: yes
taouk.com: yes
taoul.com: yes
taoum.com: yes
taoun.com: yes
taouo.com: yes
taoup.com: yes
taouq.com: yes
taour.com: yes
taous.com: yes
taout.com: yes
taouu.com: yes
taouv.com: yes
taouw.com: yes
taoux.com: yes
taouy.com: yes
taouz.com: yes
taova.com: yes
taovb.com: yes
taovc.com: yes
taovd.com: yes
taove.com: yes
taovf.com: yes
taovg.com: yes
taovh.com: yes
taovi.com: yes
taovj.com: yes
taovk.com: yes
taovl.com: yes
taovm.com: yes
taovn.com: yes
taovo.com: yes
taovp.com: yes
taovq.com: yes
taovr.com: yes
taovs.com: yes
taovt.com: yes
taovu.com: yes
taovv.com: yes
taovw.com: yes
taovx.com: yes
taovy.com: yes
taovz.com: yes
taowa.com: yes
taowb.com: yes
taowc.com: yes
taowd.com: yes
taowe.com: yes
taowf.com: yes
taowg.com: yes
taowh.com: yes
taowi.com: yes
taowj.com: yes
taowk.com: yes
taowl.com: yes
taowm.com: yes
taown.com: yes
taowo.com: yes
taowp.com: yes
taowq.com: yes
taowr.com: yes
taows.com: yes
taowt.com: yes
taowu.com: yes
taowv.com: yes
taoww.com: yes
taowx.com: yes
taowy.com: yes
taowz.com: yes
taoxa.com: yes
taoxb.com: yes
taoxc.com: yes
taoxd.com: yes
taoxe.com: yes
taoxf.com: yes
taoxg.com: yes
taoxh.com: yes
taoxi.com: yes
taoxj.com: yes
taoxk.com: yes
taoxl.com: yes
taoxm.com: yes
taoxn.com: yes
taoxo.com: yes
taoxp.com: yes
taoxq.com: yes
taoxr.com: yes
taoxs.com: yes
taoxt.com: yes
taoxu.com: yes
taoxv.com: yes
taoxw.com: yes
taoxx.com: yes
taoxy.com: yes
taoxz.com: yes
taoya.com: yes
taoyb.com: yes
taoyc.com: yes
taoyd.com: yes
taoye.com: yes
taoyf.com: yes
taoyg.com: yes
taoyh.com: yes
taoyi.com: yes
taoyj.com: yes
taoyk.com: yes
taoyl.com: yes
taoym.com: yes
taoyn.com: yes
taoyo.com: yes
taoyp.com: yes
taoyq.com: yes
taoyr.com: yes
taoys.com: yes
taoyt.com: yes
taoyu.com: yes
taoyv.com: yes
taoyw.com: yes
taoyx.com: yes
taoyy.com: yes
taoyz.com: yes
taoza.com: yes
taozb.com: yes
taozc.com: yes
taozd.com: yes
taoze.com: yes
taozf.com: yes
taozg.com: yes
taozh.com: yes
taozi.com: yes
taozj.com: yes
taozk.com: yes
taozl.com: yes
taozm.com: yes
taozn.com: yes
taozo.com: yes
taozp.com: yes
taozq.com: yes
taozr.com: yes
taozs.com: yes
taozt.com: yes
taozu.com: yes
taozv.com: yes
taozw.com: yes
taozx.com: yes
taozy.com: yes
taozz.com: yes
