aaaaa.com: yes
aaabb.com: yes
aaacc.com: yes
aaadd.com: yes
aaaee.com: yes
aaaff.com: yes
aaagg.com: yes
aaahh.com: yes
aaaii.com: yes
aaajj.com: yes
aaakk.com: yes
aaall.com: yes
aaamm.com: yes
aaann.com: yes
aaaoo.com: yes
aaapp.com: yes
aaaqq.com: yes
aaarr.com: yes
aaass.com: yes
aaatt.com: yes
aaauu.com: yes
aaavv.com: yes
aaaww.com: yes
aaaxx.com: yes
aaayy.com: yes
aaazz.com: yes
bbbaa.com: yes
bbbbb.com: yes
bbbcc.com: yes
bbbdd.com: yes
bbbee.com: yes
bbbff.com: yes
bbbgg.com: yes
bbbhh.com: yes
bbbii.com: yes
bbbjj.com: yes
bbbkk.com: yes
bbbll.com: yes
bbbmm.com: yes
bbbnn.com: yes
bbboo.com: yes
bbbpp.com: yes
bbbqq.com: yes
bbbrr.com: yes
bbbss.com: yes
bbbtt.com: yes
bbbuu.com: yes
bbbvv.com: yes
bbbww.com: yes
bbbxx.com: yes
bbbyy.com: yes
bbbzz.com: yes
cccaa.com: yes
cccbb.com: yes
ccccc.com: yes
cccdd.com: yes
cccee.com: yes
cccff.com: yes
cccgg.com: yes
ccchh.com: yes
cccii.com: yes
cccjj.com: yes
ccckk.com: yes
cccll.com: yes
cccmm.com: yes
cccnn.com: yes
cccoo.com: yes
cccpp.com: yes
cccqq.com: yes
cccrr.com: yes
cccss.com: yes
ccctt.com: yes
cccuu.com: yes
cccvv.com: yes
cccww.com: yes
cccxx.com: yes
cccyy.com: yes
ccczz.com: yes
dddaa.com: yes
dddbb.com: yes
dddcc.com: yes
ddddd.com: yes
dddee.com: yes
dddff.com: yes
dddgg.com: yes
dddhh.com: yes
dddii.com: yes
dddjj.com: yes
dddkk.com: yes
dddll.com: yes
dddmm.com: yes
dddnn.com: yes
dddoo.com: yes
dddpp.com: yes
dddqq.com: yes
dddrr.com: yes
dddss.com: yes
dddtt.com: yes
ddduu.com: yes
dddvv.com: yes
dddww.com: yes
dddxx.com: yes
dddyy.com: yes
dddzz.com: yes
eeeaa.com: yes
eeebb.com: yes
eeecc.com: yes
eeedd.com: yes
eeeee.com: yes
eeeff.com: yes
eeegg.com: yes
eeehh.com: yes
eeeii.com: yes
eeejj.com: yes
eeekk.com: yes
eeell.com: yes
eeemm.com: yes
eeenn.com: yes
eeeoo.com: yes
eeepp.com: yes
eeeqq.com: yes
eeerr.com: yes
eeess.com: yes
eeett.com: yes
eeeuu.com: yes
eeevv.com: yes
eeeww.com: yes
eeexx.com: yes
eeeyy.com: yes
eeezz.com: yes
fffaa.com: yes
fffbb.com: yes
fffcc.com: yes
fffdd.com: yes
fffee.com: yes
fffff.com: yes
fffgg.com: yes
fffhh.com: yes
fffii.com: yes
fffjj.com: yes
fffkk.com: yes
fffll.com: yes
fffmm.com: yes
fffnn.com: yes
fffoo.com: yes
fffpp.com: yes
fffqq.com: yes
fffrr.com: yes
fffss.com: yes
ffftt.com: yes
fffuu.com: yes
fffvv.com: yes
fffww.com: yes
fffxx.com: yes
fffyy.com: yes
fffzz.com: yes
gggaa.com: yes
gggbb.com: yes
gggcc.com: yes
gggdd.com: yes
gggee.com: yes
gggff.com: yes
ggggg.com: yes
ggghh.com: yes
gggii.com: yes
gggjj.com: yes
gggkk.com: yes
gggll.com: yes
gggmm.com: yes
gggnn.com: yes
gggoo.com: yes
gggpp.com: yes
gggqq.com: yes
gggrr.com: yes
gggss.com: yes
gggtt.com: yes
ggguu.com: yes
gggvv.com: yes
gggww.com: yes
gggxx.com: yes
gggyy.com: yes
gggzz.com: yes
hhhaa.com: yes
hhhbb.com: yes
hhhcc.com: yes
hhhdd.com: yes
hhhee.com: yes
hhhff.com: yes
hhhgg.com: yes
hhhhh.com: yes
hhhii.com: yes
hhhjj.com: yes
hhhkk.com: yes
hhhll.com: yes
hhhmm.com: yes
hhhnn.com: yes
hhhoo.com: yes
hhhpp.com: yes
hhhqq.com: yes
hhhrr.com: yes
hhhss.com: yes
hhhtt.com: yes
hhhuu.com: yes
hhhvv.com: yes
hhhww.com: yes
hhhxx.com: yes
hhhyy.com: yes
hhhzz.com: yes
iiiaa.com: yes
iiibb.com: yes
iiicc.com: yes
iiidd.com: yes
iiiee.com: yes
iiiff.com: yes
iiigg.com: yes
iiihh.com: yes
iiiii.com: yes
iiijj.com: yes
iiikk.com: yes
iiill.com: yes
iiimm.com: yes
iiinn.com: yes
iiioo.com: yes
iiipp.com: yes
iiiqq.com: yes
iiirr.com: yes
iiiss.com: yes
iiitt.com: yes
iiiuu.com: yes
iiivv.com: yes
iiiww.com: yes
iiixx.com: yes
iiiyy.com: yes
iiizz.com: yes
jjjaa.com: yes
jjjbb.com: yes
jjjcc.com: yes
jjjdd.com: yes
jjjee.com: yes
jjjff.com: yes
jjjgg.com: yes
jjjhh.com: yes
jjjii.com: yes
jjjjj.com: yes
jjjkk.com: yes
jjjll.com: yes
jjjmm.com: yes
jjjnn.com: yes
jjjoo.com: yes
jjjpp.com: yes
jjjqq.com: yes
jjjrr.com: yes
jjjss.com: yes
jjjtt.com: yes
jjjuu.com: yes
jjjvv.com: yes
jjjww.com: yes
jjjxx.com: yes
jjjyy.com: yes
jjjzz.com: yes
kkkaa.com: yes
kkkbb.com: yes
kkkcc.com: yes
kkkdd.com: yes
kkkee.com: yes
kkkff.com: yes
kkkgg.com: yes
kkkhh.com: yes
kkkii.com: yes
kkkjj.com: yes
kkkkk.com: yes
kkkll.com: yes
kkkmm.com: yes
kkknn.com: yes
kkkoo.com: yes
kkkpp.com: yes
kkkqq.com: yes
kkkrr.com: yes
kkkss.com: yes
kkktt.com: yes
kkkuu.com: yes
kkkvv.com: yes
kkkww.com: yes
kkkxx.com: yes
kkkyy.com: yes
kkkzz.com: yes
lllaa.com: yes
lllbb.com: yes
lllcc.com: yes
llldd.com: yes
lllee.com: yes
lllff.com: yes
lllgg.com: yes
lllhh.com: yes
lllii.com: yes
llljj.com: yes
lllkk.com: yes
lllll.com: yes
lllmm.com: yes
lllnn.com: yes
llloo.com: yes
lllpp.com: yes
lllqq.com: yes
lllrr.com: yes
lllss.com: yes
llltt.com: yes
llluu.com: yes
lllvv.com: yes
lllww.com: yes
lllxx.com: yes
lllyy.com: yes
lllzz.com: yes
mmmaa.com: yes
mmmbb.com: yes
mmmcc.com: yes
mmmdd.com: yes
mmmee.com: yes
mmmff.com: yes
mmmgg.com: yes
mmmhh.com: yes
mmmii.com: yes
mmmjj.com: yes
mmmkk.com: yes
mmmll.com: yes
mmmmm.com: yes
mmmnn.com: yes
mmmoo.com: yes
mmmpp.com: yes
mmmqq.com: yes
mmmrr.com: yes
mmmss.com: yes
mmmtt.com: yes
mmmuu.com: yes
mmmvv.com: yes
mmmww.com: yes
mmmxx.com: yes
mmmyy.com: yes
mmmzz.com: yes
nnnaa.com: yes
nnnbb.com: yes
nnncc.com: yes
nnndd.com: yes
nnnee.com: yes
nnnff.com: yes
nnngg.com: yes
nnnhh.com: yes
nnnii.com: yes
nnnjj.com: yes
nnnkk.com: yes
nnnll.com: yes
nnnmm.com: yes
nnnnn.com: yes
nnnoo.com: yes
nnnpp.com: yes
nnnqq.com: yes
nnnrr.com: yes
nnnss.com: yes
nnntt.com: yes
nnnuu.com: yes
nnnvv.com: yes
nnnww.com: yes
nnnxx.com: yes
nnnyy.com: yes
nnnzz.com: yes
oooaa.com: yes
ooobb.com: yes
ooocc.com: yes
ooodd.com: yes
oooee.com: yes
oooff.com: yes
ooogg.com: yes
ooohh.com: yes
oooii.com: yes
ooojj.com: yes
oookk.com: yes
oooll.com: yes
ooomm.com: yes
ooonn.com: yes
ooooo.com: yes
ooopp.com: yes
oooqq.com: yes
ooorr.com: yes
oooss.com: yes
ooott.com: yes
ooouu.com: yes
ooovv.com: yes
oooww.com: yes
oooxx.com: yes
oooyy.com: yes
ooozz.com: yes
pppaa.com: yes
pppbb.com: yes
pppcc.com: yes
pppdd.com: yes
pppee.com: yes
pppff.com: yes
pppgg.com: yes
ppphh.com: yes
pppii.com: yes
pppjj.com: yes
pppkk.com: yes
pppll.com: yes
pppmm.com: yes
pppnn.com: 
pppoo.com: yes
ppppp.com: yes
pppqq.com: yes
ppprr.com: yes
pppss.com: yes
ppptt.com: yes
pppuu.com: yes
pppvv.com: yes
pppww.com: yes
pppxx.com: yes
pppyy.com: yes
pppzz.com: yes
qqqaa.com: yes
qqqbb.com: yes
qqqcc.com: yes
qqqdd.com: yes
qqqee.com: yes
qqqff.com: yes
qqqgg.com: yes
qqqhh.com: yes
qqqii.com: yes
qqqjj.com: yes
qqqkk.com: yes
qqqll.com: yes
qqqmm.com: yes
qqqnn.com: yes
qqqoo.com: yes
qqqpp.com: yes
qqqqq.com: yes
qqqrr.com: yes
qqqss.com: yes
qqqtt.com: yes
qqquu.com: yes
qqqvv.com: yes
qqqww.com: yes
qqqxx.com: yes
qqqyy.com: yes
qqqzz.com: yes
rrraa.com: yes
rrrbb.com: yes
rrrcc.com: yes
rrrdd.com: yes
rrree.com: yes
rrrff.com: yes
rrrgg.com: yes
rrrhh.com: yes
rrrii.com: yes
rrrjj.com: yes
rrrkk.com: yes
rrrll.com: yes
rrrmm.com: yes
rrrnn.com: yes
rrroo.com: yes
rrrpp.com: yes
rrrqq.com: yes
rrrrr.com: yes
rrrss.com: yes
rrrtt.com: yes
rrruu.com: yes
rrrvv.com: yes
rrrww.com: yes
rrrxx.com: yes
rrryy.com: yes
rrrzz.com: yes
sssaa.com: yes
sssbb.com: yes
ssscc.com: yes
sssdd.com: yes
sssee.com: yes
sssff.com: yes
sssgg.com: yes
ssshh.com: yes
sssii.com: yes
sssjj.com: yes
ssskk.com: yes
sssll.com: yes
sssmm.com: yes
sssnn.com: yes
sssoo.com: yes
ssspp.com: yes
sssqq.com: yes
sssrr.com: yes
sssss.com: yes
ssstt.com: yes
sssuu.com: yes
sssvv.com: yes
sssww.com: yes
sssxx.com: yes
sssyy.com: yes
ssszz.com: yes
tttaa.com: yes
tttbb.com: yes
tttcc.com: yes
tttdd.com: yes
tttee.com: yes
tttff.com: yes
tttgg.com: yes
ttthh.com: yes
tttii.com: yes
tttjj.com: yes
tttkk.com: yes
tttll.com: yes
tttmm.com: yes
tttnn.com: yes
tttoo.com: yes
tttpp.com: yes
tttqq.com: yes
tttrr.com: yes
tttss.com: yes
ttttt.com: yes
tttuu.com: yes
tttvv.com: yes
tttww.com: yes
tttxx.com: yes
tttyy.com: yes
tttzz.com: yes
uuuaa.com: yes
uuubb.com: yes
uuucc.com: yes
uuudd.com: yes
uuuee.com: yes
uuuff.com: yes
uuugg.com: yes
uuuhh.com: yes
uuuii.com: yes
uuujj.com: yes
uuukk.com: yes
uuull.com: yes
uuumm.com: yes
uuunn.com: yes
uuuoo.com: yes
uuupp.com: yes
uuuqq.com: yes
uuurr.com: yes
uuuss.com: yes
uuutt.com: yes
uuuuu.com: yes
uuuvv.com: yes
uuuww.com: yes
uuuxx.com: yes
uuuyy.com: yes
uuuzz.com: yes
vvvaa.com: yes
vvvbb.com: yes
vvvcc.com: yes
vvvdd.com: yes
vvvee.com: yes
vvvff.com: yes
vvvgg.com: yes
vvvhh.com: yes
vvvii.com: yes
vvvjj.com: yes
vvvkk.com: yes
vvvll.com: yes
vvvmm.com: yes
vvvnn.com: yes
vvvoo.com: yes
vvvpp.com: yes
vvvqq.com: yes
vvvrr.com: yes
vvvss.com: yes
vvvtt.com: yes
vvvuu.com: yes
vvvvv.com: yes
vvvww.com: yes
vvvxx.com: yes
vvvyy.com: yes
vvvzz.com: yes
wwwaa.com: yes
wwwbb.com: yes
wwwcc.com: yes
wwwdd.com: yes
wwwee.com: yes
wwwff.com: yes
wwwgg.com: yes
wwwhh.com: yes
wwwii.com: yes
wwwjj.com: yes
wwwkk.com: yes
wwwll.com: yes
wwwmm.com: yes
wwwnn.com: yes
wwwoo.com: yes
wwwpp.com: yes
wwwqq.com: yes
wwwrr.com: yes
wwwss.com: yes
wwwtt.com: yes
wwwuu.com: yes
wwwvv.com: yes
wwwww.com: yes
wwwxx.com: yes
wwwyy.com: yes
wwwzz.com: yes
xxxaa.com: yes
xxxbb.com: yes
xxxcc.com: yes
xxxdd.com: yes
xxxee.com: yes
xxxff.com: yes
xxxgg.com: yes
xxxhh.com: yes
xxxii.com: yes
xxxjj.com: yes
xxxkk.com: yes
xxxll.com: yes
xxxmm.com: yes
xxxnn.com: yes
xxxoo.com: yes
xxxpp.com: yes
xxxqq.com: yes
xxxrr.com: yes
xxxss.com: yes
xxxtt.com: yes
xxxuu.com: yes
xxxvv.com: yes
xxxww.com: yes
xxxxx.com: yes
xxxyy.com: yes
xxxzz.com: yes
yyyaa.com: yes
yyybb.com: yes
yyycc.com: yes
yyydd.com: yes
yyyee.com: yes
yyyff.com: yes
yyygg.com: yes
yyyhh.com: yes
yyyii.com: yes
yyyjj.com: yes
yyykk.com: yes
yyyll.com: yes
yyymm.com: yes
yyynn.com: yes
yyyoo.com: yes
yyypp.com: yes
yyyqq.com: yes
yyyrr.com: yes
yyyss.com: yes
yyytt.com: yes
yyyuu.com: yes
yyyvv.com: yes
yyyww.com: yes
yyyxx.com: yes
yyyyy.com: yes
yyyzz.com: yes
zzzaa.com: yes
zzzbb.com: yes
zzzcc.com: yes
zzzdd.com: yes
zzzee.com: yes
zzzff.com: yes
zzzgg.com: yes
zzzhh.com: yes
zzzii.com: yes
zzzjj.com: yes
zzzkk.com: yes
zzzll.com: yes
zzzmm.com: yes
zzznn.com: yes
zzzoo.com: yes
zzzpp.com: yes
zzzqq.com: yes
zzzrr.com: yes
zzzss.com: yes
zzztt.com: yes
zzzuu.com: yes
zzzvv.com: yes
zzzww.com: yes
zzzxx.com: yes
zzzyy.com: yes
zzzzz.com: yes
