abook.com: yes
bbook.com: yes
cbook.com: yes
dbook.com: yes
ebook.com: yes
fbook.com: yes
gbook.com: yes
hbook.com: yes
ibook.com: yes
jbook.com: yes
kbook.com: yes
lbook.com: yes
mbook.com: yes
nbook.com: yes
obook.com: yes
pbook.com: yes
qbook.com: yes
rbook.com: yes
sbook.com: yes
tbook.com: yes
ubook.com: yes
vbook.com: yes
wbook.com: yes
xbook.com: yes
ybook.com: yes
zbook.com: yes
booka.com: yes
bookb.com: yes
bookc.com: yes
bookd.com: yes
booke.com: yes
bookf.com: yes
bookg.com: yes
bookh.com: yes
booki.com: yes
bookj.com: yes
bookk.com: yes
bookl.com: yes
bookm.com: yes
bookn.com: yes
booko.com: yes
bookp.com: yes
bookq.com: yes
bookr.com: yes
books.com: yes
bookt.com: yes
booku.com: yes
bookv.com: yes
bookw.com: yes
bookx.com: yes
booky.com: yes
bookz.com: yes
