aabook.com: yes
abbook.com: yes
acbook.com: yes
adbook.com: yes
aebook.com: yes
afbook.com: yes
agbook.com: yes
ahbook.com: yes
aibook.com: yes
ajbook.com: yes
akbook.com: yes
albook.com: yes
ambook.com: yes
anbook.com: yes
aobook.com: yes
apbook.com: yes
aqbook.com: yes
arbook.com: yes
asbook.com: yes
atbook.com: yes
aubook.com: yes
avbook.com: yes
awbook.com: yes
axbook.com: yes
aybook.com: yes
azbook.com: yes
babook.com: yes
bbbook.com: yes
bcbook.com: yes
bdbook.com: yes
bebook.com: yes
bfbook.com: yes
bgbook.com: yes
bhbook.com: yes
bibook.com: yes
bjbook.com: yes
bkbook.com: yes
blbook.com: yes
bmbook.com: yes
bnbook.com: yes
bobook.com: yes
bpbook.com: yes
bqbook.com: yes
brbook.com: yes
bsbook.com: yes
btbook.com: yes
bubook.com: yes
bvbook.com: yes
bwbook.com: yes
bxbook.com: yes
bybook.com: yes
bzbook.com: yes
cabook.com: yes
cbbook.com: yes
ccbook.com: yes
cdbook.com: yes
cebook.com: yes
cfbook.com: yes
cgbook.com: yes
chbook.com: yes
cibook.com: yes
cjbook.com: yes
ckbook.com: yes
clbook.com: yes
cmbook.com: yes
cnbook.com: yes
cobook.com: yes
cpbook.com: yes
cqbook.com: yes
crbook.com: yes
csbook.com: yes
ctbook.com: yes
cubook.com: yes
cvbook.com: yes
cwbook.com: yes
cxbook.com: yes
cybook.com: yes
czbook.com: yes
dabook.com: yes
dbbook.com: yes
dcbook.com: yes
ddbook.com: yes
debook.com: yes
dfbook.com: yes
dgbook.com: yes
dhbook.com: yes
dibook.com: yes
djbook.com: yes
dkbook.com: yes
dlbook.com: yes
dmbook.com: yes
dnbook.com: yes
dobook.com: yes
dpbook.com: yes
dqbook.com: yes
drbook.com: yes
dsbook.com: yes
dtbook.com: yes
dubook.com: yes
dvbook.com: yes
dwbook.com: yes
dxbook.com: yes
dybook.com: yes
dzbook.com: yes
eabook.com: yes
ebbook.com: yes
ecbook.com: yes
edbook.com: yes
eebook.com: yes
efbook.com: yes
egbook.com: yes
ehbook.com: yes
eibook.com: yes
ejbook.com: yes
ekbook.com: yes
elbook.com: yes
embook.com: yes
enbook.com: yes
eobook.com: yes
epbook.com: yes
eqbook.com: yes
erbook.com: yes
esbook.com: yes
etbook.com: yes
eubook.com: yes
evbook.com: yes
ewbook.com: yes
exbook.com: yes
eybook.com: yes
ezbook.com: yes
fabook.com: yes
fbbook.com: yes
fcbook.com: yes
fdbook.com: yes
febook.com: yes
ffbook.com: yes
fgbook.com: yes
fhbook.com: yes
fibook.com: yes
fjbook.com: yes
fkbook.com: yes
flbook.com: yes
fmbook.com: yes
fnbook.com: yes
fobook.com: yes
fpbook.com: yes
fqbook.com: yes
frbook.com: yes
fsbook.com: yes
ftbook.com: yes
fubook.com: yes
fvbook.com: no ====== use register
fwbook.com: yes
fxbook.com: yes
fybook.com: yes
fzbook.com: yes
gabook.com: yes
gbbook.com: yes
gcbook.com: yes
gdbook.com: yes
gebook.com: yes
gfbook.com: yes
ggbook.com: yes
ghbook.com: yes
gibook.com: yes
gjbook.com: yes
gkbook.com: yes
glbook.com: yes
gmbook.com: yes
gnbook.com: yes
gobook.com: yes
gpbook.com: yes
gqbook.com: yes
grbook.com: yes
gsbook.com: yes
gtbook.com: yes
gubook.com: yes
gvbook.com: yes
gwbook.com: yes
gxbook.com: yes
gybook.com: yes
gzbook.com: yes
habook.com: yes
hbbook.com: yes
hcbook.com: yes
hdbook.com: yes
hebook.com: yes
hfbook.com: yes
hgbook.com: yes
hhbook.com: yes
hibook.com: yes
hjbook.com: yes
hkbook.com: yes
hlbook.com: yes
hmbook.com: yes
hnbook.com: yes
hobook.com: yes
hpbook.com: yes
hqbook.com: yes
hrbook.com: yes
hsbook.com: yes
htbook.com: yes
hubook.com: yes
hvbook.com: yes
hwbook.com: yes
hxbook.com: yes
hybook.com: yes
hzbook.com: yes
iabook.com: yes
ibbook.com: yes
icbook.com: yes
idbook.com: yes
iebook.com: yes
ifbook.com: yes
igbook.com: yes
ihbook.com: yes
iibook.com: yes
ijbook.com: yes
ikbook.com: yes
ilbook.com: yes
imbook.com: yes
inbook.com: yes
iobook.com: yes
ipbook.com: yes
iqbook.com: yes
irbook.com: yes
isbook.com: yes
itbook.com: yes
iubook.com: yes
ivbook.com: yes
iwbook.com: yes
ixbook.com: yes
iybook.com: yes
izbook.com: yes
jabook.com: yes
jbbook.com: yes
jcbook.com: yes
jdbook.com: yes
jebook.com: yes
jfbook.com: yes
jgbook.com: yes
jhbook.com: yes
jibook.com: yes
jjbook.com: yes
jkbook.com: yes
jlbook.com: yes
jmbook.com: yes
jnbook.com: yes
jobook.com: yes
jpbook.com: yes
jqbook.com: yes
jrbook.com: yes
jsbook.com: yes
jtbook.com: yes
jubook.com: yes
jvbook.com: yes
jwbook.com: yes
jxbook.com: yes
jybook.com: yes
jzbook.com: yes
kabook.com: yes
kbbook.com: yes
kcbook.com: yes
kdbook.com: yes
kebook.com: yes
kfbook.com: yes
kgbook.com: yes
khbook.com: yes
kibook.com: yes
kjbook.com: yes
kkbook.com: yes
klbook.com: yes
kmbook.com: yes
knbook.com: yes
kobook.com: yes
kpbook.com: yes
kqbook.com: yes
krbook.com: yes
ksbook.com: yes
ktbook.com: yes
kubook.com: yes
kvbook.com: yes
kwbook.com: yes
kxbook.com: yes
kybook.com: yes
kzbook.com: yes
labook.com: yes
lbbook.com: yes
lcbook.com: yes
ldbook.com: yes
lebook.com: yes
lfbook.com: yes
lgbook.com: yes
lhbook.com: yes
libook.com: yes
ljbook.com: yes
lkbook.com: yes
llbook.com: yes
lmbook.com: yes
lnbook.com: yes
lobook.com: yes
lpbook.com: yes
lqbook.com: yes
lrbook.com: yes
lsbook.com: yes
ltbook.com: yes
lubook.com: yes
lvbook.com: yes
lwbook.com: yes
lxbook.com: yes
lybook.com: yes
lzbook.com: yes
mabook.com: yes
mbbook.com: yes
mcbook.com: yes
mdbook.com: yes
mebook.com: yes
mfbook.com: yes
mgbook.com: yes
mhbook.com: yes
mibook.com: yes
mjbook.com: yes
mkbook.com: yes
mlbook.com: yes
mmbook.com: yes
mnbook.com: yes
mobook.com: yes
mpbook.com: yes
mqbook.com: yes
mrbook.com: yes
msbook.com: yes
mtbook.com: yes
mubook.com: yes
mvbook.com: yes
mwbook.com: yes
mxbook.com: yes
mybook.com: yes
mzbook.com: yes
nabook.com: yes
nbbook.com: yes
ncbook.com: yes
ndbook.com: yes
nebook.com: yes
nfbook.com: yes
ngbook.com: yes
nhbook.com: yes
nibook.com: yes
njbook.com: yes
nkbook.com: yes
nlbook.com: yes
nmbook.com: yes
nnbook.com: yes
nobook.com: yes
npbook.com: yes
nqbook.com: yes
nrbook.com: yes
nsbook.com: yes
ntbook.com: yes
nubook.com: yes
nvbook.com: yes
nwbook.com: yes
nxbook.com: yes
nybook.com: yes
nzbook.com: yes
oabook.com: yes
obbook.com: yes
ocbook.com: yes
odbook.com: yes
oebook.com: yes
ofbook.com: yes
ogbook.com: yes
ohbook.com: yes
oibook.com: yes
ojbook.com: yes
okbook.com: yes
olbook.com: yes
ombook.com: yes
onbook.com: yes
oobook.com: yes
opbook.com: yes
oqbook.com: yes
orbook.com: yes
osbook.com: yes
otbook.com: yes
oubook.com: yes
ovbook.com: yes
owbook.com: yes
oxbook.com: yes
oybook.com: yes
ozbook.com: yes
pabook.com: yes
pbbook.com: yes
pcbook.com: yes
pdbook.com: yes
pebook.com: yes
pfbook.com: yes
pgbook.com: yes
phbook.com: yes
pibook.com: yes
pjbook.com: yes
pkbook.com: yes
plbook.com: yes
pmbook.com: yes
pnbook.com: yes
pobook.com: yes
ppbook.com: yes
pqbook.com: yes
prbook.com: yes
psbook.com: yes
ptbook.com: yes
pubook.com: yes
pvbook.com: yes
pwbook.com: yes
pxbook.com: yes
pybook.com: yes
pzbook.com: yes
qabook.com: yes
qbbook.com: yes
qcbook.com: yes
qdbook.com: yes
qebook.com: yes
qfbook.com: yes
qgbook.com: yes
qhbook.com: yes
qibook.com: yes
qjbook.com: yes
qkbook.com: yes
qlbook.com: yes
qmbook.com: yes
qnbook.com: yes
qobook.com: yes
qpbook.com: yes
qqbook.com: yes
qrbook.com: yes
qsbook.com: yes
qtbook.com: yes
qubook.com: yes
qvbook.com: yes
qwbook.com: yes
qxbook.com: yes
qybook.com: yes
qzbook.com: yes
rabook.com: yes
rbbook.com: yes
rcbook.com: yes
rdbook.com: yes
rebook.com: yes
rfbook.com: yes
rgbook.com: yes
rhbook.com: yes
ribook.com: yes
rjbook.com: yes
rkbook.com: yes
rlbook.com: yes
rmbook.com: yes
rnbook.com: yes
robook.com: yes
rpbook.com: yes
rqbook.com: yes
rrbook.com: yes
rsbook.com: yes
rtbook.com: yes
rubook.com: yes
rvbook.com: yes
rwbook.com: yes
rxbook.com: yes
rybook.com: yes
rzbook.com: yes
sabook.com: yes
sbbook.com: yes
scbook.com: yes
sdbook.com: yes
sebook.com: yes
sfbook.com: yes
sgbook.com: yes
shbook.com: yes
sibook.com: yes
sjbook.com: yes
skbook.com: yes
slbook.com: yes
smbook.com: yes
snbook.com: yes
sobook.com: yes
spbook.com: yes
sqbook.com: yes
srbook.com: yes
ssbook.com: yes
stbook.com: yes
subook.com: yes
svbook.com: yes
swbook.com: yes
sxbook.com: yes
sybook.com: yes
szbook.com: yes
tabook.com: yes
tbbook.com: yes
tcbook.com: yes
tdbook.com: yes
tebook.com: yes
tfbook.com: yes
tgbook.com: yes
thbook.com: yes
tibook.com: yes
tjbook.com: yes
tkbook.com: yes
tlbook.com: yes
tmbook.com: yes
tnbook.com: yes
tobook.com: yes
tpbook.com: yes
tqbook.com: yes
trbook.com: yes
tsbook.com: yes
ttbook.com: yes
tubook.com: yes
tvbook.com: yes
twbook.com: yes
txbook.com: yes
tybook.com: yes
tzbook.com: yes
uabook.com: yes
ubbook.com: yes
ucbook.com: yes
udbook.com: yes
uebook.com: yes
ufbook.com: yes
ugbook.com: yes
uhbook.com: yes
uibook.com: yes
ujbook.com: yes
ukbook.com: yes
ulbook.com: yes
umbook.com: yes
unbook.com: yes
uobook.com: yes
upbook.com: yes
uqbook.com: yes
urbook.com: yes
usbook.com: yes
utbook.com: yes
uubook.com: yes
uvbook.com: yes
uwbook.com: yes
uxbook.com: yes
uybook.com: yes
uzbook.com: yes
vabook.com: yes
vbbook.com: yes
vcbook.com: yes
vdbook.com: yes
vebook.com: yes
vfbook.com: yes
vgbook.com: yes
vhbook.com: yes
vibook.com: yes
vjbook.com: yes
vkbook.com: yes
vlbook.com: yes
vmbook.com: yes
vnbook.com: yes
vobook.com: yes
vpbook.com: yes
vqbook.com: yes
vrbook.com: yes
vsbook.com: yes
vtbook.com: yes
vubook.com: yes
vvbook.com: yes
vwbook.com: yes
vxbook.com: yes
vybook.com: yes
vzbook.com: yes
wabook.com: yes
wbbook.com: yes
wcbook.com: yes
wdbook.com: yes
webook.com: yes
wfbook.com: yes
wgbook.com: yes
whbook.com: yes
wibook.com: yes
wjbook.com: yes
wkbook.com: yes
wlbook.com: yes
wmbook.com: yes
wnbook.com: yes
wobook.com: yes
wpbook.com: yes
wqbook.com: yes
wrbook.com: yes
wsbook.com: yes
wtbook.com: yes
wubook.com: yes
wvbook.com: yes
wwbook.com: yes
wxbook.com: yes
wybook.com: yes
wzbook.com: yes
xabook.com: yes
xbbook.com: yes
xcbook.com: yes
xdbook.com: yes
xebook.com: yes
xfbook.com: yes
xgbook.com: yes
xhbook.com: yes
xibook.com: yes
xjbook.com: yes
xkbook.com: yes
xlbook.com: yes
xmbook.com: yes
xnbook.com: yes
xobook.com: yes
xpbook.com: yes
xqbook.com: yes
xrbook.com: yes
xsbook.com: yes
xtbook.com: yes
xubook.com: yes
xvbook.com: yes
xwbook.com: yes
xxbook.com: yes
xybook.com: yes
xzbook.com: yes
yabook.com: yes
ybbook.com: yes
ycbook.com: yes
ydbook.com: yes
yebook.com: yes
yfbook.com: yes
ygbook.com: yes
yhbook.com: yes
yibook.com: yes
yjbook.com: yes
ykbook.com: yes
ylbook.com: yes
ymbook.com: yes
ynbook.com: yes
yobook.com: yes
ypbook.com: yes
yqbook.com: yes
yrbook.com: yes
ysbook.com: yes
ytbook.com: yes
yubook.com: yes
yvbook.com: yes
ywbook.com: yes
yxbook.com: yes
yybook.com: yes
yzbook.com: yes
zabook.com: yes
zbbook.com: yes
zcbook.com: yes
zdbook.com: yes
zebook.com: yes
zfbook.com: yes
zgbook.com: yes
zhbook.com: yes
zibook.com: yes
zjbook.com: yes
zkbook.com: yes
zlbook.com: yes
zmbook.com: yes
znbook.com: yes
zobook.com: yes
zpbook.com: yes
zqbook.com: yes
zrbook.com: yes
zsbook.com: yes
ztbook.com: yes
zubook.com: yes
zvbook.com: yes
zwbook.com: yes
zxbook.com: yes
zybook.com: yes
zzbook.com: yes
bookaa.com: yes
bookab.com: yes
bookac.com: yes
bookad.com: yes
bookae.com: yes
bookaf.com: yes
bookag.com: yes
bookah.com: yes
bookai.com: yes
bookaj.com: no ====== use register
bookak.com: yes
bookal.com: yes
bookam.com: yes
bookan.com: yes
bookao.com: yes
bookap.com: yes
bookaq.com: no ====== use register
bookar.com: yes
bookas.com: yes
bookat.com: yes
bookau.com: yes
bookav.com: yes
bookaw.com: no ====== use register
bookax.com: yes
bookay.com: yes
bookaz.com: yes
bookba.com: yes
bookbb.com: yes
bookbc.com: yes
bookbd.com: yes
bookbe.com: yes
bookbf.com: yes
bookbg.com: yes
bookbh.com: yes
bookbi.com: yes
bookbj.com: yes
bookbk.com: yes
bookbl.com: yes
bookbm.com: no ====== use register
bookbn.com: no ====== use register
bookbo.com: yes
bookbp.com: no ====== use register
bookbq.com: yes
bookbr.com: yes
bookbs.com: yes
bookbt.com: yes
bookbu.com: yes
bookbv.com: yes
bookbw.com: yes
bookbx.com: yes
bookby.com: yes
bookbz.com: no ====== use register
bookca.com: yes
bookcb.com: yes
bookcc.com: yes
bookcd.com: yes
bookce.com: yes
bookcf.com: no ====== use register
bookcg.com: yes
bookch.com: yes
bookci.com: yes
bookcj.com: yes
bookck.com: yes
bookcl.com: yes
bookcm.com: yes
bookcn.com: yes
bookco.com: yes
bookcp.com: yes
bookcq.com: yes
bookcr.com: yes
bookcs.com: yes
bookct.com: yes
bookcu.com: yes
bookcv.com: yes
bookcw.com: yes
bookcx.com: yes
bookcy.com: yes
bookcz.com: no ====== use register
bookda.com: yes
bookdb.com: yes
bookdc.com: yes
bookdd.com: yes
bookde.com: yes
bookdf.com: yes
bookdg.com: yes
bookdh.com: yes
bookdi.com: yes
bookdj.com: yes
bookdk.com: yes
bookdl.com: yes
bookdm.com: yes
bookdn.com: no ====== use register
bookdo.com: yes
bookdp.com: yes
bookdq.com: yes
bookdr.com: yes
bookds.com: yes
bookdt.com: yes
bookdu.com: yes
bookdv.com: no ====== use register
bookdw.com: yes
bookdx.com: yes
bookdy.com: yes
bookdz.com: yes
bookea.com: yes
bookeb.com: yes
bookec.com: yes
booked.com: yes
bookee.com: yes
bookef.com: no ====== use register
bookeg.com: yes
bookeh.com: yes
bookei.com: yes
bookej.com: no ====== use register
bookek.com: yes
bookel.com: yes
bookem.com: yes
booken.com: yes
bookeo.com: yes
bookep.com: yes
bookeq.com: yes
booker.com: yes
bookes.com: yes
booket.com: yes
bookeu.com: yes
bookev.com: yes
bookew.com: yes
bookex.com: yes
bookey.com: yes
bookez.com: yes
bookfa.com: yes
bookfb.com: yes
bookfc.com: yes
bookfd.com: no ====== use register
bookfe.com: yes
bookff.com: yes
bookfg.com: no ====== use register
bookfh.com: yes
bookfi.com: yes
bookfj.com: yes
bookfk.com: no ====== use register
bookfl.com: yes
bookfm.com: yes
bookfn.com: yes
bookfo.com: yes
bookfp.com: no ====== use register
bookfq.com: no ====== use register
bookfr.com: yes
bookfs.com: yes
bookft.com: yes
bookfu.com: yes
bookfv.com: no ====== use register
bookfw.com: no ====== use register
bookfx.com: yes
bookfy.com: yes
bookfz.com: yes
bookga.com: yes
bookgb.com: no ====== use register
bookgc.com: yes
bookgd.com: yes
bookge.com: yes
bookgf.com: yes
bookgg.com: yes
bookgh.com: yes
bookgi.com: no ====== use register
bookgj.com: yes
bookgk.com: yes
bookgl.com: yes
bookgm.com: no ====== use register
bookgn.com: yes
bookgo.com: yes
bookgp.com: yes
bookgq.com: no ====== use register
bookgr.com: yes
bookgs.com: yes
bookgt.com: yes
bookgu.com: yes
bookgv.com: yes
bookgw.com: no ====== use register
bookgx.com: yes
bookgy.com: yes
bookgz.com: yes
bookha.com: yes
bookhb.com: yes
bookhc.com: yes
bookhd.com: yes
bookhe.com: yes
bookhf.com: no ====== use register
bookhg.com: yes
bookhh.com: yes
bookhi.com: yes
bookhj.com: no ====== use register
bookhk.com: yes
bookhl.com: yes
bookhm.com: no ====== use register
bookhn.com: no ====== use register
bookho.com: yes
bookhp.com: no ====== use register
bookhq.com: yes
bookhr.com: yes
bookhs.com: yes
bookht.com: yes
bookhu.com: yes
bookhv.com: no ====== use register
bookhw.com: no ====== use register
bookhx.com: yes
bookhy.com: yes
bookhz.com: yes
bookia.com: yes
bookib.com: yes
bookic.com: yes
bookid.com: yes
bookie.com: yes
bookif.com: yes
bookig.com: yes
bookih.com: yes
bookii.com: yes
bookij.com: yes
bookik.com: yes
bookil.com: yes
bookim.com: yes
bookin.com: yes
bookio.com: yes
bookip.com: yes
bookiq.com: yes
bookir.com: yes
bookis.com: yes
bookit.com: yes
bookiu.com: yes
bookiv.com: yes
bookiw.com: yes
bookix.com: yes
bookiy.com: yes
bookiz.com: yes
bookja.com: yes
bookjb.com: yes
bookjc.com: yes
bookjd.com: yes
bookje.com: no ====== use register
bookjf.com: yes
bookjg.com: yes
bookjh.com: yes
bookji.com: yes
bookjj.com: yes
bookjk.com: no ====== use register
bookjl.com: no ====== use register
bookjm.com: yes
bookjn.com: yes
bookjo.com: yes
bookjp.com: yes
bookjq.com: no ====== use register
bookjr.com: yes
bookjs.com: yes
bookjt.com: yes
bookju.com: yes
bookjv.com: yes
bookjw.com: yes
bookjx.com: yes
bookjy.com: yes
bookjz.com: yes
bookka.com: yes
bookkb.com: yes
bookkc.com: yes
bookkd.com: no ====== use register
bookke.com: yes
bookkf.com: no ====== use register
bookkg.com: no ====== use register
bookkh.com: no ====== use register
bookki.com: yes
bookkj.com: yes
bookkk.com: yes
bookkl.com: yes
bookkm.com: no ====== use register
bookkn.com: yes
bookko.com: yes
bookkp.com: no ====== use register
bookkq.com: no ====== use register
bookkr.com: yes
bookks.com: yes
bookkt.com: yes
bookku.com: yes
bookkv.com: no ====== use register
bookkw.com: yes
bookkx.com: no ====== use register
bookky.com: yes
bookkz.com: yes
bookla.com: yes
booklb.com: yes
booklc.com: yes
bookld.com: yes
bookle.com: yes
booklf.com: no ====== use register
booklg.com: no ====== use register
booklh.com: yes
bookli.com: yes
booklj.com: no ====== use register
booklk.com: yes
bookll.com: yes
booklm.com: yes
bookln.com: yes
booklo.com: yes
booklp.com: yes
booklq.com: yes
booklr.com: yes
bookls.com: yes
booklt.com: yes
booklu.com: yes
booklv.com: yes
booklw.com: yes
booklx.com: no ====== use register
bookly.com: yes
booklz.com: yes
bookma.com: yes
bookmb.com: yes
bookmc.com: yes
bookmd.com: yes
bookme.com: yes
bookmf.com: yes
bookmg.com: yes
bookmh.com: yes
bookmi.com: yes
bookmj.com: yes
bookmk.com: yes
bookml.com: yes
bookmm.com: yes
bookmn.com: yes
bookmo.com: yes
bookmp.com: yes
bookmq.com: no ====== use register
bookmr.com: yes
bookms.com: yes
bookmt.com: yes
bookmu.com: yes
bookmv.com: yes
bookmw.com: yes
bookmx.com: yes
bookmy.com: yes
bookmz.com: yes
bookna.com: yes
booknb.com: yes
booknc.com: yes
booknd.com: yes
bookne.com: yes
booknf.com: yes
bookng.com: yes
booknh.com: yes
bookni.com: yes
booknj.com: yes
booknk.com: yes
booknl.com: yes
booknm.com: yes
booknn.com: yes
bookno.com: yes
booknp.com: yes
booknq.com: no ====== use register
booknr.com: yes
bookns.com: yes
booknt.com: yes
booknu.com: yes
booknv.com: yes
booknw.com: yes
booknx.com: yes
bookny.com: yes
booknz.com: yes
bookoa.com: yes
bookob.com: yes
bookoc.com: yes
bookod.com: yes
bookoe.com: yes
bookof.com: yes
bookog.com: yes
bookoh.com: yes
bookoi.com: no ====== use register
bookoj.com: no ====== use register
bookok.com: yes
bookol.com: yes
bookom.com: yes
bookon.com: yes
bookoo.com: yes
bookop.com: yes
bookoq.com: no ====== use register
bookor.com: yes
bookos.com: yes
bookot.com: yes
bookou.com: yes
bookov.com: yes
bookow.com: yes
bookox.com: yes
bookoy.com: yes
bookoz.com: yes
bookpa.com: yes
bookpb.com: yes
bookpc.com: yes
bookpd.com: yes
bookpe.com: yes
bookpf.com: yes
bookpg.com: yes
bookph.com: yes
bookpi.com: yes
bookpj.com: no ====== use register
bookpk.com: yes
bookpl.com: yes
bookpm.com: yes
bookpn.com: no ====== use register
bookpo.com: yes
bookpp.com: yes
bookpq.com: no ====== use register
bookpr.com: yes
bookps.com: yes
bookpt.com: yes
bookpu.com: yes
bookpv.com: no ====== use register
bookpw.com: yes
bookpx.com: yes
bookpy.com: yes
bookpz.com: no ====== use register
bookqa.com: yes
bookqb.com: yes
bookqc.com: no ====== use register
bookqd.com: yes
bookqe.com: no ====== use register
bookqf.com: no ====== use register
bookqg.com: yes
bookqh.com: no ====== use register
bookqi.com: yes
bookqj.com: no ====== use register
bookqk.com: yes
bookql.com: yes
bookqm.com: no ====== use register
bookqn.com: no ====== use register
bookqo.com: yes
bookqp.com: no ====== use register
bookqq.com: yes
bookqr.com: yes
bookqs.com: yes
bookqt.com: yes
bookqu.com: yes
bookqv.com: no ====== use register
bookqw.com: no ====== use register
bookqx.com: yes
bookqy.com: no ====== use register
bookqz.com: no ====== use register
bookra.com: yes
bookrb.com: yes
bookrc.com: yes
bookrd.com: yes
bookre.com: yes
bookrf.com: no ====== use register
bookrg.com: no ====== use register
bookrh.com: yes
bookri.com: yes
bookrj.com: no ====== use register
bookrk.com: yes
bookrl.com: no ====== use register
bookrm.com: yes
bookrn.com: yes
bookro.com: yes
bookrp.com: yes
bookrq.com: no ====== use register
bookrr.com: yes
bookrs.com: yes
bookrt.com: yes
bookru.com: yes
bookrv.com: yes
bookrw.com: no ====== use register
bookrx.com: yes
bookry.com: yes
bookrz.com: yes
booksa.com: yes
booksb.com: yes
booksc.com: yes
booksd.com: yes
bookse.com: yes
booksf.com: yes
booksg.com: yes
booksh.com: yes
booksi.com: yes
booksj.com: yes
booksk.com: yes
booksl.com: yes
booksm.com: yes
booksn.com: yes
bookso.com: yes
booksp.com: yes
booksq.com: yes
booksr.com: yes
bookss.com: yes
bookst.com: yes
booksu.com: yes
booksv.com: yes
booksw.com: yes
booksx.com: yes
booksy.com: yes
booksz.com: yes
bookta.com: yes
booktb.com: yes
booktc.com: yes
booktd.com: yes
bookte.com: yes
booktf.com: no ====== use register
booktg.com: yes
bookth.com: yes
bookti.com: yes
booktj.com: yes
booktk.com: yes
booktl.com: yes
booktm.com: yes
booktn.com: yes
bookto.com: yes
booktp.com: yes
booktq.com: no ====== use register
booktr.com: yes
bookts.com: yes
booktt.com: yes
booktu.com: yes
booktv.com: yes
booktw.com: yes
booktx.com: yes
bookty.com: yes
booktz.com: yes
bookua.com: yes
bookub.com: yes
bookuc.com: yes
bookud.com: yes
bookue.com: yes
bookuf.com: no ====== use register
bookug.com: yes
bookuh.com: no ====== use register
bookui.com: yes
bookuj.com: yes
bookuk.com: yes
bookul.com: yes
bookum.com: yes
bookun.com: yes
bookuo.com: yes
bookup.com: yes
bookuq.com: no ====== use register
bookur.com: yes
bookus.com: yes
bookut.com: yes
bookuu.com: yes
bookuv.com: no ====== use register
bookuw.com: yes
bookux.com: yes
bookuy.com: yes
bookuz.com: yes
bookva.com: yes
bookvb.com: no ====== use register
bookvc.com: yes
bookvd.com: no ====== use register
bookve.com: yes
bookvf.com: no ====== use register
bookvg.com: no ====== use register
bookvh.com: no ====== use register
bookvi.com: yes
bookvj.com: no ====== use register
bookvk.com: no ====== use register
bookvl.com: no ====== use register
bookvm.com: no ====== use register
bookvn.com: yes
bookvo.com: yes
bookvp.com: yes
bookvq.com: no ====== use register
bookvr.com: yes
bookvs.com: yes
bookvt.com: yes
bookvu.com: yes
bookvv.com: yes
bookvw.com: no ====== use register
bookvx.com: no ====== use register
bookvy.com: yes
bookvz.com: no ====== use register
bookwa.com: yes
bookwb.com: yes
bookwc.com: yes
bookwd.com: yes
bookwe.com: yes
bookwf.com: no ====== use register
bookwg.com: no ====== use register
bookwh.com: yes
bookwi.com: yes
bookwj.com: yes
bookwk.com: no ====== use register
bookwl.com: no ====== use register
bookwm.com: yes
bookwn.com: no ====== use register
bookwo.com: yes
bookwp.com: yes
bookwq.com: no ====== use register
bookwr.com: no ====== use register
bookws.com: yes
bookwt.com: yes
bookwu.com: yes
bookwv.com: yes
bookww.com: yes
bookwx.com: yes
bookwy.com: yes
bookwz.com: yes
bookxa.com: no ====== use register
bookxb.com: yes
bookxc.com: no ====== use register
bookxd.com: yes
bookxe.com: yes
bookxf.com: no ====== use register
bookxg.com: no ====== use register
bookxh.com: yes
bookxi.com: yes
bookxj.com: yes
bookxk.com: yes
bookxl.com: yes
bookxm.com: yes
bookxn.com: no ====== use register
bookxo.com: yes
bookxp.com: yes
bookxq.com: no ====== use register
bookxr.com: yes
bookxs.com: yes
bookxt.com: yes
bookxu.com: yes
bookxv.com: yes
bookxw.com: yes
bookxx.com: yes
bookxy.com: yes
bookxz.com: yes
bookya.com: yes
bookyb.com: no ====== use register
bookyc.com: yes
bookyd.com: yes
bookye.com: yes
bookyf.com: yes
bookyg.com: yes
bookyh.com: yes
bookyi.com: yes
bookyj.com: yes
bookyk.com: no ====== use register
bookyl.com: yes
bookym.com: yes
bookyn.com: yes
bookyo.com: yes
bookyp.com: yes
bookyq.com: yes
bookyr.com: yes
bookys.com: yes
bookyt.com: yes
bookyu.com: yes
bookyv.com: no ====== use register
bookyw.com: yes
bookyx.com: yes
bookyy.com: yes
bookyz.com: yes
bookza.com: yes
bookzb.com: yes
bookzc.com: yes
bookzd.com: no ====== use register
bookze.com: yes
bookzf.com: no ====== use register
bookzg.com: yes
bookzh.com: yes
bookzi.com: yes
bookzj.com: yes
bookzk.com: no ====== use register
bookzl.com: yes
bookzm.com: no ====== use register
bookzn.com: yes
bookzo.com: yes
bookzp.com: no ====== use register
bookzq.com: no ====== use register
bookzr.com: yes
bookzs.com: yes
bookzt.com: yes
bookzu.com: yes
bookzv.com: no ====== use register
bookzw.com: yes
bookzx.com: yes
bookzy.com: yes
bookzz.com: yes
