jiaaa.com: yes
jiaab.com: yes
jiaac.com: no ====== use register
jiaad.com: yes
jiaae.com: no ====== use register
jiaaf.com: yes
jiaag.com: no ====== use register
jiaah.com: yes
jiaai.com: yes
jiaaj.com: no ====== use register
jiaak.com: no ====== use register
jiaal.com: yes
jiaam.com: yes
jiaan.com: yes
jiaao.com: yes
jiaap.com: yes
jiaaq.com: no ====== use register
jiaar.com: yes
jiaas.com: yes
jiaat.com: yes
jiaau.com: no ====== use register
jiaav.com: yes
jiaaw.com: yes
jiaax.com: no ====== use register
jiaay.com: no ====== use register
jiaaz.com: yes
jiaba.com: yes
jiabb.com: yes
jiabc.com: yes
jiabd.com: yes
jiabe.com: yes
jiabf.com: yes
jiabg.com: yes
jiabh.com: yes
jiabi.com: yes
jiabj.com: yes
jiabk.com: yes
jiabl.com: yes
jiabm.com: yes
jiabn.com: yes
jiabo.com: yes
jiabp.com: yes
jiabq.com: no ====== use register
jiabr.com: yes
jiabs.com: yes
jiabt.com: yes
jiabu.com: yes
jiabv.com: yes
jiabw.com: yes
jiabx.com: yes
jiaby.com: yes
jiabz.com: yes
jiaca.com: yes
jiacb.com: yes
jiacc.com: yes
jiacd.com: yes
jiace.com: yes
jiacf.com: yes
jiacg.com: yes
jiach.com: yes
jiaci.com: yes
jiacj.com: yes
jiack.com: yes
jiacl.com: yes
jiacm.com: yes
jiacn.com: yes
jiaco.com: yes
jiacp.com: yes
jiacq.com: no ====== use register
jiacr.com: yes
jiacs.com: yes
jiact.com: yes
jiacu.com: yes
jiacv.com: no ====== use register
jiacw.com: yes
jiacx.com: yes
jiacy.com: yes
jiacz.com: yes
jiada.com: yes
jiadb.com: yes
jiadc.com: yes
jiadd.com: yes
jiade.com: yes
jiadf.com: yes
jiadg.com: no ====== use register
jiadh.com: yes
jiadi.com: yes
jiadj.com: yes
jiadk.com: yes
jiadl.com: yes
jiadm.com: yes
jiadn.com: yes
jiado.com: yes
jiadp.com: yes
jiadq.com: no ====== use register
jiadr.com: yes
jiads.com: yes
jiadt.com: yes
jiadu.com: yes
jiadv.com: yes
jiadw.com: yes
jiadx.com: yes
jiady.com: yes
jiadz.com: yes
jiaea.com: yes
jiaeb.com: no ====== use register
jiaec.com: yes
jiaed.com: yes
jiaee.com: yes
jiaef.com: yes
jiaeg.com: no ====== use register
jiaeh.com: no ====== use register
jiaei.com: yes
jiaej.com: no ====== use register
jiaek.com: no ====== use register
jiael.com: yes
jiaem.com: yes
jiaen.com: yes
jiaeo.com: yes
jiaep.com: no ====== use register
jiaeq.com: no ====== use register
jiaer.com: yes
jiaes.com: yes
jiaet.com: yes
jiaeu.com: yes
jiaev.com: yes
jiaew.com: no ====== use register
jiaex.com: yes
jiaey.com: yes
jiaez.com: yes
jiafa.com: yes
jiafb.com: yes
jiafc.com: yes
jiafd.com: yes
jiafe.com: yes
jiaff.com: yes
jiafg.com: yes
jiafh.com: yes
jiafi.com: yes
jiafj.com: no ====== use register
jiafk.com: no ====== use register
jiafl.com: yes
jiafm.com: yes
jiafn.com: yes
jiafo.com: yes
jiafp.com: yes
jiafq.com: yes
jiafr.com: yes
jiafs.com: yes
jiaft.com: no ====== use register
jiafu.com: yes
jiafv.com: no ====== use register
jiafw.com: yes
jiafx.com: yes
jiafy.com: yes
jiafz.com: yes
jiaga.com: yes
jiagb.com: yes
jiagc.com: yes
jiagd.com: yes
jiage.com: yes
jiagf.com: yes
jiagg.com: yes
jiagh.com: no ====== use register
jiagi.com: yes
jiagj.com: yes
jiagk.com: no ====== use register
jiagl.com: yes
jiagm.com: yes
jiagn.com: no ====== use register
jiago.com: yes
jiagp.com: no ====== use register
jiagq.com: yes
jiagr.com: yes
jiags.com: yes
jiagt.com: yes
jiagu.com: yes
jiagv.com: yes
jiagw.com: yes
jiagx.com: yes
jiagy.com: yes
jiagz.com: yes
jiaha.com: yes
jiahb.com: yes
jiahc.com: yes
jiahd.com: yes
jiahe.com: yes
jiahf.com: yes
jiahg.com: yes
jiahh.com: yes
jiahi.com: yes
jiahj.com: yes
jiahk.com: yes
jiahl.com: yes
jiahm.com: yes
jiahn.com: yes
jiaho.com: yes
jiahp.com: yes
jiahq.com: no ====== use register
jiahr.com: yes
jiahs.com: yes
jiaht.com: yes
jiahu.com: yes
jiahv.com: yes
jiahw.com: yes
jiahx.com: yes
jiahy.com: yes
jiahz.com: yes
jiaia.com: yes
jiaib.com: no ====== use register
jiaic.com: yes
jiaid.com: yes
jiaie.com: yes
jiaif.com: no ====== use register
jiaig.com: no ====== use register
jiaih.com: no ====== use register
jiaii.com: yes
jiaij.com: yes
jiaik.com: yes
jiail.com: no ====== use register
jiaim.com: yes
jiain.com: yes
jiaio.com: yes
jiaip.com: yes
jiaiq.com: no ====== use register
jiair.com: yes
jiais.com: yes
jiait.com: yes
jiaiu.com: yes
jiaiv.com: no ====== use register
jiaiw.com: yes
jiaix.com: yes
jiaiy.com: no ====== use register
jiaiz.com: no ====== use register
jiaja.com: yes
jiajb.com: yes
jiajc.com: yes
jiajd.com: yes
jiaje.com: yes
jiajf.com: yes
jiajg.com: yes
jiajh.com: yes
jiaji.com: yes
jiajj.com: yes
jiajk.com: yes
jiajl.com: yes
jiajm.com: yes
jiajn.com: yes
jiajo.com: yes
jiajp.com: no ====== use register
jiajq.com: yes
jiajr.com: yes
jiajs.com: no ====== use register
jiajt.com: yes
jiaju.com: yes
jiajv.com: yes
jiajw.com: yes
jiajx.com: yes
jiajy.com: yes
jiajz.com: no ====== use register
jiaka.com: yes
jiakb.com: yes
jiakc.com: yes
jiakd.com: no ====== use register
jiake.com: yes
jiakf.com: no ====== use register
jiakg.com: no ====== use register
jiakh.com: yes
jiaki.com: yes
jiakj.com: yes
jiakk.com: yes
jiakl.com: yes
jiakm.com: yes
jiakn.com: no ====== use register
jiako.com: yes
jiakp.com: yes
jiakq.com: no ====== use register
jiakr.com: yes
jiaks.com: yes
jiakt.com: yes
jiaku.com: yes
jiakv.com: no ====== use register
jiakw.com: yes
jiakx.com: no ====== use register
jiaky.com: yes
jiakz.com: yes
jiala.com: yes
jialb.com: yes
jialc.com: yes
jiald.com: yes
jiale.com: yes
jialf.com: yes
jialg.com: yes
jialh.com: yes
jiali.com: yes
jialj.com: yes
jialk.com: yes
jiall.com: yes
jialm.com: yes
jialn.com: yes
jialo.com: yes
jialp.com: yes
jialq.com: no ====== use register
jialr.com: yes
jials.com: yes
jialt.com: yes
jialu.com: yes
jialv.com: yes
jialw.com: yes
jialx.com: yes
jialy.com: yes
jialz.com: yes
jiama.com: yes
jiamb.com: yes
jiamc.com: yes
jiamd.com: yes
jiame.com: yes
jiamf.com: yes
jiamg.com: yes
jiamh.com: yes
jiami.com: yes
jiamj.com: yes
jiamk.com: yes
jiaml.com: yes
jiamm.com: yes
jiamn.com: yes
jiamo.com: yes
jiamp.com: yes
jiamq.com: yes
jiamr.com: yes
jiams.com: yes
jiamt.com: yes
jiamu.com: yes
jiamv.com: yes
jiamw.com: yes
jiamx.com: yes
jiamy.com: yes
jiamz.com: no ====== use register
jiana.com: yes
jianb.com: yes
jianc.com: yes
jiand.com: yes
jiane.com: yes
jianf.com: yes
jiang.com: yes
jianh.com: yes
jiani.com: yes
jianj.com: yes
jiank.com: yes
jianl.com: yes
jianm.com: yes
jiann.com: yes
jiano.com: yes
jianp.com: yes
jianq.com: yes
jianr.com: yes
jians.com: yes
jiant.com: yes
jianu.com: yes
jianv.com: yes
jianw.com: yes
jianx.com: yes
jiany.com: yes
jianz.com: yes
jiaoa.com: yes
jiaob.com: yes
jiaoc.com: yes
jiaod.com: yes
jiaoe.com: yes
jiaof.com: yes
jiaog.com: yes
jiaoh.com: yes
jiaoi.com: yes
jiaoj.com: yes
jiaok.com: yes
jiaol.com: yes
jiaom.com: yes
jiaon.com: yes
jiaoo.com: yes
jiaop.com: yes
jiaoq.com: yes
jiaor.com: yes
jiaos.com: yes
jiaot.com: yes
jiaou.com: yes
jiaov.com: yes
jiaow.com: yes
jiaox.com: yes
jiaoy.com: yes
jiaoz.com: yes
jiapa.com: yes
jiapb.com: no ====== use register
jiapc.com: yes
jiapd.com: yes
jiape.com: yes
jiapf.com: yes
jiapg.com: yes
jiaph.com: yes
jiapi.com: yes
jiapj.com: yes
jiapk.com: yes
jiapl.com: yes
jiapm.com: yes
jiapn.com: yes
jiapo.com: yes
jiapp.com: yes
jiapq.com: no ====== use register
jiapr.com: no ====== use register
jiaps.com: yes
jiapt.com: yes
jiapu.com: yes
jiapv.com: yes
jiapw.com: no ====== use register
jiapx.com: yes
jiapy.com: yes
jiapz.com: yes
jiaqa.com: yes
jiaqb.com: yes
jiaqc.com: yes
jiaqd.com: yes
jiaqe.com: yes
jiaqf.com: no ====== use register
jiaqg.com: yes
jiaqh.com: no ====== use register
jiaqi.com: yes
jiaqj.com: yes
jiaqk.com: yes
jiaql.com: yes
jiaqm.com: no ====== use register
jiaqn.com: no ====== use register
jiaqo.com: yes
jiaqp.com: yes
jiaqq.com: yes
jiaqr.com: no ====== use register
jiaqs.com: no ====== use register
jiaqt.com: no ====== use register
jiaqu.com: yes
jiaqv.com: yes
jiaqw.com: yes
jiaqx.com: yes
jiaqy.com: yes
jiaqz.com: yes
jiara.com: yes
jiarb.com: yes
jiarc.com: yes
jiard.com: yes
jiare.com: yes
jiarf.com: yes
jiarg.com: no ====== use register
jiarh.com: yes
jiari.com: yes
jiarj.com: yes
jiark.com: yes
jiarl.com: yes
jiarm.com: yes
jiarn.com: no ====== use register
jiaro.com: yes
jiarp.com: yes
jiarq.com: yes
jiarr.com: yes
jiars.com: yes
jiart.com: yes
jiaru.com: yes
jiarv.com: yes
jiarw.com: yes
jiarx.com: yes
jiary.com: yes
jiarz.com: no ====== use register
jiasa.com: yes
jiasb.com: yes
jiasc.com: yes
jiasd.com: yes
jiase.com: yes
jiasf.com: yes
jiasg.com: yes
jiash.com: yes
jiasi.com: yes
jiasj.com: yes
jiask.com: yes
jiasl.com: yes
jiasm.com: yes
jiasn.com: yes
jiaso.com: yes
jiasp.com: yes
jiasq.com: yes
jiasr.com: yes
jiass.com: yes
jiast.com: yes
jiasu.com: yes
jiasv.com: yes
jiasw.com: yes
jiasx.com: yes
jiasy.com: yes
jiasz.com: yes
jiata.com: yes
jiatb.com: yes
jiatc.com: yes
jiatd.com: yes
jiate.com: yes
jiatf.com: yes
jiatg.com: no ====== use register
jiath.com: yes
jiati.com: yes
jiatj.com: yes
jiatk.com: yes
jiatl.com: yes
jiatm.com: yes
jiatn.com: yes
jiato.com: yes
jiatp.com: yes
jiatq.com: no ====== use register
jiatr.com: yes
jiats.com: yes
jiatt.com: yes
jiatu.com: yes
jiatv.com: yes
jiatw.com: yes
jiatx.com: yes
jiaty.com: yes
jiatz.com: yes
jiaua.com: yes
jiaub.com: no ====== use register
jiauc.com: yes
jiaud.com: no ====== use register
jiaue.com: yes
jiauf.com: no ====== use register
jiaug.com: yes
jiauh.com: no ====== use register
jiaui.com: yes
jiauj.com: no ====== use register
jiauk.com: yes
jiaul.com: no ====== use register
jiaum.com: yes
jiaun.com: yes
jiauo.com: yes
jiaup.com: yes
jiauq.com: no ====== use register
jiaur.com: yes
jiaus.com: yes
jiaut.com: yes
jiauu.com: yes
jiauv.com: no ====== use register
jiauw.com: yes
jiaux.com: yes
jiauy.com: no ====== use register
jiauz.com: yes
jiava.com: yes
jiavb.com: no ====== use register
jiavc.com: yes
jiavd.com: no ====== use register
jiave.com: yes
jiavf.com: yes
jiavg.com: no ====== use register
jiavh.com: no ====== use register
jiavi.com: yes
jiavj.com: no ====== use register
jiavk.com: no ====== use register
jiavl.com: no ====== use register
jiavm.com: no ====== use register
jiavn.com: yes
jiavo.com: yes
jiavp.com: yes
jiavq.com: no ====== use register
jiavr.com: yes
jiavs.com: yes
jiavt.com: no ====== use register
jiavu.com: yes
jiavv.com: yes
jiavw.com: no ====== use register
jiavx.com: yes
jiavy.com: yes
jiavz.com: no ====== use register
jiawa.com: yes
jiawb.com: yes
jiawc.com: yes
jiawd.com: yes
jiawe.com: yes
jiawf.com: yes
jiawg.com: yes
jiawh.com: yes
jiawi.com: yes
jiawj.com: yes
jiawk.com: yes
jiawl.com: yes
jiawm.com: yes
jiawn.com: yes
jiawo.com: yes
jiawp.com: no ====== use register
jiawq.com: no ====== use register
jiawr.com: no ====== use register
jiaws.com: yes
jiawt.com: yes
jiawu.com: yes
jiawv.com: no ====== use register
jiaww.com: yes
jiawx.com: yes
jiawy.com: yes
jiawz.com: yes
jiaxa.com: yes
jiaxb.com: yes
jiaxc.com: yes
jiaxd.com: yes
jiaxe.com: yes
jiaxf.com: yes
jiaxg.com: yes
jiaxh.com: yes
jiaxi.com: yes
jiaxj.com: yes
jiaxk.com: yes
jiaxl.com: yes
jiaxm.com: yes
jiaxn.com: yes
jiaxo.com: yes
jiaxp.com: no ====== use register
jiaxq.com: yes
jiaxr.com: yes
jiaxs.com: yes
jiaxt.com: yes
jiaxu.com: yes
jiaxv.com: yes
jiaxw.com: yes
jiaxx.com: yes
jiaxy.com: yes
jiaxz.com: yes
jiaya.com: yes
jiayb.com: yes
jiayc.com: yes
jiayd.com: yes
jiaye.com: yes
jiayf.com: yes
jiayg.com: yes
jiayh.com: yes
jiayi.com: yes
jiayj.com: yes
jiayk.com: yes
jiayl.com: yes
jiaym.com: yes
jiayn.com: yes
jiayo.com: yes
jiayp.com: yes
jiayq.com: yes
jiayr.com: yes
jiays.com: yes
jiayt.com: yes
jiayu.com: yes
jiayv.com: yes
jiayw.com: yes
jiayx.com: yes
jiayy.com: yes
jiayz.com: yes
jiaza.com: yes
jiazb.com: yes
jiazc.com: yes
jiazd.com: yes
jiaze.com: yes
jiazf.com: yes
jiazg.com: yes
jiazh.com: yes
jiazi.com: yes
jiazj.com: yes
jiazk.com: yes
jiazl.com: yes
jiazm.com: yes
jiazn.com: yes
jiazo.com: yes
jiazp.com: yes
jiazq.com: yes
jiazr.com: yes
jiazs.com: yes
jiazt.com: yes
jiazu.com: yes
jiazv.com: yes
jiazw.com: yes
jiazx.com: yes
jiazy.com: yes
jiazz.com: yes
