aayun.com: yes
abyun.com: yes
acyun.com: yes
adyun.com: yes
aeyun.com: yes
afyun.com: yes
agyun.com: yes
ahyun.com: yes
aiyun.com: yes
ajyun.com: yes
akyun.com: yes
alyun.com: yes
amyun.com: yes
anyun.com: yes
aoyun.com: yes
apyun.com: yes
aqyun.com: yes
aryun.com: yes
asyun.com: yes
atyun.com: yes
auyun.com: yes
avyun.com: yes
awyun.com: yes
axyun.com: yes
ayyun.com: yes
azyun.com: yes
bayun.com: yes
bbyun.com: yes
bcyun.com: yes
bdyun.com: yes
beyun.com: yes
bfyun.com: yes
bgyun.com: yes
bhyun.com: yes
biyun.com: yes
bjyun.com: yes
bkyun.com: yes
blyun.com: yes
bmyun.com: yes
bnyun.com: yes
boyun.com: yes
bpyun.com: yes
bqyun.com: yes
bryun.com: yes
bsyun.com: yes
btyun.com: yes
buyun.com: yes
bvyun.com: yes
bwyun.com: yes
bxyun.com: yes
byyun.com: yes
bzyun.com: yes
cayun.com: yes
cbyun.com: yes
ccyun.com: yes
cdyun.com: yes
ceyun.com: yes
cfyun.com: yes
cgyun.com: yes
chyun.com: yes
ciyun.com: yes
cjyun.com: yes
ckyun.com: yes
clyun.com: yes
cmyun.com: yes
cnyun.com: yes
coyun.com: yes
cpyun.com: yes
cqyun.com: yes
cryun.com: yes
csyun.com: yes
ctyun.com: yes
cuyun.com: yes
cvyun.com: yes
cwyun.com: yes
cxyun.com: yes
cyyun.com: yes
czyun.com: yes
dayun.com: yes
dbyun.com: yes
dcyun.com: yes
ddyun.com: yes
deyun.com: yes
dfyun.com: yes
dgyun.com: yes
dhyun.com: yes
diyun.com: yes
djyun.com: yes
dkyun.com: yes
dlyun.com: yes
dmyun.com: yes
dnyun.com: yes
doyun.com: yes
dpyun.com: yes
dqyun.com: yes
dryun.com: yes
dsyun.com: yes
dtyun.com: yes
duyun.com: yes
dvyun.com: yes
dwyun.com: yes
dxyun.com: yes
dyyun.com: yes
dzyun.com: yes
eayun.com: yes
ebyun.com: yes
ecyun.com: yes
edyun.com: yes
eeyun.com: yes
efyun.com: yes
egyun.com: yes
ehyun.com: yes
eiyun.com: yes
ejyun.com: yes
ekyun.com: yes
elyun.com: yes
emyun.com: yes
enyun.com: yes
eoyun.com: yes
epyun.com: yes
eqyun.com: yes
eryun.com: yes
esyun.com: yes
etyun.com: yes
euyun.com: yes
evyun.com: yes
ewyun.com: yes
exyun.com: yes
eyyun.com: yes
ezyun.com: yes
fayun.com: yes
fbyun.com: yes
fcyun.com: yes
fdyun.com: yes
feyun.com: yes
ffyun.com: yes
fgyun.com: yes
fhyun.com: yes
fiyun.com: yes
fjyun.com: yes
fkyun.com: yes
flyun.com: yes
fmyun.com: yes
fnyun.com: yes
foyun.com: yes
fpyun.com: yes
fqyun.com: yes
fryun.com: yes
fsyun.com: yes
ftyun.com: yes
fuyun.com: yes
fvyun.com: yes
fwyun.com: yes
fxyun.com: yes
fyyun.com: yes
fzyun.com: yes
gayun.com: yes
gbyun.com: yes
gcyun.com: yes
gdyun.com: yes
geyun.com: yes
gfyun.com: yes
ggyun.com: yes
ghyun.com: yes
giyun.com: yes
gjyun.com: yes
gkyun.com: yes
glyun.com: yes
gmyun.com: yes
gnyun.com: yes
goyun.com: yes
gpyun.com: yes
gqyun.com: yes
gryun.com: yes
gsyun.com: yes
gtyun.com: yes
guyun.com: yes
gvyun.com: yes
gwyun.com: yes
gxyun.com: yes
gyyun.com: yes
gzyun.com: yes
hayun.com: yes
hbyun.com: yes
hcyun.com: yes
hdyun.com: yes
heyun.com: yes
hfyun.com: yes
hgyun.com: yes
hhyun.com: yes
hiyun.com: yes
hjyun.com: yes
hkyun.com: yes
hlyun.com: yes
hmyun.com: yes
hnyun.com: yes
hoyun.com: yes
hpyun.com: yes
hqyun.com: yes
hryun.com: yes
hsyun.com: yes
htyun.com: yes
huyun.com: yes
hvyun.com: yes
hwyun.com: yes
hxyun.com: yes
hyyun.com: yes
hzyun.com: yes
iayun.com: yes
ibyun.com: yes
icyun.com: yes
idyun.com: yes
ieyun.com: yes
ifyun.com: yes
igyun.com: yes
ihyun.com: yes
iiyun.com: yes
ijyun.com: yes
ikyun.com: yes
ilyun.com: yes
imyun.com: yes
inyun.com: yes
ioyun.com: yes
ipyun.com: yes
iqyun.com: yes
iryun.com: yes
isyun.com: yes
ityun.com: yes
iuyun.com: yes
ivyun.com: yes
iwyun.com: yes
ixyun.com: yes
iyyun.com: yes
izyun.com: yes
jayun.com: yes
jbyun.com: yes
jcyun.com: yes
jdyun.com: yes
jeyun.com: yes
jfyun.com: yes
jgyun.com: yes
jhyun.com: yes
jiyun.com: yes
jjyun.com: yes
jkyun.com: yes
jlyun.com: yes
jmyun.com: yes
jnyun.com: yes
joyun.com: yes
jpyun.com: yes
jqyun.com: yes
jryun.com: yes
jsyun.com: yes
jtyun.com: yes
juyun.com: yes
jvyun.com: yes
jwyun.com: yes
jxyun.com: yes
jyyun.com: yes
jzyun.com: yes
kayun.com: yes
kbyun.com: yes
kcyun.com: yes
kdyun.com: yes
keyun.com: yes
kfyun.com: yes
kgyun.com: yes
khyun.com: yes
kiyun.com: yes
kjyun.com: yes
kkyun.com: yes
klyun.com: yes
kmyun.com: yes
knyun.com: yes
koyun.com: yes
kpyun.com: yes
kqyun.com: yes
kryun.com: yes
ksyun.com: yes
ktyun.com: yes
kuyun.com: yes
kvyun.com: yes
kwyun.com: yes
kxyun.com: yes
kyyun.com: yes
kzyun.com: yes
layun.com: yes
lbyun.com: yes
lcyun.com: yes
ldyun.com: yes
leyun.com: yes
lfyun.com: yes
lgyun.com: yes
lhyun.com: yes
liyun.com: yes
ljyun.com: yes
lkyun.com: yes
llyun.com: yes
lmyun.com: yes
lnyun.com: yes
loyun.com: yes
lpyun.com: yes
lqyun.com: yes
lryun.com: yes
lsyun.com: yes
ltyun.com: yes
luyun.com: yes
lvyun.com: yes
lwyun.com: yes
lxyun.com: yes
lyyun.com: yes
lzyun.com: yes
mayun.com: yes
mbyun.com: yes
mcyun.com: yes
mdyun.com: yes
meyun.com: yes
mfyun.com: yes
mgyun.com: yes
mhyun.com: yes
miyun.com: yes
mjyun.com: yes
mkyun.com: yes
mlyun.com: yes
mmyun.com: yes
mnyun.com: yes
moyun.com: yes
mpyun.com: yes
mqyun.com: yes
mryun.com: yes
msyun.com: yes
mtyun.com: yes
muyun.com: yes
mvyun.com: yes
mwyun.com: yes
mxyun.com: yes
myyun.com: yes
mzyun.com: yes
nayun.com: yes
nbyun.com: yes
ncyun.com: yes
ndyun.com: yes
neyun.com: yes
nfyun.com: yes
ngyun.com: yes
nhyun.com: yes
niyun.com: yes
njyun.com: yes
nkyun.com: yes
nlyun.com: yes
nmyun.com: yes
nnyun.com: yes
noyun.com: yes
npyun.com: yes
nqyun.com: yes
nryun.com: yes
nsyun.com: yes
ntyun.com: yes
nuyun.com: yes
nvyun.com: yes
nwyun.com: yes
nxyun.com: yes
nyyun.com: yes
nzyun.com: yes
oayun.com: yes
obyun.com: yes
ocyun.com: yes
odyun.com: yes
oeyun.com: yes
ofyun.com: yes
ogyun.com: yes
ohyun.com: yes
oiyun.com: yes
ojyun.com: yes
okyun.com: yes
olyun.com: yes
omyun.com: yes
onyun.com: yes
ooyun.com: yes
opyun.com: yes
oqyun.com: yes
oryun.com: yes
osyun.com: yes
otyun.com: yes
ouyun.com: yes
ovyun.com: yes
owyun.com: yes
oxyun.com: yes
oyyun.com: yes
ozyun.com: yes
payun.com: yes
pbyun.com: yes
pcyun.com: yes
pdyun.com: yes
peyun.com: yes
pfyun.com: yes
pgyun.com: yes
phyun.com: yes
piyun.com: yes
pjyun.com: yes
pkyun.com: yes
plyun.com: yes
pmyun.com: yes
pnyun.com: yes
poyun.com: yes
ppyun.com: yes
pqyun.com: yes
pryun.com: yes
psyun.com: yes
ptyun.com: yes
puyun.com: yes
pvyun.com: yes
pwyun.com: yes
pxyun.com: yes
pyyun.com: yes
pzyun.com: yes
qayun.com: yes
qbyun.com: yes
qcyun.com: yes
qdyun.com: yes
qeyun.com: yes
qfyun.com: yes
qgyun.com: yes
qhyun.com: yes
qiyun.com: yes
qjyun.com: yes
qkyun.com: yes
qlyun.com: yes
qmyun.com: yes
qnyun.com: yes
qoyun.com: yes
qpyun.com: yes
qqyun.com: yes
qryun.com: yes
qsyun.com: yes
qtyun.com: yes
quyun.com: yes
qvyun.com: yes
qwyun.com: yes
qxyun.com: yes
qyyun.com: yes
qzyun.com: yes
rayun.com: yes
rbyun.com: yes
rcyun.com: yes
rdyun.com: yes
reyun.com: yes
rfyun.com: yes
rgyun.com: yes
rhyun.com: yes
riyun.com: yes
rjyun.com: yes
rkyun.com: yes
rlyun.com: yes
rmyun.com: yes
rnyun.com: yes
royun.com: yes
rpyun.com: yes
rqyun.com: yes
rryun.com: yes
rsyun.com: yes
rtyun.com: yes
ruyun.com: yes
rvyun.com: yes
rwyun.com: yes
rxyun.com: yes
ryyun.com: yes
rzyun.com: yes
sayun.com: yes
sbyun.com: yes
scyun.com: yes
sdyun.com: yes
seyun.com: yes
sfyun.com: yes
sgyun.com: yes
shyun.com: yes
siyun.com: yes
sjyun.com: yes
skyun.com: yes
slyun.com: yes
smyun.com: yes
snyun.com: yes
soyun.com: yes
spyun.com: yes
sqyun.com: yes
sryun.com: yes
ssyun.com: yes
styun.com: yes
suyun.com: yes
svyun.com: yes
swyun.com: yes
sxyun.com: yes
syyun.com: yes
szyun.com: yes
tayun.com: yes
tbyun.com: yes
tcyun.com: yes
tdyun.com: yes
teyun.com: yes
tfyun.com: yes
tgyun.com: yes
thyun.com: yes
tiyun.com: yes
tjyun.com: yes
tkyun.com: yes
tlyun.com: yes
tmyun.com: yes
tnyun.com: yes
toyun.com: yes
tpyun.com: yes
tqyun.com: yes
tryun.com: yes
tsyun.com: yes
ttyun.com: yes
tuyun.com: yes
tvyun.com: yes
twyun.com: yes
txyun.com: yes
tyyun.com: yes
tzyun.com: yes
uayun.com: yes
ubyun.com: yes
ucyun.com: yes
udyun.com: yes
ueyun.com: yes
ufyun.com: yes
ugyun.com: yes
uhyun.com: yes
uiyun.com: yes
ujyun.com: yes
ukyun.com: yes
ulyun.com: yes
umyun.com: yes
unyun.com: yes
uoyun.com: yes
upyun.com: yes
uqyun.com: yes
uryun.com: yes
usyun.com: yes
utyun.com: yes
uuyun.com: yes
uvyun.com: yes
uwyun.com: yes
uxyun.com: yes
uyyun.com: yes
uzyun.com: yes
vayun.com: yes
vbyun.com: yes
vcyun.com: yes
vdyun.com: yes
veyun.com: yes
vfyun.com: yes
vgyun.com: yes
vhyun.com: yes
viyun.com: yes
vjyun.com: yes
vkyun.com: yes
vlyun.com: yes
vmyun.com: yes
vnyun.com: yes
voyun.com: yes
vpyun.com: yes
vqyun.com: yes
vryun.com: yes
vsyun.com: yes
vtyun.com: yes
vuyun.com: yes
vvyun.com: yes
vwyun.com: yes
vxyun.com: yes
vyyun.com: yes
vzyun.com: yes
wayun.com: yes
wbyun.com: yes
wcyun.com: yes
wdyun.com: yes
weyun.com: yes
wfyun.com: yes
wgyun.com: yes
whyun.com: yes
wiyun.com: yes
wjyun.com: yes
wkyun.com: yes
wlyun.com: yes
wmyun.com: yes
wnyun.com: yes
woyun.com: yes
wpyun.com: yes
wqyun.com: yes
wryun.com: yes
wsyun.com: yes
wtyun.com: yes
wuyun.com: yes
wvyun.com: yes
wwyun.com: yes
wxyun.com: yes
wyyun.com: yes
wzyun.com: yes
xayun.com: yes
xbyun.com: yes
xcyun.com: yes
xdyun.com: yes
xeyun.com: yes
xfyun.com: yes
xgyun.com: yes
xhyun.com: yes
xiyun.com: yes
xjyun.com: yes
xkyun.com: yes
xlyun.com: yes
xmyun.com: yes
xnyun.com: yes
xoyun.com: yes
xpyun.com: yes
xqyun.com: yes
xryun.com: yes
xsyun.com: yes
xtyun.com: yes
xuyun.com: yes
xvyun.com: yes
xwyun.com: yes
xxyun.com: yes
xyyun.com: yes
xzyun.com: yes
yayun.com: yes
ybyun.com: yes
ycyun.com: yes
ydyun.com: yes
yeyun.com: yes
yfyun.com: yes
ygyun.com: yes
yhyun.com: yes
yiyun.com: yes
yjyun.com: yes
ykyun.com: yes
ylyun.com: yes
ymyun.com: yes
ynyun.com: yes
yoyun.com: yes
ypyun.com: yes
yqyun.com: yes
yryun.com: yes
ysyun.com: yes
ytyun.com: yes
yuyun.com: yes
yvyun.com: yes
ywyun.com: yes
yxyun.com: yes
yyyun.com: yes
yzyun.com: yes
zayun.com: yes
zbyun.com: yes
zcyun.com: yes
zdyun.com: yes
zeyun.com: yes
zfyun.com: yes
zgyun.com: yes
zhyun.com: yes
ziyun.com: yes
zjyun.com: yes
zkyun.com: yes
zlyun.com: yes
zmyun.com: yes
znyun.com: yes
zoyun.com: yes
zpyun.com: yes
zqyun.com: yes
zryun.com: yes
zsyun.com: yes
ztyun.com: yes
zuyun.com: yes
zvyun.com: yes
zwyun.com: yes
zxyun.com: yes
zyyun.com: yes
zzyun.com: yes
