webaa.com: yes
webab.com: yes
webac.com: yes
webad.com: yes
webae.com: yes
webaf.com: yes
webag.com: yes
webah.com: yes
webai.com: yes
webaj.com: yes
webak.com: yes
webal.com: yes
webam.com: yes
weban.com: yes
webao.com: yes
webap.com: yes
webaq.com: yes
webar.com: yes
webas.com: yes
webat.com: yes
webau.com: yes
webav.com: yes
webaw.com: yes
webax.com: yes
webay.com: yes
webaz.com: yes
webba.com: yes
webbb.com: yes
webbc.com: yes
webbd.com: yes
webbe.com: yes
webbf.com: yes
webbg.com: yes
webbh.com: yes
webbi.com: yes
webbj.com: yes
webbk.com: yes
webbl.com: yes
webbm.com: yes
webbn.com: yes
webbo.com: yes
webbp.com: yes
webbq.com: yes
webbr.com: yes
webbs.com: yes
webbt.com: yes
webbu.com: yes
webbv.com: yes
webbw.com: yes
webbx.com: yes
webby.com: yes
webbz.com: yes
webca.com: yes
webcb.com: yes
webcc.com: yes
webcd.com: yes
webce.com: yes
webcf.com: yes
webcg.com: yes
webch.com: yes
webci.com: yes
webcj.com: yes
webck.com: yes
webcl.com: yes
webcm.com: yes
webcn.com: yes
webco.com: yes
webcp.com: yes
webcq.com: yes
webcr.com: yes
webcs.com: yes
webct.com: yes
webcu.com: yes
webcv.com: yes
webcw.com: yes
webcx.com: yes
webcy.com: yes
webcz.com: yes
webda.com: yes
webdb.com: yes
webdc.com: yes
webdd.com: yes
webde.com: yes
webdf.com: yes
webdg.com: yes
webdh.com: yes
webdi.com: yes
webdj.com: yes
webdk.com: yes
webdl.com: yes
webdm.com: yes
webdn.com: yes
webdo.com: yes
webdp.com: yes
webdq.com: yes
webdr.com: yes
webds.com: yes
webdt.com: yes
webdu.com: yes
webdv.com: yes
webdw.com: yes
webdx.com: yes
webdy.com: yes
webdz.com: yes
webea.com: yes
webeb.com: yes
webec.com: yes
webed.com: yes
webee.com: yes
webef.com: yes
webeg.com: yes
webeh.com: yes
webei.com: yes
webej.com: yes
webek.com: yes
webel.com: yes
webem.com: yes
weben.com: yes
webeo.com: yes
webep.com: yes
webeq.com: yes
weber.com: yes
webes.com: yes
webet.com: yes
webeu.com: yes
webev.com: yes
webew.com: yes
webex.com: yes
webey.com: yes
webez.com: yes
webfa.com: yes
webfb.com: yes
webfc.com: yes
webfd.com: yes
webfe.com: yes
webff.com: yes
webfg.com: yes
webfh.com: yes
webfi.com: yes
webfj.com: yes
webfk.com: yes
webfl.com: yes
webfm.com: yes
webfn.com: yes
webfo.com: yes
webfp.com: yes
webfq.com: yes
webfr.com: yes
webfs.com: yes
webft.com: yes
webfu.com: yes
webfv.com: yes
webfw.com: yes
webfx.com: yes
webfy.com: yes
webfz.com: yes
webga.com: yes
webgb.com: yes
webgc.com: yes
webgd.com: yes
webge.com: yes
webgf.com: yes
webgg.com: yes
webgh.com: yes
webgi.com: yes
webgj.com: yes
webgk.com: yes
webgl.com: yes
webgm.com: yes
webgn.com: yes
webgo.com: yes
webgp.com: yes
webgq.com: yes
webgr.com: yes
webgs.com: yes
webgt.com: yes
webgu.com: yes
webgv.com: yes
webgw.com: yes
webgx.com: yes
webgy.com: yes
webgz.com: yes
webha.com: yes
webhb.com: yes
webhc.com: yes
webhd.com: yes
webhe.com: yes
webhf.com: yes
webhg.com: yes
webhh.com: yes
webhi.com: yes
webhj.com: yes
webhk.com: yes
webhl.com: yes
webhm.com: yes
webhn.com: yes
webho.com: yes
webhp.com: yes
webhq.com: yes
webhr.com: yes
webhs.com: yes
webht.com: yes
webhu.com: yes
webhv.com: yes
webhw.com: yes
webhx.com: yes
webhy.com: yes
webhz.com: yes
webia.com: yes
webib.com: yes
webic.com: yes
webid.com: yes
webie.com: yes
webif.com: yes
webig.com: yes
webih.com: yes
webii.com: yes
webij.com: yes
webik.com: yes
webil.com: yes
webim.com: yes
webin.com: yes
webio.com: yes
webip.com: yes
webiq.com: yes
webir.com: yes
webis.com: yes
webit.com: yes
webiu.com: yes
webiv.com: yes
webiw.com: yes
webix.com: yes
webiy.com: yes
webiz.com: yes
webja.com: yes
webjb.com: yes
webjc.com: yes
webjd.com: yes
webje.com: yes
webjf.com: yes
webjg.com: yes
webjh.com: yes
webji.com: yes
webjj.com: yes
webjk.com: yes
webjl.com: yes
webjm.com: yes
webjn.com: yes
webjo.com: yes
webjp.com: yes
webjq.com: yes
webjr.com: yes
webjs.com: yes
webjt.com: yes
webju.com: yes
webjv.com: yes
webjw.com: yes
webjx.com: yes
webjy.com: yes
webjz.com: yes
webka.com: yes
webkb.com: yes
webkc.com: yes
webkd.com: yes
webke.com: yes
webkf.com: yes
webkg.com: yes
webkh.com: yes
webki.com: yes
webkj.com: yes
webkk.com: yes
webkl.com: yes
webkm.com: yes
webkn.com: yes
webko.com: yes
webkp.com: yes
webkq.com: yes
webkr.com: yes
webks.com: yes
webkt.com: yes
webku.com: yes
webkv.com: yes
webkw.com: yes
webkx.com: yes
webky.com: yes
webkz.com: yes
webla.com: yes
weblb.com: yes
weblc.com: yes
webld.com: yes
weble.com: yes
weblf.com: yes
weblg.com: yes
weblh.com: yes
webli.com: yes
weblj.com: yes
weblk.com: yes
webll.com: yes
weblm.com: yes
webln.com: yes
weblo.com: yes
weblp.com: yes
weblq.com: yes
weblr.com: yes
webls.com: yes
weblt.com: yes
weblu.com: yes
weblv.com: yes
weblw.com: yes
weblx.com: yes
webly.com: yes
weblz.com: yes
webma.com: yes
webmb.com: yes
webmc.com: yes
webmd.com: yes
webme.com: yes
webmf.com: yes
webmg.com: yes
webmh.com: yes
webmi.com: yes
webmj.com: yes
webmk.com: yes
webml.com: yes
webmm.com: yes
webmn.com: yes
webmo.com: yes
webmp.com: yes
webmq.com: yes
webmr.com: yes
webms.com: yes
webmt.com: yes
webmu.com: yes
webmv.com: yes
webmw.com: yes
webmx.com: yes
webmy.com: yes
webmz.com: yes
webna.com: yes
webnb.com: yes
webnc.com: yes
webnd.com: yes
webne.com: yes
webnf.com: yes
webng.com: yes
webnh.com: yes
webni.com: yes
webnj.com: yes
webnk.com: yes
webnl.com: yes
webnm.com: yes
webnn.com: yes
webno.com: yes
webnp.com: yes
webnq.com: no ====== use register
webnr.com: yes
webns.com: yes
webnt.com: yes
webnu.com: yes
webnv.com: yes
webnw.com: yes
webnx.com: yes
webny.com: yes
webnz.com: yes
weboa.com: yes
webob.com: yes
weboc.com: yes
webod.com: yes
weboe.com: yes
webof.com: yes
webog.com: yes
weboh.com: yes
weboi.com: yes
weboj.com: yes
webok.com: yes
webol.com: yes
webom.com: yes
webon.com: yes
weboo.com: yes
webop.com: yes
weboq.com: yes
webor.com: yes
webos.com: yes
webot.com: yes
webou.com: yes
webov.com: yes
webow.com: yes
webox.com: yes
weboy.com: yes
weboz.com: yes
webpa.com: yes
webpb.com: yes
webpc.com: yes
webpd.com: yes
webpe.com: yes
webpf.com: yes
webpg.com: yes
webph.com: yes
webpi.com: yes
webpj.com: yes
webpk.com: yes
webpl.com: yes
webpm.com: yes
webpn.com: yes
webpo.com: yes
webpp.com: yes
webpq.com: yes
webpr.com: yes
webps.com: yes
webpt.com: yes
webpu.com: yes
webpv.com: yes
webpw.com: yes
webpx.com: yes
webpy.com: yes
webpz.com: yes
webqa.com: yes
webqb.com: yes
webqc.com: yes
webqd.com: yes
webqe.com: yes
webqf.com: yes
webqg.com: yes
webqh.com: yes
webqi.com: yes
webqj.com: yes
webqk.com: yes
webql.com: yes
webqm.com: yes
webqn.com: yes
webqo.com: yes
webqp.com: yes
webqq.com: yes
webqr.com: yes
webqs.com: yes
webqt.com: yes
webqu.com: yes
webqv.com: yes
webqw.com: yes
webqx.com: yes
webqy.com: yes
webqz.com: yes
webra.com: yes
webrb.com: yes
webrc.com: yes
webrd.com: yes
webre.com: yes
webrf.com: yes
webrg.com: yes
webrh.com: yes
webri.com: yes
webrj.com: yes
webrk.com: yes
webrl.com: yes
webrm.com: yes
webrn.com: yes
webro.com: yes
webrp.com: yes
webrq.com: yes
webrr.com: yes
webrs.com: yes
webrt.com: yes
webru.com: yes
webrv.com: yes
webrw.com: yes
webrx.com: yes
webry.com: yes
webrz.com: yes
websa.com: yes
websb.com: yes
websc.com: yes
websd.com: yes
webse.com: yes
websf.com: yes
websg.com: yes
websh.com: yes
websi.com: yes
websj.com: yes
websk.com: yes
websl.com: yes
websm.com: yes
websn.com: yes
webso.com: yes
websp.com: yes
websq.com: yes
websr.com: yes
webss.com: yes
webst.com: yes
websu.com: yes
websv.com: yes
websw.com: yes
websx.com: yes
websy.com: yes
websz.com: yes
webta.com: yes
webtb.com: yes
webtc.com: yes
webtd.com: yes
webte.com: yes
webtf.com: yes
webtg.com: yes
webth.com: yes
webti.com: yes
webtj.com: yes
webtk.com: yes
webtl.com: yes
webtm.com: yes
webtn.com: yes
webto.com: yes
webtp.com: yes
webtq.com: yes
webtr.com: yes
webts.com: yes
webtt.com: yes
webtu.com: yes
webtv.com: yes
webtw.com: yes
webtx.com: yes
webty.com: yes
webtz.com: yes
webua.com: yes
webub.com: yes
webuc.com: yes
webud.com: yes
webue.com: yes
webuf.com: yes
webug.com: yes
webuh.com: yes
webui.com: yes
webuj.com: yes
webuk.com: yes
webul.com: yes
webum.com: yes
webun.com: yes
webuo.com: yes
webup.com: yes
webuq.com: yes
webur.com: yes
webus.com: yes
webut.com: yes
webuu.com: yes
webuv.com: yes
webuw.com: yes
webux.com: yes
webuy.com: yes
webuz.com: yes
webva.com: yes
webvb.com: yes
webvc.com: yes
webvd.com: yes
webve.com: yes
webvf.com: yes
webvg.com: yes
webvh.com: yes
webvi.com: yes
webvj.com: yes
webvk.com: yes
webvl.com: yes
webvm.com: yes
webvn.com: yes
webvo.com: yes
webvp.com: yes
webvq.com: yes
webvr.com: yes
webvs.com: yes
webvt.com: yes
webvu.com: yes
webvv.com: yes
webvw.com: yes
webvx.com: yes
webvy.com: yes
webvz.com: yes
webwa.com: yes
webwb.com: yes
webwc.com: yes
webwd.com: yes
webwe.com: yes
webwf.com: yes
webwg.com: yes
webwh.com: yes
webwi.com: yes
webwj.com: yes
webwk.com: yes
webwl.com: yes
webwm.com: yes
webwn.com: yes
webwo.com: yes
webwp.com: yes
webwq.com: yes
webwr.com: yes
webws.com: yes
webwt.com: yes
webwu.com: yes
webwv.com: yes
webww.com: yes
webwx.com: yes
webwy.com: yes
webwz.com: yes
webxa.com: yes
webxb.com: yes
webxc.com: yes
webxd.com: yes
webxe.com: yes
webxf.com: yes
webxg.com: yes
webxh.com: yes
webxi.com: yes
webxj.com: yes
webxk.com: yes
webxl.com: yes
webxm.com: yes
webxn.com: yes
webxo.com: yes
webxp.com: yes
webxq.com: yes
webxr.com: yes
webxs.com: yes
webxt.com: yes
webxu.com: yes
webxv.com: yes
webxw.com: yes
webxx.com: yes
webxy.com: yes
webxz.com: yes
webya.com: yes
webyb.com: yes
webyc.com: yes
webyd.com: yes
webye.com: yes
webyf.com: yes
webyg.com: yes
webyh.com: yes
webyi.com: yes
webyj.com: yes
webyk.com: yes
webyl.com: yes
webym.com: yes
webyn.com: yes
webyo.com: yes
webyp.com: yes
webyq.com: yes
webyr.com: yes
webys.com: yes
webyt.com: yes
webyu.com: yes
webyv.com: yes
webyw.com: yes
webyx.com: yes
webyy.com: yes
webyz.com: yes
webza.com: yes
webzb.com: yes
webzc.com: yes
webzd.com: yes
webze.com: yes
webzf.com: yes
webzg.com: yes
webzh.com: yes
webzi.com: yes
webzj.com: yes
webzk.com: yes
webzl.com: yes
webzm.com: yes
webzn.com: yes
webzo.com: yes
webzp.com: yes
webzq.com: yes
webzr.com: yes
webzs.com: yes
webzt.com: yes
webzu.com: yes
webzv.com: yes
webzw.com: yes
webzx.com: yes
webzy.com: yes
webzz.com: yes
