banaa.com: yes
banab.com: yes
banac.com: yes
banad.com: yes
banae.com: yes
banaf.com: yes
banag.com: yes
banah.com: yes
banai.com: yes
banaj.com: yes
banak.com: yes
banal.com: yes
banam.com: yes
banan.com: yes
banao.com: yes
banap.com: yes
banaq.com: yes
banar.com: yes
banas.com: yes
banat.com: yes
banau.com: yes
banav.com: yes
banaw.com: yes
banax.com: yes
banay.com: yes
banaz.com: yes
banba.com: yes
banbb.com: no ====== use register
banbc.com: yes
banbd.com: yes
banbe.com: yes
banbf.com: no ====== use register
banbg.com: no ====== use register
banbh.com: no ====== use register
banbi.com: yes
banbj.com: yes
banbk.com: yes
banbl.com: yes
banbm.com: yes
banbn.com: yes
banbo.com: yes
banbp.com: yes
banbq.com: yes
banbr.com: yes
banbs.com: yes
banbt.com: yes
banbu.com: yes
banbv.com: yes
banbw.com: no ====== use register
banbx.com: yes
banby.com: yes
banbz.com: yes
banca.com: yes
bancb.com: no ====== use register
bancc.com: yes
bancd.com: yes
bance.com: yes
bancf.com: yes
bancg.com: yes
banch.com: yes
banci.com: yes
bancj.com: yes
banck.com: yes
bancl.com: yes
bancm.com: yes
bancn.com: yes
banco.com: yes
bancp.com: yes
bancq.com: yes
bancr.com: yes
bancs.com: yes
banct.com: yes
bancu.com: yes
bancv.com: no ====== use register
bancw.com: yes
bancx.com: yes
bancy.com: yes
bancz.com: yes
banda.com: yes
bandb.com: yes
bandc.com: yes
bandd.com: yes
bande.com: yes
bandf.com: yes
bandg.com: yes
bandh.com: yes
bandi.com: yes
bandj.com: yes
bandk.com: yes
bandl.com: yes
bandm.com: yes
bandn.com: yes
bando.com: yes
bandp.com: yes
bandq.com: yes
bandr.com: yes
bands.com: yes
bandt.com: yes
bandu.com: yes
bandv.com: yes
bandw.com: yes
bandx.com: yes
bandy.com: yes
bandz.com: yes
banea.com: yes
baneb.com: yes
banec.com: yes
baned.com: yes
banee.com: yes
banef.com: yes
baneg.com: yes
baneh.com: yes
banei.com: yes
banej.com: yes
banek.com: yes
banel.com: yes
banem.com: yes
banen.com: yes
baneo.com: yes
banep.com: yes
baneq.com: yes
baner.com: yes
banes.com: yes
banet.com: yes
baneu.com: yes
banev.com: yes
banew.com: yes
banex.com: yes
baney.com: yes
banez.com: yes
banfa.com: yes
banfb.com: yes
banfc.com: yes
banfd.com: no ====== use register
banfe.com: yes
banff.com: yes
banfg.com: no ====== use register
banfh.com: yes
banfi.com: yes
banfj.com: yes
banfk.com: no ====== use register
banfl.com: yes
banfm.com: yes
banfn.com: no ====== use register
banfo.com: yes
banfp.com: yes
banfq.com: yes
banfr.com: yes
banfs.com: no ====== use register
banft.com: yes
banfu.com: yes
banfv.com: no ====== use register
banfw.com: no ====== use register
banfx.com: yes
banfy.com: yes
banfz.com: no ====== use register
banga.com: yes
bangb.com: yes
bangc.com: yes
bangd.com: yes
bange.com: yes
bangf.com: yes
bangg.com: yes
bangh.com: yes
bangi.com: yes
bangj.com: yes
bangk.com: yes
bangl.com: yes
bangm.com: yes
bangn.com: yes
bango.com: yes
bangp.com: yes
bangq.com: yes
bangr.com: yes
bangs.com: yes
bangt.com: yes
bangu.com: yes
bangv.com: yes
bangw.com: yes
bangx.com: yes
bangy.com: yes
bangz.com: yes
banha.com: yes
banhb.com: no ====== use register
banhc.com: yes
banhd.com: yes
banhe.com: yes
banhf.com: no ====== use register
banhg.com: yes
banhh.com: yes
banhi.com: yes
banhj.com: no ====== use register
banhk.com: yes
banhl.com: yes
banhm.com: yes
banhn.com: yes
banho.com: yes
banhp.com: yes
banhq.com: yes
banhr.com: yes
banhs.com: yes
banht.com: no ====== use register
banhu.com: yes
banhv.com: no ====== use register
banhw.com: yes
banhx.com: yes
banhy.com: yes
banhz.com: yes
bania.com: yes
banib.com: yes
banic.com: yes
banid.com: yes
banie.com: yes
banif.com: yes
banig.com: yes
banih.com: no ====== use register
banii.com: yes
banij.com: yes
banik.com: yes
banil.com: yes
banim.com: yes
banin.com: yes
banio.com: yes
banip.com: yes
baniq.com: yes
banir.com: yes
banis.com: yes
banit.com: yes
baniu.com: yes
baniv.com: yes
baniw.com: yes
banix.com: yes
baniy.com: yes
baniz.com: yes
banja.com: yes
banjb.com: yes
banjc.com: yes
banjd.com: yes
banje.com: yes
banjf.com: yes
banjg.com: yes
banjh.com: yes
banji.com: yes
banjj.com: yes
banjk.com: yes
banjl.com: yes
banjm.com: yes
banjn.com: no ====== use register
banjo.com: yes
banjp.com: yes
banjq.com: no ====== use register
banjr.com: yes
banjs.com: no ====== use register
banjt.com: no ====== use register
banju.com: yes
banjv.com: yes
banjw.com: yes
banjx.com: yes
banjy.com: yes
banjz.com: yes
banka.com: yes
bankb.com: yes
bankc.com: yes
bankd.com: yes
banke.com: yes
bankf.com: yes
bankg.com: yes
bankh.com: yes
banki.com: yes
bankj.com: yes
bankk.com: yes
bankl.com: yes
bankm.com: yes
bankn.com: yes
banko.com: yes
bankp.com: yes
bankq.com: yes
bankr.com: yes
banks.com: yes
bankt.com: yes
banku.com: yes
bankv.com: yes
bankw.com: yes
bankx.com: yes
banky.com: yes
bankz.com: yes
banla.com: yes
banlb.com: yes
banlc.com: yes
banld.com: yes
banle.com: yes
banlf.com: no ====== use register
banlg.com: yes
banlh.com: no ====== use register
banli.com: yes
banlj.com: no ====== use register
banlk.com: yes
banll.com: yes
banlm.com: yes
banln.com: yes
banlo.com: yes
banlp.com: yes
banlq.com: no ====== use register
banlr.com: yes
banls.com: yes
banlt.com: no ====== use register
banlu.com: yes
banlv.com: yes
banlw.com: yes
banlx.com: yes
banly.com: yes
banlz.com: no ====== use register
banma.com: yes
banmb.com: no ====== use register
banmc.com: yes
banmd.com: no ====== use register
banme.com: yes
banmf.com: no ====== use register
banmg.com: yes
banmh.com: yes
banmi.com: yes
banmj.com: yes
banmk.com: yes
banml.com: yes
banmm.com: yes
banmn.com: yes
banmo.com: yes
banmp.com: yes
banmq.com: no ====== use register
banmr.com: yes
banms.com: yes
banmt.com: yes
banmu.com: yes
banmv.com: no ====== use register
banmw.com: yes
banmx.com: yes
banmy.com: yes
banmz.com: yes
banna.com: yes
bannb.com: yes
bannc.com: yes
bannd.com: yes
banne.com: yes
bannf.com: yes
banng.com: yes
bannh.com: yes
banni.com: yes
bannj.com: yes
bannk.com: yes
bannl.com: yes
bannm.com: yes
bannn.com: yes
banno.com: yes
bannp.com: no ====== use register
bannq.com: yes
bannr.com: yes
banns.com: yes
bannt.com: yes
bannu.com: yes
bannv.com: yes
bannw.com: yes
bannx.com: yes
banny.com: yes
bannz.com: yes
banoa.com: yes
banob.com: yes
banoc.com: yes
banod.com: yes
banoe.com: yes
banof.com: yes
banog.com: yes
banoh.com: yes
banoi.com: yes
banoj.com: yes
banok.com: yes
banol.com: yes
banom.com: yes
banon.com: yes
banoo.com: yes
banop.com: yes
banoq.com: no ====== use register
banor.com: yes
banos.com: yes
banot.com: yes
banou.com: yes
banov.com: yes
banow.com: yes
banox.com: yes
banoy.com: yes
banoz.com: yes
banpa.com: yes
banpb.com: no ====== use register
banpc.com: yes
banpd.com: yes
banpe.com: yes
banpf.com: no ====== use register
banpg.com: yes
banph.com: yes
banpi.com: yes
banpj.com: no ====== use register
banpk.com: yes
banpl.com: yes
banpm.com: yes
banpn.com: no ====== use register
banpo.com: yes
banpp.com: yes
banpq.com: no ====== use register
banpr.com: yes
banps.com: no ====== use register
banpt.com: yes
banpu.com: yes
banpv.com: no ====== use register
banpw.com: no ====== use register
banpx.com: yes
banpy.com: yes
banpz.com: yes
banqa.com: yes
banqb.com: yes
banqc.com: yes
banqd.com: yes
banqe.com: yes
banqf.com: yes
banqg.com: yes
banqh.com: yes
banqi.com: yes
banqj.com: yes
banqk.com: yes
banql.com: no ====== use register
banqm.com: yes
banqn.com: no ====== use register
banqo.com: yes
banqp.com: yes
banqq.com: yes
banqr.com: yes
banqs.com: yes
banqt.com: yes
banqu.com: yes
banqv.com: no ====== use register
banqw.com: no ====== use register
banqx.com: yes
banqy.com: yes
banqz.com: yes
banra.com: yes
banrb.com: yes
banrc.com: yes
banrd.com: yes
banre.com: yes
banrf.com: no ====== use register
banrg.com: yes
banrh.com: no ====== use register
banri.com: yes
banrj.com: yes
banrk.com: yes
banrl.com: no ====== use register
banrm.com: yes
banrn.com: yes
banro.com: yes
banrp.com: no ====== use register
banrq.com: no ====== use register
banrr.com: yes
banrs.com: yes
banrt.com: yes
banru.com: yes
banrv.com: yes
banrw.com: yes
banrx.com: yes
banry.com: yes
banrz.com: yes
bansa.com: yes
bansb.com: yes
bansc.com: yes
bansd.com: yes
banse.com: yes
bansf.com: yes
bansg.com: yes
bansh.com: yes
bansi.com: yes
bansj.com: yes
bansk.com: yes
bansl.com: yes
bansm.com: yes
bansn.com: yes
banso.com: yes
bansp.com: yes
bansq.com: yes
bansr.com: yes
banss.com: yes
banst.com: yes
bansu.com: yes
bansv.com: yes
bansw.com: yes
bansx.com: yes
bansy.com: yes
bansz.com: yes
banta.com: yes
bantb.com: no ====== use register
bantc.com: yes
bantd.com: no ====== use register
bante.com: yes
bantf.com: no ====== use register
bantg.com: yes
banth.com: yes
banti.com: yes
bantj.com: yes
bantk.com: no ====== use register
bantl.com: yes
bantm.com: yes
bantn.com: yes
banto.com: yes
bantp.com: no ====== use register
bantq.com: yes
bantr.com: yes
bants.com: yes
bantt.com: yes
bantu.com: yes
bantv.com: yes
bantw.com: yes
bantx.com: yes
banty.com: yes
bantz.com: yes
banua.com: yes
banub.com: no ====== use register
banuc.com: no ====== use register
banud.com: yes
banue.com: yes
banuf.com: yes
banug.com: yes
banuh.com: yes
banui.com: yes
banuj.com: no ====== use register
banuk.com: yes
banul.com: yes
banum.com: yes
banun.com: yes
banuo.com: yes
banup.com: yes
banuq.com: yes
banur.com: yes
banus.com: yes
banut.com: yes
banuu.com: yes
banuv.com: yes
banuw.com: no ====== use register
banux.com: yes
banuy.com: yes
banuz.com: yes
banva.com: yes
banvb.com: no ====== use register
banvc.com: yes
banvd.com: no ====== use register
banve.com: yes
banvf.com: no ====== use register
banvg.com: no ====== use register
banvh.com: no ====== use register
banvi.com: yes
banvj.com: yes
banvk.com: no ====== use register
banvl.com: yes
banvm.com: no ====== use register
banvn.com: yes
banvo.com: yes
banvp.com: no ====== use register
banvq.com: no ====== use register
banvr.com: yes
banvs.com: no ====== use register
banvt.com: yes
banvu.com: yes
banvv.com: yes
banvw.com: yes
banvx.com: no ====== use register
banvy.com: no ====== use register
banvz.com: no ====== use register
banwa.com: yes
banwb.com: no ====== use register
banwc.com: no ====== use register
banwd.com: yes
banwe.com: yes
banwf.com: yes
banwg.com: yes
banwh.com: yes
banwi.com: yes
banwj.com: no ====== use register
banwk.com: yes
banwl.com: yes
banwm.com: no ====== use register
banwn.com: no ====== use register
banwo.com: yes
banwp.com: yes
banwq.com: no ====== use register
banwr.com: no ====== use register
banws.com: yes
banwt.com: no ====== use register
banwu.com: yes
banwv.com: no ====== use register
banww.com: yes
banwx.com: yes
banwy.com: yes
banwz.com: yes
banxa.com: yes
banxb.com: yes
banxc.com: yes
banxd.com: yes
banxe.com: yes
banxf.com: no ====== use register
banxg.com: yes
banxh.com: no ====== use register
banxi.com: yes
banxj.com: yes
banxk.com: yes
banxl.com: no ====== use register
banxm.com: no ====== use register
banxn.com: no ====== use register
banxo.com: yes
banxp.com: no ====== use register
banxq.com: no ====== use register
banxr.com: no ====== use register
banxs.com: yes
banxt.com: no ====== use register
banxu.com: yes
banxv.com: yes
banxw.com: yes
banxx.com: yes
banxy.com: yes
banxz.com: yes
banya.com: yes
banyb.com: yes
banyc.com: yes
banyd.com: yes
banye.com: yes
banyf.com: yes
banyg.com: yes
banyh.com: no ====== use register
banyi.com: yes
banyj.com: yes
banyk.com: yes
banyl.com: no ====== use register
banym.com: yes
banyn.com: yes
banyo.com: yes
banyp.com: no ====== use register
banyq.com: yes
banyr.com: yes
banys.com: yes
banyt.com: yes
banyu.com: yes
banyv.com: yes
banyw.com: no ====== use register
banyx.com: yes
banyy.com: yes
banyz.com: no ====== use register
banza.com: yes
banzb.com: yes
banzc.com: yes
banzd.com: no ====== use register
banze.com: yes
banzf.com: no ====== use register
banzg.com: yes
banzh.com: yes
banzi.com: yes
banzj.com: yes
banzk.com: yes
banzl.com: yes
banzm.com: yes
banzn.com: yes
banzo.com: yes
banzp.com: yes
banzq.com: no ====== use register
banzr.com: yes
banzs.com: yes
banzt.com: no ====== use register
banzu.com: yes
banzv.com: yes
banzw.com: yes
banzx.com: yes
banzy.com: yes
banzz.com: yes
