aaaaa.com: yes
aabba.com: yes
aacca.com: yes
aadda.com: yes
aaeea.com: yes
aaffa.com: yes
aagga.com: yes
aahha.com: yes
aaiia.com: yes
aajja.com: yes
aakka.com: yes
aalla.com: yes
aamma.com: yes
aanna.com: yes
aaooa.com: yes
aappa.com: yes
aaqqa.com: yes
aarra.com: yes
aassa.com: yes
aatta.com: yes
aauua.com: no ====== use register
aavva.com: yes
aawwa.com: yes
aaxxa.com: yes
aayya.com: yes
aazza.com: yes
bbaab.com: yes
bbbbb.com: yes
bbccb.com: yes
bbddb.com: yes
bbeeb.com: yes
bbffb.com: yes
bbggb.com: yes
bbhhb.com: yes
bbiib.com: yes
bbjjb.com: yes
bbkkb.com: yes
bbllb.com: yes
bbmmb.com: yes
bbnnb.com: yes
bboob.com: yes
bbppb.com: yes
bbqqb.com: yes
bbrrb.com: yes
bbssb.com: yes
bbttb.com: yes
bbuub.com: yes
bbvvb.com: yes
bbwwb.com: yes
bbxxb.com: yes
bbyyb.com: yes
bbzzb.com: yes
ccaac.com: yes
ccbbc.com: yes
ccccc.com: yes
ccddc.com: yes
cceec.com: yes
ccffc.com: yes
ccggc.com: yes
cchhc.com: yes
cciic.com: yes
ccjjc.com: yes
cckkc.com: yes
ccllc.com: yes
ccmmc.com: yes
ccnnc.com: yes
ccooc.com: yes
ccppc.com: yes
ccqqc.com: yes
ccrrc.com: yes
ccssc.com: yes
ccttc.com: yes
ccuuc.com: yes
ccvvc.com: yes
ccwwc.com: yes
ccxxc.com: yes
ccyyc.com: yes
cczzc.com: yes
ddaad.com: yes
ddbbd.com: yes
ddccd.com: yes
ddddd.com: yes
ddeed.com: yes
ddffd.com: yes
ddggd.com: yes
ddhhd.com: yes
ddiid.com: yes
ddjjd.com: yes
ddkkd.com: yes
ddlld.com: yes
ddmmd.com: yes
ddnnd.com: yes
ddood.com: yes
ddppd.com: yes
ddqqd.com: yes
ddrrd.com: yes
ddssd.com: yes
ddttd.com: yes
dduud.com: yes
ddvvd.com: yes
ddwwd.com: yes
ddxxd.com: yes
ddyyd.com: yes
ddzzd.com: yes
eeaae.com: yes
eebbe.com: yes
eecce.com: yes
eedde.com: yes
eeeee.com: yes
eeffe.com: yes
eegge.com: yes
eehhe.com: yes
eeiie.com: yes
eejje.com: yes
eekke.com: yes
eelle.com: yes
eemme.com: yes
eenne.com: yes
eeooe.com: yes
eeppe.com: yes
eeqqe.com: yes
eerre.com: yes
eesse.com: yes
eette.com: yes
eeuue.com: yes
eevve.com: yes
eewwe.com: yes
eexxe.com: yes
eeyye.com: yes
eezze.com: yes
ffaaf.com: yes
ffbbf.com: yes
ffccf.com: yes
ffddf.com: yes
ffeef.com: yes
fffff.com: yes
ffggf.com: yes
ffhhf.com: yes
ffiif.com: yes
ffjjf.com: yes
ffkkf.com: yes
ffllf.com: yes
ffmmf.com: yes
ffnnf.com: yes
ffoof.com: yes
ffppf.com: yes
ffqqf.com: yes
ffrrf.com: yes
ffssf.com: yes
ffttf.com: yes
ffuuf.com: yes
ffvvf.com: yes
ffwwf.com: yes
ffxxf.com: yes
ffyyf.com: yes
ffzzf.com: yes
ggaag.com: yes
ggbbg.com: yes
ggccg.com: yes
ggddg.com: yes
ggeeg.com: yes
ggffg.com: yes
ggggg.com: yes
gghhg.com: yes
ggiig.com: yes
ggjjg.com: yes
ggkkg.com: yes
ggllg.com: yes
ggmmg.com: yes
ggnng.com: yes
ggoog.com: yes
ggppg.com: yes
ggqqg.com: yes
ggrrg.com: yes
ggssg.com: yes
ggttg.com: yes
gguug.com: yes
ggvvg.com: yes
ggwwg.com: yes
ggxxg.com: yes
ggyyg.com: yes
ggzzg.com: yes
hhaah.com: yes
hhbbh.com: yes
hhcch.com: yes
hhddh.com: yes
hheeh.com: yes
hhffh.com: yes
hhggh.com: yes
hhhhh.com: yes
hhiih.com: yes
hhjjh.com: yes
hhkkh.com: yes
hhllh.com: yes
hhmmh.com: yes
hhnnh.com: yes
hhooh.com: yes
hhpph.com: yes
hhqqh.com: yes
hhrrh.com: yes
hhssh.com: yes
hhtth.com: yes
hhuuh.com: yes
hhvvh.com: yes
hhwwh.com: yes
hhxxh.com: yes
hhyyh.com: yes
hhzzh.com: yes
iiaai.com: yes
iibbi.com: yes
iicci.com: yes
iiddi.com: yes
iieei.com: yes
iiffi.com: yes
iiggi.com: no ====== use register
iihhi.com: yes
iiiii.com: yes
iijji.com: yes
iikki.com: yes
iilli.com: yes
iimmi.com: yes
iinni.com: yes
iiooi.com: yes
iippi.com: yes
iiqqi.com: yes
iirri.com: yes
iissi.com: yes
iitti.com: yes
iiuui.com: yes
iivvi.com: yes
iiwwi.com: yes
iixxi.com: yes
iiyyi.com: yes
iizzi.com: yes
jjaaj.com: yes
jjbbj.com: yes
jjccj.com: yes
jjddj.com: yes
jjeej.com: yes
jjffj.com: yes
jjggj.com: yes
jjhhj.com: yes
jjiij.com: yes
jjjjj.com: yes
jjkkj.com: yes
jjllj.com: yes
jjmmj.com: yes
jjnnj.com: yes
jjooj.com: yes
jjppj.com: yes
jjqqj.com: yes
jjrrj.com: yes
jjssj.com: yes
jjttj.com: yes
jjuuj.com: yes
jjvvj.com: yes
jjwwj.com: yes
jjxxj.com: yes
jjyyj.com: yes
jjzzj.com: yes
kkaak.com: yes
kkbbk.com: yes
kkcck.com: yes
kkddk.com: yes
kkeek.com: yes
kkffk.com: yes
kkggk.com: yes
kkhhk.com: yes
kkiik.com: yes
kkjjk.com: yes
kkkkk.com: yes
kkllk.com: yes
kkmmk.com: yes
kknnk.com: yes
kkook.com: yes
kkppk.com: yes
kkqqk.com: yes
kkrrk.com: yes
kkssk.com: yes
kkttk.com: yes
kkuuk.com: yes
kkvvk.com: yes
kkwwk.com: yes
kkxxk.com: yes
kkyyk.com: yes
kkzzk.com: yes
llaal.com: yes
llbbl.com: yes
llccl.com: yes
llddl.com: yes
lleel.com: yes
llffl.com: yes
llggl.com: yes
llhhl.com: yes
lliil.com: yes
lljjl.com: yes
llkkl.com: yes
lllll.com: yes
llmml.com: yes
llnnl.com: no ====== use register
llool.com: yes
llppl.com: no ====== use register
llqql.com: yes
llrrl.com: no ====== use register
llssl.com: yes
llttl.com: no ====== use register
lluul.com: yes
llvvl.com: yes
llwwl.com: no ====== use register
llxxl.com: no ====== use register
llyyl.com: yes
llzzl.com: yes
mmaam.com: yes
mmbbm.com: yes
mmccm.com: yes
mmddm.com: yes
mmeem.com: yes
mmffm.com: yes
mmggm.com: yes
mmhhm.com: yes
mmiim.com: yes
mmjjm.com: yes
mmkkm.com: yes
mmllm.com: yes
mmmmm.com: yes
mmnnm.com: yes
mmoom.com: yes
mmppm.com: yes
mmqqm.com: yes
mmrrm.com: yes
mmssm.com: yes
mmttm.com: yes
mmuum.com: yes
mmvvm.com: yes
mmwwm.com: yes
mmxxm.com: yes
mmyym.com: yes
mmzzm.com: yes
nnaan.com: yes
nnbbn.com: yes
nnccn.com: yes
nnddn.com: yes
nneen.com: yes
nnffn.com: yes
nnggn.com: yes
nnhhn.com: no ====== use register
nniin.com: yes
nnjjn.com: yes
nnkkn.com: yes
nnlln.com: yes
nnmmn.com: yes
nnnnn.com: yes
nnoon.com: yes
nnppn.com: yes
nnqqn.com: no ====== use register
nnrrn.com: no ====== use register
nnssn.com: yes
nnttn.com: no ====== use register
nnuun.com: yes
nnvvn.com: yes
nnwwn.com: yes
nnxxn.com: yes
nnyyn.com: yes
nnzzn.com: yes
ooaao.com: yes
oobbo.com: yes
oocco.com: yes
ooddo.com: yes
ooeeo.com: yes
ooffo.com: yes
ooggo.com: yes
oohho.com: yes
ooiio.com: yes
oojjo.com: yes
ookko.com: yes
oollo.com: yes
oommo.com: yes
oonno.com: yes
ooooo.com: yes
ooppo.com: yes
ooqqo.com: yes
oorro.com: yes
oosso.com: yes
ootto.com: yes
oouuo.com: yes
oovvo.com: yes
oowwo.com: yes
ooxxo.com: yes
ooyyo.com: yes
oozzo.com: yes
ppaap.com: yes
ppbbp.com: yes
ppccp.com: yes
ppddp.com: yes
ppeep.com: yes
ppffp.com: yes
ppggp.com: yes
pphhp.com: yes
ppiip.com: yes
ppjjp.com: yes
ppkkp.com: yes
ppllp.com: yes
ppmmp.com: yes
ppnnp.com: yes
ppoop.com: yes
ppppp.com: yes
ppqqp.com: yes
pprrp.com: yes
ppssp.com: yes
ppttp.com: yes
ppuup.com: yes
ppvvp.com: yes
ppwwp.com: yes
ppxxp.com: yes
ppyyp.com: yes
ppzzp.com: yes
qqaaq.com: yes
qqbbq.com: yes
qqccq.com: yes
qqddq.com: yes
qqeeq.com: yes
qqffq.com: yes
qqggq.com: yes
qqhhq.com: yes
qqiiq.com: yes
qqjjq.com: yes
qqkkq.com: yes
qqllq.com: yes
qqmmq.com: yes
qqnnq.com: yes
qqooq.com: no ====== use register
qqppq.com: yes
qqqqq.com: yes
qqrrq.com: yes
qqssq.com: yes
qqttq.com: yes
qquuq.com: yes
qqvvq.com: yes
qqwwq.com: yes
qqxxq.com: yes
qqyyq.com: yes
qqzzq.com: yes
rraar.com: yes
rrbbr.com: yes
rrccr.com: yes
rrddr.com: yes
rreer.com: yes
rrffr.com: no ====== use register
rrggr.com: yes
rrhhr.com: yes
rriir.com: yes
rrjjr.com: no ====== use register
rrkkr.com: yes
rrllr.com: yes
rrmmr.com: no ====== use register
rrnnr.com: yes
rroor.com: yes
rrppr.com: yes
rrqqr.com: yes
rrrrr.com: yes
rrssr.com: yes
rrttr.com: yes
rruur.com: yes
rrvvr.com: yes
rrwwr.com: no ====== use register
rrxxr.com: yes
rryyr.com: yes
rrzzr.com: yes
ssaas.com: yes
ssbbs.com: yes
ssccs.com: yes
ssdds.com: yes
ssees.com: yes
ssffs.com: yes
ssggs.com: yes
sshhs.com: yes
ssiis.com: yes
ssjjs.com: yes
sskks.com: yes
sslls.com: yes
ssmms.com: yes
ssnns.com: yes
ssoos.com: yes
sspps.com: yes
ssqqs.com: yes
ssrrs.com: yes
sssss.com: yes
sstts.com: yes
ssuus.com: yes
ssvvs.com: yes
sswws.com: yes
ssxxs.com: yes
ssyys.com: yes
sszzs.com: yes
ttaat.com: yes
ttbbt.com: yes
ttcct.com: yes
ttddt.com: yes
tteet.com: yes
ttfft.com: yes
ttggt.com: yes
tthht.com: yes
ttiit.com: yes
ttjjt.com: yes
ttkkt.com: yes
ttllt.com: yes
ttmmt.com: yes
ttnnt.com: yes
ttoot.com: yes
ttppt.com: yes
ttqqt.com: yes
ttrrt.com: yes
ttsst.com: yes
ttttt.com: yes
ttuut.com: yes
ttvvt.com: yes
ttwwt.com: yes
ttxxt.com: yes
ttyyt.com: yes
ttzzt.com: yes
uuaau.com: yes
uubbu.com: yes
uuccu.com: yes
uuddu.com: yes
uueeu.com: yes
uuffu.com: yes
uuggu.com: no ====== use register
uuhhu.com: yes
uuiiu.com: yes
uujju.com: yes
uukku.com: yes
uullu.com: yes
uummu.com: yes
uunnu.com: yes
uuoou.com: yes
uuppu.com: yes
uuqqu.com: yes
uurru.com: yes
uussu.com: yes
uuttu.com: yes
uuuuu.com: yes
uuvvu.com: yes
uuwwu.com: no ====== use register
uuxxu.com: yes
uuyyu.com: yes
uuzzu.com: yes
vvaav.com: yes
vvbbv.com: yes
vvccv.com: yes
vvddv.com: yes
vveev.com: yes
vvffv.com: yes
vvggv.com: yes
vvhhv.com: yes
vviiv.com: yes
vvjjv.com: yes
vvkkv.com: no ====== use register
vvllv.com: yes
vvmmv.com: yes
vvnnv.com: yes
vvoov.com: yes
vvppv.com: yes
vvqqv.com: yes
vvrrv.com: no ====== use register
vvssv.com: yes
vvttv.com: yes
vvuuv.com: yes
vvvvv.com: yes
vvwwv.com: yes
vvxxv.com: yes
vvyyv.com: yes
vvzzv.com: yes
wwaaw.com: yes
wwbbw.com: yes
wwccw.com: yes
wwddw.com: yes
wweew.com: yes
wwffw.com: yes
wwggw.com: yes
wwhhw.com: yes
wwiiw.com: yes
wwjjw.com: yes
wwkkw.com: yes
wwllw.com: yes
wwmmw.com: yes
wwnnw.com: yes
wwoow.com: yes
wwppw.com: yes
wwqqw.com: yes
wwrrw.com: yes
wwssw.com: yes
wwttw.com: yes
wwuuw.com: yes
wwvvw.com: yes
wwwww.com: yes
wwxxw.com: yes
wwyyw.com: yes
wwzzw.com: yes
xxaax.com: yes
xxbbx.com: yes
xxccx.com: yes
xxddx.com: yes
xxeex.com: yes
xxffx.com: yes
xxggx.com: yes
xxhhx.com: yes
xxiix.com: yes
xxjjx.com: yes
xxkkx.com: yes
xxllx.com: yes
xxmmx.com: yes
xxnnx.com: yes
xxoox.com: yes
xxppx.com: yes
xxqqx.com: yes
xxrrx.com: yes
xxssx.com: yes
xxttx.com: yes
xxuux.com: yes
xxvvx.com: yes
xxwwx.com: yes
xxxxx.com: yes
xxyyx.com: yes
xxzzx.com: yes
yyaay.com: yes
yybby.com: yes
yyccy.com: yes
yyddy.com: yes
yyeey.com: yes
yyffy.com: yes
yyggy.com: yes
yyhhy.com: yes
yyiiy.com: yes
yyjjy.com: yes
yykky.com: yes
yylly.com: yes
yymmy.com: yes
yynny.com: yes
yyooy.com: yes
yyppy.com: yes
yyqqy.com: yes
yyrry.com: yes
yyssy.com: yes
yytty.com: yes
yyuuy.com: yes
yyvvy.com: yes
yywwy.com: yes
yyxxy.com: yes
yyyyy.com: yes
yyzzy.com: yes
zzaaz.com: yes
zzbbz.com: yes
zzccz.com: yes
zzddz.com: yes
zzeez.com: yes
zzffz.com: yes
zzggz.com: yes
zzhhz.com: yes
zziiz.com: yes
zzjjz.com: yes
zzkkz.com: yes
zzllz.com: yes
zzmmz.com: yes
zznnz.com: yes
zzooz.com: yes
zzppz.com: yes
zzqqz.com: yes
zzrrz.com: yes
zzssz.com: yes
zzttz.com: yes
zzuuz.com: yes
zzvvz.com: yes
zzwwz.com: yes
zzxxz.com: no ====== use register
zzyyz.com: yes
zzzzz.com: yes
