imoaa.com: yes
imoab.com: yes
imoac.com: yes
imoad.com: yes
imoae.com: no ====== use register
imoaf.com: no ====== use register
imoag.com: yes
imoah.com: yes
imoai.com: yes
imoaj.com: no ====== use register
imoak.com: yes
imoal.com: no ====== use register
imoam.com: yes
imoan.com: yes
imoao.com: yes
imoap.com: yes
imoaq.com: no ====== use register
imoar.com: yes
imoas.com: yes
imoat.com: yes
imoau.com: no ====== use register
imoav.com: yes
imoaw.com: no ====== use register
imoax.com: yes
imoay.com: no ====== use register
imoaz.com: no ====== use register
imoba.com: yes
imobb.com: yes
imobc.com: yes
imobd.com: yes
imobe.com: yes
imobf.com: no ====== use register
imobg.com: yes
imobh.com: no ====== use register
imobi.com: yes
imobj.com: yes
imobk.com: no ====== use register
imobl.com: yes
imobm.com: no ====== use register
imobn.com: yes
imobo.com: yes
imobp.com: yes
imobq.com: no ====== use register
imobr.com: yes
imobs.com: yes
imobt.com: yes
imobu.com: yes
imobv.com: yes
imobw.com: no ====== use register
imobx.com: yes
imoby.com: yes
imobz.com: yes
imoca.com: yes
imocb.com: yes
imocc.com: yes
imocd.com: yes
imoce.com: yes
imocf.com: no ====== use register
imocg.com: yes
imoch.com: yes
imoci.com: yes
imocj.com: yes
imock.com: yes
imocl.com: yes
imocm.com: yes
imocn.com: yes
imoco.com: yes
imocp.com: yes
imocq.com: yes
imocr.com: yes
imocs.com: yes
imoct.com: yes
imocu.com: yes
imocv.com: yes
imocw.com: yes
imocx.com: yes
imocy.com: yes
imocz.com: no ====== use register
imoda.com: yes
imodb.com: yes
imodc.com: yes
imodd.com: yes
imode.com: yes
imodf.com: no ====== use register
imodg.com: no ====== use register
imodh.com: no ====== use register
imodi.com: yes
imodj.com: yes
imodk.com: no ====== use register
imodl.com: yes
imodm.com: yes
imodn.com: no ====== use register
imodo.com: yes
imodp.com: no ====== use register
imodq.com: no ====== use register
imodr.com: yes
imods.com: yes
imodt.com: no ====== use register
imodu.com: yes
imodv.com: no ====== use register
imodw.com: no ====== use register
imodx.com: yes
imody.com: yes
imodz.com: yes
imoea.com: no ====== use register
imoeb.com: yes
imoec.com: yes
imoed.com: yes
imoee.com: yes
imoef.com: no ====== use register
imoeg.com: no ====== use register
imoeh.com: no ====== use register
imoei.com: yes
imoej.com: no ====== use register
imoek.com: yes
imoel.com: yes
imoem.com: yes
imoen.com: yes
imoeo.com: yes
imoep.com: no ====== use register
imoeq.com: no ====== use register
imoer.com: yes
imoes.com: yes
imoet.com: yes
imoeu.com: yes
imoev.com: no ====== use register
imoew.com: no ====== use register
imoex.com: yes
imoey.com: yes
imoez.com: yes
imofa.com: yes
imofb.com: no ====== use register
imofc.com: yes
imofd.com: yes
imofe.com: yes
imoff.com: yes
imofg.com: no ====== use register
imofh.com: yes
imofi.com: yes
imofj.com: no ====== use register
imofk.com: no ====== use register
imofl.com: yes
imofm.com: no ====== use register
imofn.com: no ====== use register
imofo.com: yes
imofp.com: yes
imofq.com: no ====== use register
imofr.com: yes
imofs.com: no ====== use register
imoft.com: yes
imofu.com: yes
imofv.com: no ====== use register
imofw.com: yes
imofx.com: yes
imofy.com: yes
imofz.com: no ====== use register
imoga.com: yes
imogb.com: no ====== use register
imogc.com: yes
imogd.com: yes
imoge.com: yes
imogf.com: no ====== use register
imogg.com: no ====== use register
imogh.com: no ====== use register
imogi.com: yes
imogj.com: no ====== use register
imogk.com: no ====== use register
imogl.com: yes
imogm.com: yes
imogn.com: no ====== use register
imogo.com: yes
imogp.com: no ====== use register
imogq.com: no ====== use register
imogr.com: no ====== use register
imogs.com: yes
imogt.com: yes
imogu.com: yes
imogv.com: no ====== use register
imogw.com: yes
imogx.com: yes
imogy.com: yes
imogz.com: no ====== use register
imoha.com: yes
imohb.com: no ====== use register
imohc.com: no ====== use register
imohd.com: yes
imohe.com: yes
imohf.com: yes
imohg.com: no ====== use register
imohh.com: no ====== use register
imohi.com: yes
imohj.com: no ====== use register
imohk.com: yes
imohl.com: no ====== use register
imohm.com: yes
imohn.com: yes
imoho.com: yes
imohp.com: yes
imohq.com: yes
imohr.com: yes
imohs.com: yes
imoht.com: no ====== use register
imohu.com: yes
imohv.com: no ====== use register
imohw.com: yes
imohx.com: no ====== use register
imohy.com: no ====== use register
imohz.com: no ====== use register
imoia.com: yes
imoib.com: no ====== use register
imoic.com: yes
imoid.com: no ====== use register
imoie.com: no ====== use register
imoif.com: no ====== use register
imoig.com: no ====== use register
imoih.com: no ====== use register
imoii.com: yes
imoij.com: no ====== use register
imoik.com: no ====== use register
imoil.com: yes
imoim.com: yes
imoin.com: yes
imoio.com: yes
imoip.com: yes
imoiq.com: no ====== use register
imoir.com: yes
imois.com: yes
imoit.com: yes
imoiu.com: no ====== use register
imoiv.com: no ====== use register
imoiw.com: no ====== use register
imoix.com: yes
imoiy.com: no ====== use register
imoiz.com: no ====== use register
imoja.com: yes
imojb.com: no ====== use register
imojc.com: yes
imojd.com: no ====== use register
imoje.com: yes
imojf.com: no ====== use register
imojg.com: no ====== use register
imojh.com: no ====== use register
imoji.com: yes
imojj.com: no ====== use register
imojk.com: yes
imojl.com: no ====== use register
imojm.com: no ====== use register
imojn.com: no ====== use register
imojo.com: yes
imojp.com: yes
imojq.com: no ====== use register
imojr.com: no ====== use register
imojs.com: no ====== use register
imojt.com: yes
imoju.com: yes
imojv.com: no ====== use register
imojw.com: no ====== use register
imojx.com: no ====== use register
imojy.com: yes
imojz.com: no ====== use register
imoka.com: yes
imokb.com: no ====== use register
imokc.com: yes
imokd.com: no ====== use register
imoke.com: yes
imokf.com: yes
imokg.com: no ====== use register
imokh.com: yes
imoki.com: yes
imokj.com: no ====== use register
imokk.com: yes
imokl.com: no ====== use register
imokm.com: no ====== use register
imokn.com: no ====== use register
imoko.com: yes
imokp.com: no ====== use register
imokq.com: no ====== use register
imokr.com: yes
imoks.com: yes
imokt.com: no ====== use register
imoku.com: yes
imokv.com: yes
imokw.com: no ====== use register
imokx.com: no ====== use register
imoky.com: yes
imokz.com: no ====== use register
imola.com: yes
imolb.com: yes
imolc.com: yes
imold.com: yes
imole.com: yes
imolf.com: no ====== use register
imolg.com: yes
imolh.com: no ====== use register
imoli.com: yes
imolj.com: no ====== use register
imolk.com: no ====== use register
imoll.com: yes
imolm.com: no ====== use register
imoln.com: yes
imolo.com: yes
imolp.com: no ====== use register
imolq.com: no ====== use register
imolr.com: no ====== use register
imols.com: yes
imolt.com: yes
imolu.com: yes
imolv.com: yes
imolw.com: no ====== use register
imolx.com: no ====== use register
imoly.com: yes
imolz.com: no ====== use register
imoma.com: yes
imomb.com: no ====== use register
imomc.com: yes
imomd.com: yes
imome.com: yes
imomf.com: no ====== use register
imomg.com: yes
imomh.com: no ====== use register
imomi.com: yes
imomj.com: no ====== use register
imomk.com: no ====== use register
imoml.com: no ====== use register
imomm.com: yes
imomn.com: no ====== use register
imomo.com: yes
imomp.com: no ====== use register
imomq.com: no ====== use register
imomr.com: no ====== use register
imoms.com: yes
imomt.com: no ====== use register
imomu.com: yes
imomv.com: no ====== use register
imomw.com: yes
imomx.com: yes
imomy.com: yes
imomz.com: yes
imona.com: yes
imonb.com: yes
imonc.com: yes
imond.com: yes
imone.com: yes
imonf.com: no ====== use register
imong.com: yes
imonh.com: no ====== use register
imoni.com: yes
imonj.com: no ====== use register
imonk.com: yes
imonl.com: yes
imonm.com: no ====== use register
imonn.com: yes
imono.com: yes
imonp.com: no ====== use register
imonq.com: yes
imonr.com: no ====== use register
imons.com: yes
imont.com: yes
imonu.com: yes
imonv.com: yes
imonw.com: no ====== use register
imonx.com: yes
imony.com: yes
imonz.com: yes
imooa.com: yes
imoob.com: yes
imooc.com: yes
imood.com: yes
imooe.com: no ====== use register
imoof.com: yes
imoog.com: yes
imooh.com: yes
imooi.com: yes
imooj.com: yes
imook.com: yes
imool.com: yes
imoom.com: yes
imoon.com: yes
imooo.com: yes
imoop.com: yes
imooq.com: yes
imoor.com: yes
imoos.com: yes
imoot.com: yes
imoou.com: yes
imoov.com: yes
imoow.com: yes
imoox.com: yes
imooy.com: yes
imooz.com: yes
imopa.com: yes
imopb.com: no ====== use register
imopc.com: yes
imopd.com: no ====== use register
imope.com: yes
imopf.com: no ====== use register
imopg.com: no ====== use register
imoph.com: yes
imopi.com: yes
imopj.com: yes
imopk.com: yes
imopl.com: no ====== use register
imopm.com: no ====== use register
imopn.com: no ====== use register
imopo.com: yes
imopp.com: yes
imopq.com: no ====== use register
imopr.com: no ====== use register
imops.com: yes
imopt.com: yes
imopu.com: yes
imopv.com: no ====== use register
imopw.com: no ====== use register
imopx.com: yes
imopy.com: no ====== use register
imopz.com: no ====== use register
imoqa.com: yes
imoqb.com: no ====== use register
imoqc.com: yes
imoqd.com: no ====== use register
imoqe.com: no ====== use register
imoqf.com: no ====== use register
imoqg.com: no ====== use register
imoqh.com: no ====== use register
imoqi.com: yes
imoqj.com: no ====== use register
imoqk.com: no ====== use register
imoql.com: no ====== use register
imoqm.com: no ====== use register
imoqn.com: no ====== use register
imoqo.com: yes
imoqp.com: no ====== use register
imoqq.com: yes
imoqr.com: yes
imoqs.com: no ====== use register
imoqt.com: no ====== use register
imoqu.com: yes
imoqv.com: no ====== use register
imoqw.com: no ====== use register
imoqx.com: yes
imoqy.com: no ====== use register
imoqz.com: no ====== use register
imora.com: yes
imorb.com: yes
imorc.com: yes
imord.com: no ====== use register
imore.com: yes
imorf.com: yes
imorg.com: yes
imorh.com: no ====== use register
imori.com: yes
imorj.com: no ====== use register
imork.com: yes
imorl.com: no ====== use register
imorm.com: yes
imorn.com: yes
imoro.com: yes
imorp.com: yes
imorq.com: no ====== use register
imorr.com: yes
imors.com: yes
imort.com: yes
imoru.com: yes
imorv.com: no ====== use register
imorw.com: no ====== use register
imorx.com: no ====== use register
imory.com: yes
imorz.com: yes
imosa.com: yes
imosb.com: no ====== use register
imosc.com: yes
imosd.com: no ====== use register
imose.com: yes
imosf.com: no ====== use register
imosg.com: yes
imosh.com: yes
imosi.com: yes
imosj.com: no ====== use register
imosk.com: yes
imosl.com: yes
imosm.com: yes
imosn.com: yes
imoso.com: yes
imosp.com: yes
imosq.com: no ====== use register
imosr.com: yes
imoss.com: yes
imost.com: yes
imosu.com: yes
imosv.com: no ====== use register
imosw.com: no ====== use register
imosx.com: yes
imosy.com: yes
imosz.com: yes
imota.com: yes
imotb.com: no ====== use register
imotc.com: yes
imotd.com: yes
imote.com: yes
imotf.com: no ====== use register
imotg.com: yes
imoth.com: yes
imoti.com: yes
imotj.com: no ====== use register
imotk.com: no ====== use register
imotl.com: yes
imotm.com: no ====== use register
imotn.com: yes
imoto.com: yes
imotp.com: yes
imotq.com: no ====== use register
imotr.com: yes
imots.com: yes
imott.com: yes
imotu.com: yes
imotv.com: yes
imotw.com: yes
imotx.com: no ====== use register
imoty.com: yes
imotz.com: yes
imoua.com: no ====== use register
imoub.com: no ====== use register
imouc.com: no ====== use register
imoud.com: yes
imoue.com: yes
imouf.com: no ====== use register
imoug.com: no ====== use register
imouh.com: no ====== use register
imoui.com: no ====== use register
imouj.com: no ====== use register
imouk.com: yes
imoul.com: yes
imoum.com: no ====== use register
imoun.com: yes
imouo.com: yes
imoup.com: yes
imouq.com: no ====== use register
imour.com: yes
imous.com: yes
imout.com: yes
imouu.com: yes
imouv.com: yes
imouw.com: no ====== use register
imoux.com: no ====== use register
imouy.com: no ====== use register
imouz.com: no ====== use register
imova.com: yes
imovb.com: yes
imovc.com: yes
imovd.com: yes
imove.com: yes
imovf.com: no ====== use register
imovg.com: yes
imovh.com: no ====== use register
imovi.com: yes
imovj.com: no ====== use register
imovk.com: yes
imovl.com: yes
imovm.com: no ====== use register
imovn.com: no ====== use register
imovo.com: yes
imovp.com: no ====== use register
imovq.com: no ====== use register
imovr.com: yes
imovs.com: yes
imovt.com: yes
imovu.com: yes
imovv.com: yes
imovw.com: no ====== use register
imovx.com: yes
imovy.com: yes
imovz.com: yes
imowa.com: yes
imowb.com: no ====== use register
imowc.com: no ====== use register
imowd.com: no ====== use register
imowe.com: yes
imowf.com: no ====== use register
imowg.com: no ====== use register
imowh.com: no ====== use register
imowi.com: yes
imowj.com: no ====== use register
imowk.com: no ====== use register
imowl.com: yes
imowm.com: no ====== use register
imown.com: yes
imowo.com: yes
imowp.com: no ====== use register
imowq.com: no ====== use register
imowr.com: yes
imows.com: yes
imowt.com: yes
imowu.com: yes
imowv.com: yes
imoww.com: no ====== use register
imowx.com: no ====== use register
imowy.com: no ====== use register
imowz.com: no ====== use register
imoxa.com: yes
imoxb.com: no ====== use register
imoxc.com: no ====== use register
imoxd.com: no ====== use register
imoxe.com: yes
imoxf.com: no ====== use register
imoxg.com: no ====== use register
imoxh.com: no ====== use register
imoxi.com: yes
imoxj.com: no ====== use register
imoxk.com: no ====== use register
imoxl.com: yes
imoxm.com: no ====== use register
imoxn.com: no ====== use register
imoxo.com: yes
imoxp.com: no ====== use register
imoxq.com: no ====== use register
imoxr.com: no ====== use register
imoxs.com: yes
imoxt.com: no ====== use register
imoxu.com: yes
imoxv.com: no ====== use register
imoxw.com: no ====== use register
imoxx.com: yes
imoxy.com: yes
imoxz.com: no ====== use register
imoya.com: yes
imoyb.com: yes
imoyc.com: no ====== use register
imoyd.com: no ====== use register
imoye.com: yes
imoyf.com: no ====== use register
imoyg.com: no ====== use register
imoyh.com: yes
imoyi.com: yes
imoyj.com: no ====== use register
imoyk.com: yes
imoyl.com: yes
imoym.com: no ====== use register
imoyn.com: no ====== use register
imoyo.com: yes
imoyp.com: no ====== use register
imoyq.com: no ====== use register
imoyr.com: no ====== use register
imoys.com: yes
imoyt.com: no ====== use register
imoyu.com: yes
imoyv.com: no ====== use register
imoyw.com: no ====== use register
imoyx.com: yes
imoyy.com: no ====== use register
imoyz.com: no ====== use register
imoza.com: yes
imozb.com: yes
imozc.com: no ====== use register
imozd.com: no ====== use register
imoze.com: yes
imozf.com: no ====== use register
imozg.com: yes
imozh.com: no ====== use register
imozi.com: yes
imozj.com: no ====== use register
imozk.com: no ====== use register
imozl.com: no ====== use register
imozm.com: no ====== use register
imozn.com: no ====== use register
imozo.com: yes
imozp.com: no ====== use register
imozq.com: yes
imozr.com: no ====== use register
imozs.com: no ====== use register
imozt.com: no ====== use register
imozu.com: yes
imozv.com: no ====== use register
imozw.com: no ====== use register
imozx.com: no ====== use register
imozy.com: yes
imozz.com: yes
