wanaa.com: yes
wanab.com: yes
wanac.com: yes
wanad.com: yes
wanae.com: yes
wanaf.com: yes
wanag.com: yes
wanah.com: yes
wanai.com: yes
wanaj.com: yes
wanak.com: yes
wanal.com: yes
wanam.com: yes
wanan.com: yes
wanao.com: yes
wanap.com: yes
wanaq.com: yes
wanar.com: yes
wanas.com: yes
wanat.com: yes
wanau.com: yes
wanav.com: yes
wanaw.com: yes
wanax.com: yes
wanay.com: yes
wanaz.com: yes
wanba.com: yes
wanbb.com: yes
wanbc.com: yes
wanbd.com: yes
wanbe.com: yes
wanbf.com: yes
wanbg.com: yes
wanbh.com: yes
wanbi.com: yes
wanbj.com: yes
wanbk.com: yes
wanbl.com: yes
wanbm.com: yes
wanbn.com: yes
wanbo.com: yes
wanbp.com: yes
wanbq.com: yes
wanbr.com: yes
wanbs.com: yes
wanbt.com: yes
wanbu.com: yes
wanbv.com: yes
wanbw.com: yes
wanbx.com: yes
wanby.com: yes
wanbz.com: yes
wanca.com: yes
wancb.com: yes
wancc.com: yes
wancd.com: yes
wance.com: yes
wancf.com: yes
wancg.com: yes
wanch.com: yes
wanci.com: yes
wancj.com: yes
wanck.com: yes
wancl.com: yes
wancm.com: yes
wancn.com: yes
wanco.com: yes
wancp.com: yes
wancq.com: yes
wancr.com: yes
wancs.com: yes
wanct.com: yes
wancu.com: yes
wancv.com: yes
wancw.com: yes
wancx.com: yes
wancy.com: yes
wancz.com: yes
wanda.com: yes
wandb.com: yes
wandc.com: yes
wandd.com: yes
wande.com: yes
wandf.com: yes
wandg.com: yes
wandh.com: yes
wandi.com: yes
wandj.com: yes
wandk.com: yes
wandl.com: yes
wandm.com: yes
wandn.com: yes
wando.com: yes
wandp.com: yes
wandq.com: yes
wandr.com: yes
wands.com: yes
wandt.com: yes
wandu.com: yes
wandv.com: yes
wandw.com: yes
wandx.com: yes
wandy.com: yes
wandz.com: yes
wanea.com: yes
waneb.com: yes
wanec.com: yes
waned.com: yes
wanee.com: yes
wanef.com: yes
waneg.com: yes
waneh.com: yes
wanei.com: yes
wanej.com: yes
wanek.com: yes
wanel.com: yes
wanem.com: yes
wanen.com: yes
waneo.com: yes
wanep.com: yes
waneq.com: yes
waner.com: yes
wanes.com: yes
wanet.com: yes
waneu.com: yes
wanev.com: yes
wanew.com: yes
wanex.com: yes
waney.com: yes
wanez.com: yes
wanfa.com: yes
wanfb.com: yes
wanfc.com: yes
wanfd.com: yes
wanfe.com: yes
wanff.com: yes
wanfg.com: yes
wanfh.com: yes
wanfi.com: yes
wanfj.com: yes
wanfk.com: yes
wanfl.com: yes
wanfm.com: yes
wanfn.com: yes
wanfo.com: yes
wanfp.com: yes
wanfq.com: yes
wanfr.com: yes
wanfs.com: yes
wanft.com: yes
wanfu.com: yes
wanfv.com: yes
wanfw.com: yes
wanfx.com: yes
wanfy.com: yes
wanfz.com: yes
wanga.com: yes
wangb.com: yes
wangc.com: yes
wangd.com: yes
wange.com: yes
wangf.com: yes
wangg.com: yes
wangh.com: yes
wangi.com: yes
wangj.com: yes
wangk.com: yes
wangl.com: yes
wangm.com: yes
wangn.com: yes
wango.com: yes
wangp.com: yes
wangq.com: yes
wangr.com: yes
wangs.com: yes
wangt.com: yes
wangu.com: yes
wangv.com: yes
wangw.com: yes
wangx.com: yes
wangy.com: yes
wangz.com: yes
wanha.com: yes
wanhb.com: yes
wanhc.com: yes
wanhd.com: yes
wanhe.com: yes
wanhf.com: yes
wanhg.com: yes
wanhh.com: yes
wanhi.com: yes
wanhj.com: yes
wanhk.com: yes
wanhl.com: yes
wanhm.com: yes
wanhn.com: yes
wanho.com: yes
wanhp.com: yes
wanhq.com: yes
wanhr.com: yes
wanhs.com: yes
wanht.com: yes
wanhu.com: yes
wanhv.com: yes
wanhw.com: yes
wanhx.com: yes
wanhy.com: yes
wanhz.com: yes
wania.com: yes
wanib.com: yes
wanic.com: yes
wanid.com: yes
wanie.com: yes
wanif.com: yes
wanig.com: yes
wanih.com: yes
wanii.com: yes
wanij.com: yes
wanik.com: yes
wanil.com: yes
wanim.com: yes
wanin.com: yes
wanio.com: yes
wanip.com: yes
waniq.com: yes
wanir.com: yes
wanis.com: yes
wanit.com: yes
waniu.com: yes
waniv.com: yes
waniw.com: yes
wanix.com: yes
waniy.com: yes
waniz.com: yes
wanja.com: yes
wanjb.com: yes
wanjc.com: yes
wanjd.com: yes
wanje.com: yes
wanjf.com: yes
wanjg.com: yes
wanjh.com: yes
wanji.com: yes
wanjj.com: yes
wanjk.com: yes
wanjl.com: yes
wanjm.com: yes
wanjn.com: yes
wanjo.com: yes
wanjp.com: yes
wanjq.com: yes
wanjr.com: yes
wanjs.com: yes
wanjt.com: yes
wanju.com: yes
wanjv.com: yes
wanjw.com: yes
wanjx.com: yes
wanjy.com: yes
wanjz.com: yes
wanka.com: yes
wankb.com: yes
wankc.com: yes
wankd.com: yes
wanke.com: yes
wankf.com: yes
wankg.com: yes
wankh.com: yes
wanki.com: yes
wankj.com: yes
wankk.com: yes
wankl.com: yes
wankm.com: yes
wankn.com: yes
wanko.com: yes
wankp.com: yes
wankq.com: yes
wankr.com: yes
wanks.com: yes
wankt.com: yes
wanku.com: yes
wankv.com: yes
wankw.com: yes
wankx.com: yes
wanky.com: yes
wankz.com: yes
wanla.com: yes
wanlb.com: yes
wanlc.com: yes
wanld.com: yes
wanle.com: yes
wanlf.com: yes
wanlg.com: yes
wanlh.com: yes
wanli.com: yes
wanlj.com: yes
wanlk.com: yes
wanll.com: yes
wanlm.com: yes
wanln.com: yes
wanlo.com: yes
wanlp.com: yes
wanlq.com: yes
wanlr.com: yes
wanls.com: yes
wanlt.com: yes
wanlu.com: yes
wanlv.com: yes
wanlw.com: yes
wanlx.com: yes
wanly.com: yes
wanlz.com: yes
wanma.com: yes
wanmb.com: yes
wanmc.com: yes
wanmd.com: yes
wanme.com: yes
wanmf.com: yes
wanmg.com: yes
wanmh.com: yes
wanmi.com: yes
wanmj.com: yes
wanmk.com: yes
wanml.com: yes
wanmm.com: yes
wanmn.com: yes
wanmo.com: yes
wanmp.com: yes
wanmq.com: yes
wanmr.com: yes
wanms.com: yes
wanmt.com: yes
wanmu.com: yes
wanmv.com: yes
wanmw.com: yes
wanmx.com: yes
wanmy.com: yes
wanmz.com: yes
wanna.com: yes
wannb.com: yes
wannc.com: yes
wannd.com: yes
wanne.com: yes
wannf.com: yes
wanng.com: yes
wannh.com: yes
wanni.com: yes
wannj.com: yes
wannk.com: yes
wannl.com: yes
wannm.com: yes
wannn.com: yes
wanno.com: yes
wannp.com: yes
wannq.com: yes
wannr.com: yes
wanns.com: yes
wannt.com: yes
wannu.com: yes
wannv.com: yes
wannw.com: yes
wannx.com: yes
wanny.com: yes
wannz.com: yes
wanoa.com: yes
wanob.com: yes
wanoc.com: yes
wanod.com: yes
wanoe.com: yes
wanof.com: yes
wanog.com: yes
wanoh.com: yes
wanoi.com: yes
wanoj.com: yes
wanok.com: yes
wanol.com: yes
wanom.com: yes
wanon.com: yes
wanoo.com: yes
wanop.com: yes
wanoq.com: yes
wanor.com: yes
wanos.com: yes
wanot.com: yes
wanou.com: yes
wanov.com: yes
wanow.com: yes
wanox.com: yes
wanoy.com: yes
wanoz.com: yes
wanpa.com: yes
wanpb.com: yes
wanpc.com: yes
wanpd.com: yes
wanpe.com: yes
wanpf.com: yes
wanpg.com: yes
wanph.com: yes
wanpi.com: yes
wanpj.com: yes
wanpk.com: yes
wanpl.com: yes
wanpm.com: yes
wanpn.com: yes
wanpo.com: yes
wanpp.com: yes
wanpq.com: yes
wanpr.com: yes
wanps.com: yes
wanpt.com: yes
wanpu.com: yes
wanpv.com: yes
wanpw.com: yes
wanpx.com: yes
wanpy.com: yes
wanpz.com: yes
wanqa.com: yes
wanqb.com: yes
wanqc.com: yes
wanqd.com: yes
wanqe.com: yes
wanqf.com: yes
wanqg.com: yes
wanqh.com: yes
wanqi.com: yes
wanqj.com: yes
wanqk.com: yes
wanql.com: yes
wanqm.com: yes
wanqn.com: yes
wanqo.com: yes
wanqp.com: yes
wanqq.com: yes
wanqr.com: yes
wanqs.com: yes
wanqt.com: yes
wanqu.com: yes
wanqv.com: yes
wanqw.com: yes
wanqx.com: yes
wanqy.com: yes
wanqz.com: yes
wanra.com: yes
wanrb.com: yes
wanrc.com: yes
wanrd.com: yes
wanre.com: yes
wanrf.com: yes
wanrg.com: yes
wanrh.com: yes
wanri.com: yes
wanrj.com: yes
wanrk.com: yes
wanrl.com: yes
wanrm.com: yes
wanrn.com: yes
wanro.com: yes
wanrp.com: yes
wanrq.com: yes
wanrr.com: yes
wanrs.com: yes
wanrt.com: yes
wanru.com: yes
wanrv.com: yes
wanrw.com: yes
wanrx.com: yes
wanry.com: yes
wanrz.com: yes
wansa.com: yes
wansb.com: yes
wansc.com: yes
wansd.com: yes
wanse.com: yes
wansf.com: yes
wansg.com: yes
wansh.com: yes
wansi.com: yes
wansj.com: yes
wansk.com: yes
wansl.com: yes
wansm.com: yes
wansn.com: yes
wanso.com: yes
wansp.com: yes
wansq.com: yes
wansr.com: yes
wanss.com: yes
wanst.com: yes
wansu.com: yes
wansv.com: yes
wansw.com: yes
wansx.com: yes
wansy.com: yes
wansz.com: yes
wanta.com: yes
wantb.com: yes
wantc.com: yes
wantd.com: yes
wante.com: yes
wantf.com: yes
wantg.com: yes
wanth.com: yes
wanti.com: yes
wantj.com: yes
wantk.com: yes
wantl.com: yes
wantm.com: yes
wantn.com: yes
wanto.com: yes
wantp.com: yes
wantq.com: yes
wantr.com: yes
wants.com: yes
wantt.com: yes
wantu.com: yes
wantv.com: yes
wantw.com: yes
wantx.com: yes
wanty.com: yes
wantz.com: yes
wanua.com: yes
wanub.com: yes
wanuc.com: yes
wanud.com: no ====== use register
wanue.com: yes
wanuf.com: yes
wanug.com: yes
wanuh.com: yes
wanui.com: yes
wanuj.com: yes
wanuk.com: yes
wanul.com: yes
wanum.com: yes
wanun.com: yes
wanuo.com: yes
wanup.com: yes
wanuq.com: yes
wanur.com: yes
wanus.com: yes
wanut.com: yes
wanuu.com: yes
wanuv.com: yes
wanuw.com: yes
wanux.com: yes
wanuy.com: yes
wanuz.com: yes
wanva.com: yes
wanvb.com: yes
wanvc.com: yes
wanvd.com: yes
wanve.com: yes
wanvf.com: yes
wanvg.com: yes
wanvh.com: yes
wanvi.com: yes
wanvj.com: yes
wanvk.com: no ====== use register
wanvl.com: yes
wanvm.com: yes
wanvn.com: yes
wanvo.com: yes
wanvp.com: yes
wanvq.com: yes
wanvr.com: yes
wanvs.com: yes
wanvt.com: yes
wanvu.com: yes
wanvv.com: yes
wanvw.com: yes
wanvx.com: yes
wanvy.com: yes
wanvz.com: yes
wanwa.com: yes
wanwb.com: yes
wanwc.com: yes
wanwd.com: yes
wanwe.com: yes
wanwf.com: yes
wanwg.com: yes
wanwh.com: yes
wanwi.com: yes
wanwj.com: yes
wanwk.com: yes
wanwl.com: yes
wanwm.com: yes
wanwn.com: yes
wanwo.com: yes
wanwp.com: yes
wanwq.com: yes
wanwr.com: yes
wanws.com: yes
wanwt.com: yes
wanwu.com: yes
wanwv.com: yes
wanww.com: yes
wanwx.com: yes
wanwy.com: yes
wanwz.com: yes
wanxa.com: yes
wanxb.com: yes
wanxc.com: yes
wanxd.com: yes
wanxe.com: yes
wanxf.com: yes
wanxg.com: yes
wanxh.com: yes
wanxi.com: yes
wanxj.com: yes
wanxk.com: yes
wanxl.com: yes
wanxm.com: yes
wanxn.com: yes
wanxo.com: yes
wanxp.com: yes
wanxq.com: yes
wanxr.com: yes
wanxs.com: yes
wanxt.com: yes
wanxu.com: yes
wanxv.com: yes
wanxw.com: yes
wanxx.com: yes
wanxy.com: yes
wanxz.com: yes
wanya.com: yes
wanyb.com: yes
wanyc.com: yes
wanyd.com: yes
wanye.com: yes
wanyf.com: yes
wanyg.com: yes
wanyh.com: yes
wanyi.com: yes
wanyj.com: yes
wanyk.com: yes
wanyl.com: yes
wanym.com: yes
wanyn.com: yes
wanyo.com: yes
wanyp.com: yes
wanyq.com: yes
wanyr.com: yes
wanys.com: yes
wanyt.com: yes
wanyu.com: yes
wanyv.com: yes
wanyw.com: yes
wanyx.com: yes
wanyy.com: yes
wanyz.com: yes
wanza.com: yes
wanzb.com: yes
wanzc.com: yes
wanzd.com: yes
wanze.com: yes
wanzf.com: yes
wanzg.com: yes
wanzh.com: yes
wanzi.com: yes
wanzj.com: yes
wanzk.com: yes
wanzl.com: yes
wanzm.com: yes
wanzn.com: yes
wanzo.com: yes
wanzp.com: yes
wanzq.com: yes
wanzr.com: yes
wanzs.com: yes
wanzt.com: yes
wanzu.com: yes
wanzv.com: yes
wanzw.com: yes
wanzx.com: yes
wanzy.com: yes
wanzz.com: yes
